#
# A fatal error has been detected by the Java Runtime Environment:
#
#  EXCEPTION_ACCESS_VIOLATION (0xc0000005) at pc=0x000000005d5416c4, pid=6732, tid=8020
#
# JRE version: Java(TM) SE Runtime Environment (8.0_05-b13) (build 1.8.0_05-b13)
# Java VM: Java HotSpot(TM) 64-Bit Server VM (25.5-b02 mixed mode windows-amd64 compressed oops)
# Problematic frame:
# V  [jvm.dll+0x1316c4]
#
# Failed to write core dump. Minidumps are not enabled by default on client versions of Windows
#
# If you would like to submit a bug report, please visit:
#   http://bugreport.sun.com/bugreport/crash.jsp
#

---------------  T H R E A D  ---------------

Current thread (0x000000001a6d8000):  JavaThread "AWT-EventQueue-0" [_thread_in_vm, id=8020, stack(0x000000001c060000,0x000000001c160000)]

siginfo: ExceptionCode=0xc0000005, reading address 0x0000000000000000

Registers:
RAX=0x0000000000000000, RBX=0x000000001a6d8000, RCX=0x0000000000000800, RDX=0x0000000000000000
RSP=0x000000001c15cb90, RBP=0x000000001c15cd10, RSI=0x0000000000000000, RDI=0x0000000000000000
R8 =0x0000000000000000, R9 =0x00000000d6402ba0, R10=0x0000000000000024, R11=0x000000005dbb9230
R12=0x000000001acf0ee8, R13=0x0000000000000000, R14=0x000000001c15cd10, R15=0x000000001a6d8000
RIP=0x000000005d5416c4, EFLAGS=0x0000000000010202

Top of Stack: (sp=0x000000001c15cb90)
0x000000001c15cb90:   0000000016fe8d88 0000000000000000
0x000000001c15cba0:   000000001c15cbd0 000000001c15cc18
0x000000001c15cbb0:   000000001a6d8000 0000000000000000
0x000000001c15cbc0:   0000000000000000 0000000000000002
0x000000001c15cbd0:   0000000017354ca0 0000000000000000
0x000000001c15cbe0:   000000001a6d81e0 000000006a8c2150
0x000000001c15cbf0:   000000001c15cd10 0000000002937380
0x000000001c15cc00:   0000000016fe90f8 0000000000000000
0x000000001c15cc10:   000000001c15cc28 000000001c15cc80
0x000000001c15cc20:   0000000002937380 000000008188bda8
0x000000001c15cc30:   0000000017354ca8 0000000000000002
0x000000001c15cc40:   0000000002937380 000000001c15cce8
0x000000001c15cc50:   0000000000000000 0000000002945c99
0x000000001c15cc60:   0000000000000000 0000000016fcdba0
0x000000001c15cc70:   0000000000000000 000000001c15cc90
0x000000001c15cc80:   000000001c15cce8 0000000002937380 

Instructions: (pc=0x000000005d5416c4)
0x000000005d5416a4:   89 5c 24 20 48 89 74 24 28 48 39 73 08 74 0a 48
0x000000005d5416b4:   8d 4c 24 20 e8 d3 a8 12 00 40 38 35 34 6c 67 00
0x000000005d5416c4:   48 8b 3f 48 63 05 0a e9 65 00 74 1b 8b 0c 38 85
0x000000005d5416d4:   c9 74 77 8b c1 8b 0d 69 1b 61 00 48 d3 e0 48 03 


Register to memory mapping:

RAX=0x0000000000000000 is an unknown value
RBX=0x000000001a6d8000 is a thread
RCX=0x0000000000000800 is an unknown value
RDX=0x0000000000000000 is an unknown value
RSP=0x000000001c15cb90 is pointing into the stack for thread: 0x000000001a6d8000
RBP=0x000000001c15cd10 is pointing into the stack for thread: 0x000000001a6d8000
RSI=0x0000000000000000 is an unknown value
RDI=0x0000000000000000 is an unknown value
R8 =0x0000000000000000 is an unknown value
R9 =0x00000000d6402ba0 is an oop
org.sqlite.core.NativeDB 
 - klass: 'org/sqlite/core/NativeDB'
R10=0x0000000000000024 is an unknown value
R11=0x000000005dbb9230 is an unknown value
R12=0x000000001acf0ee8 is an unknown value
R13=0x0000000000000000 is an unknown value
R14=0x000000001c15cd10 is pointing into the stack for thread: 0x000000001a6d8000
R15=0x000000001a6d8000 is a thread


Stack: [0x000000001c060000,0x000000001c160000],  sp=0x000000001c15cb90,  free space=1010k
Native frames: (J=compiled Java code, j=interpreted, Vv=VM code, C=native code)
V  [jvm.dll+0x1316c4]
C  [sqlite-3.8.2-amd64-sqlitejdbc.dll+0x2150]

Java frames: (J=compiled Java code, j=interpreted, Vv=VM code)
j  org.sqlite.core.NativeDB.prepare(Ljava/lang/String;)J+0
j  org.sqlite.core.DB.prepare(Lorg/sqlite/core/CoreStatement;)V+21
j  org.sqlite.jdbc3.JDBC3Statement.execute(Ljava/lang/String;)Z+35
j  com.database.rexam.SQLiteConnection.MaintenanceMachineOEEgetAverages(I)[I+272
j  com.maintenance.rexam.MachineOEE.setAverage(I)V+6
j  com.maintenance.rexam.MachineOEE$13.actionPerformed(Ljava/awt/event/ActionEvent;)V+2
j  javax.swing.AbstractButton.fireActionPerformed(Ljava/awt/event/ActionEvent;)V+83
j  javax.swing.AbstractButton$Handler.actionPerformed(Ljava/awt/event/ActionEvent;)V+5
j  javax.swing.DefaultButtonModel.fireActionPerformed(Ljava/awt/event/ActionEvent;)V+34
j  javax.swing.DefaultButtonModel.setPressed(Z)V+117
j  javax.swing.plaf.basic.BasicButtonListener.mouseReleased(Ljava/awt/event/MouseEvent;)V+35
j  java.awt.Component.processMouseEvent(Ljava/awt/event/MouseEvent;)V+64
j  javax.swing.JComponent.processMouseEvent(Ljava/awt/event/MouseEvent;)V+23
j  java.awt.Component.processEvent(Ljava/awt/AWTEvent;)V+81
j  java.awt.Container.processEvent(Ljava/awt/AWTEvent;)V+18
j  java.awt.Component.dispatchEventImpl(Ljava/awt/AWTEvent;)V+589
J 1475 C1 java.awt.Container.dispatchEventImpl(Ljava/awt/AWTEvent;)V (129 bytes) @ 0x0000000002dd7a7c [0x0000000002dd7940+0x13c]
J 1482 C1 java.awt.Component.dispatchEvent(Ljava/awt/AWTEvent;)V (6 bytes) @ 0x0000000002dda5fc [0x0000000002dda500+0xfc]
j  java.awt.LightweightDispatcher.retargetMouseEvent(Ljava/awt/Component;ILjava/awt/event/MouseEvent;)V+327
j  java.awt.LightweightDispatcher.processMouseEvent(Ljava/awt/event/MouseEvent;)Z+143
j  java.awt.LightweightDispatcher.dispatchEvent(Ljava/awt/AWTEvent;)Z+50
J 1475 C1 java.awt.Container.dispatchEventImpl(Ljava/awt/AWTEvent;)V (129 bytes) @ 0x0000000002dd7a1c [0x0000000002dd7940+0xdc]
j  java.awt.Window.dispatchEventImpl(Ljava/awt/AWTEvent;)V+19
J 1482 C1 java.awt.Component.dispatchEvent(Ljava/awt/AWTEvent;)V (6 bytes) @ 0x0000000002dda5fc [0x0000000002dda500+0xfc]
j  java.awt.EventQueue.dispatchEventImpl(Ljava/awt/AWTEvent;Ljava/lang/Object;)V+41
j  java.awt.EventQueue.access$400(Ljava/awt/EventQueue;Ljava/awt/AWTEvent;Ljava/lang/Object;)V+3
j  java.awt.EventQueue$3.run()Ljava/lang/Void;+32
J 1444 C1 java.awt.EventQueue$3.run()Ljava/lang/Object; (5 bytes) @ 0x0000000002da7e84 [0x0000000002da7e00+0x84]
v  ~StubRoutines::call_stub
J 1028  java.security.AccessController.doPrivileged(Ljava/security/PrivilegedAction;Ljava/security/AccessControlContext;)Ljava/lang/Object; (0 bytes) @ 0x0000000002c8a9e6 [0x0000000002c8a980+0x66]
J 1038 C1 java.security.ProtectionDomain$1.doIntersectionPrivilege(Ljava/security/PrivilegedAction;Ljava/security/AccessControlContext;Ljava/security/AccessControlContext;)Ljava/lang/Object; (32 bytes) @ 0x0000000002c8fb8c [0x0000000002c8f8a0+0x2ec]
j  java.security.ProtectionDomain$1.doIntersectionPrivilege(Ljava/security/PrivilegedAction;Ljava/security/AccessControlContext;)Ljava/lang/Object;+6
j  java.awt.EventQueue$4.run()Ljava/lang/Void;+11
j  java.awt.EventQueue$4.run()Ljava/lang/Object;+1
v  ~StubRoutines::call_stub
J 1028  java.security.AccessController.doPrivileged(Ljava/security/PrivilegedAction;Ljava/security/AccessControlContext;)Ljava/lang/Object; (0 bytes) @ 0x0000000002c8a9e6 [0x0000000002c8a980+0x66]
J 1440 C1 java.awt.EventQueue.dispatchEvent(Ljava/awt/AWTEvent;)V (80 bytes) @ 0x0000000002daf864 [0x0000000002daec80+0xbe4]
J 1445 C1 java.awt.EventDispatchThread.pumpOneEventForFilters(I)V (295 bytes) @ 0x0000000002dc2d34 [0x0000000002dc1240+0x1af4]
j  java.awt.EventDispatchThread.pumpEventsForFilter(ILjava/awt/Conditional;Ljava/awt/EventFilter;)V+35
j  java.awt.EventDispatchThread.pumpEventsForHierarchy(ILjava/awt/Conditional;Ljava/awt/Component;)V+11
j  java.awt.EventDispatchThread.pumpEvents(ILjava/awt/Conditional;)V+4
j  java.awt.EventDispatchThread.pumpEvents(Ljava/awt/Conditional;)V+3
j  java.awt.EventDispatchThread.run()V+9
v  ~StubRoutines::call_stub

---------------  P R O C E S S  ---------------

Java Threads: ( => current thread )
  0x000000001a9e1000 JavaThread "TimerQueue" daemon [_thread_blocked, id=6716, stack(0x000000001bc70000,0x000000001bd70000)]
  0x0000000002830800 JavaThread "DestroyJavaVM" [_thread_blocked, id=4412, stack(0x0000000002730000,0x0000000002830000)]
=>0x000000001a6d8000 JavaThread "AWT-EventQueue-0" [_thread_in_vm, id=8020, stack(0x000000001c060000,0x000000001c160000)]
  0x000000001a653800 JavaThread "AWT-Windows" daemon [_thread_in_native, id=7256, stack(0x000000001b3b0000,0x000000001b4b0000)]
  0x000000001a652800 JavaThread "AWT-Shutdown" [_thread_blocked, id=7248, stack(0x000000001b2b0000,0x000000001b3b0000)]
  0x000000001a60d800 JavaThread "Java2D Disposer" daemon [_thread_blocked, id=4980, stack(0x000000001b1b0000,0x000000001b2b0000)]
  0x0000000019977800 JavaThread "Service Thread" daemon [_thread_blocked, id=6828, stack(0x000000001a2b0000,0x000000001a3b0000)]
  0x0000000019936800 JavaThread "C1 CompilerThread3" daemon [_thread_blocked, id=4044, stack(0x000000001a1b0000,0x000000001a2b0000)]
  0x0000000019926800 JavaThread "C2 CompilerThread2" daemon [_thread_blocked, id=4408, stack(0x000000001a0b0000,0x000000001a1b0000)]
  0x00000000198df800 JavaThread "C2 CompilerThread1" daemon [_thread_blocked, id=7488, stack(0x0000000019fb0000,0x000000001a0b0000)]
  0x00000000198d8000 JavaThread "C2 CompilerThread0" daemon [_thread_blocked, id=7808, stack(0x0000000019eb0000,0x0000000019fb0000)]
  0x00000000198d6000 JavaThread "Attach Listener" daemon [_thread_blocked, id=4192, stack(0x0000000019db0000,0x0000000019eb0000)]
  0x00000000198d5800 JavaThread "Signal Dispatcher" daemon [_thread_blocked, id=6452, stack(0x0000000019cb0000,0x0000000019db0000)]
  0x0000000002927800 JavaThread "Finalizer" daemon [_thread_blocked, id=7404, stack(0x00000000197b0000,0x00000000198b0000)]
  0x00000000178cc800 JavaThread "Reference Handler" daemon [_thread_blocked, id=4536, stack(0x00000000196b0000,0x00000000197b0000)]

Other Threads:
  0x00000000178c8800 VMThread [stack: 0x00000000195b0000,0x00000000196b0000] [id=6328]
  0x000000001997a000 WatcherThread [stack: 0x000000001a3b0000,0x000000001a4b0000] [id=7284]

VM state:not at safepoint (normal execution)

VM Mutex/Monitor currently owned by a thread: None

Heap:
 PSYoungGen      total 10240K, used 8996K [0x00000000d5d80000, 0x00000000d6a80000, 0x0000000100000000)
  eden space 7168K, 93% used [0x00000000d5d80000,0x00000000d640b7a8,0x00000000d6480000)
  from space 3072K, 74% used [0x00000000d6780000,0x00000000d69bdb58,0x00000000d6a80000)
  to   space 3072K, 0% used [0x00000000d6480000,0x00000000d6480000,0x00000000d6780000)
 ParOldGen       total 129536K, used 4961K [0x0000000081800000, 0x0000000089680000, 0x00000000d5d80000)
  object space 129536K, 3% used [0x0000000081800000,0x0000000081cd8580,0x0000000089680000)
 Metaspace       used 14590K, capacity 14764K, committed 15104K, reserved 1062912K
  class space    used 1853K, capacity 1921K, committed 2048K, reserved 1048576K

Card table byte_map: [0x0000000011cf0000,0x00000000120f0000] byte_map_base: 0x00000000118e4000

Marking Bits: (ParMarkBitMap*) 0x000000005dbc13b0
 Begin Bits: [0x0000000012ba0000, 0x0000000014b40000)
 End Bits:   [0x0000000014b40000, 0x0000000016ae0000)

Polling page: 0x0000000000f30000

CodeCache: size=245760Kb used=4767Kb max_used=4767Kb free=240992Kb
 bounds [0x0000000002930000, 0x0000000002de0000, 0x0000000011930000]
 total_blobs=2042 nmethods=1486 adapters=469
 compilation: enabled

Compilation events (10 events):
Event: 4.564 Thread 0x0000000019936800 1481       3       sun.dc.pr.Rasterizer::setUsage (151 bytes)
Event: 4.565 Thread 0x0000000019936800 nmethod 1481 0x0000000002dd97d0 code [0x0000000002dd9a00, 0x0000000002dda088]
Event: 4.565 Thread 0x0000000019936800 1482       3       java.awt.Component::dispatchEvent (6 bytes)
Event: 4.565 Thread 0x0000000019936800 nmethod 1482 0x0000000002dda390 code [0x0000000002dda500, 0x0000000002dda708]
Event: 4.565 Thread 0x0000000019936800 1483       3       javax.swing.plaf.synth.SynthLookAndFeel::getSelectedUI (13 bytes)
Event: 4.565 Thread 0x0000000019936800 nmethod 1483 0x0000000002dda790 code [0x0000000002dda900, 0x0000000002ddac18]
Event: 4.566 Thread 0x0000000019936800 1484       3       javax.swing.JComponent::isOptimizedDrawingEnabled (2 bytes)
Event: 4.566 Thread 0x0000000019936800 nmethod 1484 0x0000000002ddad10 code [0x0000000002ddae60, 0x0000000002ddafb0]
Event: 4.566 Thread 0x0000000019936800 1485   !   3       sun.dc.pr.Rasterizer::appendCubic (55 bytes)
Event: 4.566 Thread 0x0000000019936800 nmethod 1485 0x0000000002ddb3d0 code [0x0000000002ddb580, 0x0000000002ddb9b8]

GC Heap History (10 events):
Event: 0.211 GC heap before
{Heap before GC invocations=4 (full 0):
 PSYoungGen      total 1536K, used 1536K [0x00000000d5d80000, 0x00000000d6080000, 0x0000000100000000)
  eden space 1024K, 100% used [0x00000000d5d80000,0x00000000d5e80000,0x00000000d5e80000)
  from space 512K, 100% used [0x00000000d5e80000,0x00000000d5f00000,0x00000000d5f00000)
  to   space 512K, 0% used [0x00000000d6000000,0x00000000d6000000,0x00000000d6080000)
 ParOldGen       total 129536K, used 169K [0x0000000081800000, 0x0000000089680000, 0x00000000d5d80000)
  object space 129536K, 0% used [0x0000000081800000,0x000000008182a760,0x0000000089680000)
 Metaspace       used 4893K, capacity 5296K, committed 5504K, reserved 1056768K
  class space    used 512K, capacity 556K, committed 640K, reserved 1048576K
Event: 0.212 GC heap after
Heap after GC invocations=4 (full 0):
 PSYoungGen      total 2560K, used 496K [0x00000000d5d80000, 0x00000000d6080000, 0x0000000100000000)
  eden space 2048K, 0% used [0x00000000d5d80000,0x00000000d5d80000,0x00000000d5f80000)
  from space 512K, 96% used [0x00000000d6000000,0x00000000d607c010,0x00000000d6080000)
  to   space 512K, 0% used [0x00000000d5f80000,0x00000000d5f80000,0x00000000d6000000)
 ParOldGen       total 129536K, used 541K [0x0000000081800000, 0x0000000089680000, 0x00000000d5d80000)
  object space 129536K, 0% used [0x0000000081800000,0x0000000081887790,0x0000000089680000)
 Metaspace       used 4893K, capacity 5296K, committed 5504K, reserved 1056768K
  class space    used 512K, capacity 556K, committed 640K, reserved 1048576K
}
Event: 0.467 GC heap before
{Heap before GC invocations=5 (full 0):
 PSYoungGen      total 2560K, used 2544K [0x00000000d5d80000, 0x00000000d6080000, 0x0000000100000000)
  eden space 2048K, 100% used [0x00000000d5d80000,0x00000000d5f80000,0x00000000d5f80000)
  from space 512K, 96% used [0x00000000d6000000,0x00000000d607c010,0x00000000d6080000)
  to   space 512K, 0% used [0x00000000d5f80000,0x00000000d5f80000,0x00000000d6000000)
 ParOldGen       total 129536K, used 541K [0x0000000081800000, 0x0000000089680000, 0x00000000d5d80000)
  object space 129536K, 0% used [0x0000000081800000,0x0000000081887790,0x0000000089680000)
 Metaspace       used 8334K, capacity 8464K, committed 8704K, reserved 1056768K
  class space    used 890K, capacity 918K, committed 1024K, reserved 1048576K
Event: 0.469 GC heap after
Heap after GC invocations=5 (full 0):
 PSYoungGen      total 2560K, used 496K [0x00000000d5d80000, 0x00000000d6480000, 0x0000000100000000)
  eden space 2048K, 0% used [0x00000000d5d80000,0x00000000d5d80000,0x00000000d5f80000)
  from space 512K, 96% used [0x00000000d5f80000,0x00000000d5ffc010,0x00000000d6000000)
  to   space 1536K, 0% used [0x00000000d6300000,0x00000000d6300000,0x00000000d6480000)
 ParOldGen       total 129536K, used 1299K [0x0000000081800000, 0x0000000089680000, 0x00000000d5d80000)
  object space 129536K, 1% used [0x0000000081800000,0x0000000081944e90,0x0000000089680000)
 Metaspace       used 8334K, capacity 8464K, committed 8704K, reserved 1056768K
  class space    used 890K, capacity 918K, committed 1024K, reserved 1048576K
}
Event: 0.755 GC heap before
{Heap before GC invocations=6 (full 0):
 PSYoungGen      total 2560K, used 2544K [0x00000000d5d80000, 0x00000000d6480000, 0x0000000100000000)
  eden space 2048K, 100% used [0x00000000d5d80000,0x00000000d5f80000,0x00000000d5f80000)
  from space 512K, 96% used [0x00000000d5f80000,0x00000000d5ffc010,0x00000000d6000000)
  to   space 1536K, 0% used [0x00000000d6300000,0x00000000d6300000,0x00000000d6480000)
 ParOldGen       total 129536K, used 1299K [0x0000000081800000, 0x0000000089680000, 0x00000000d5d80000)
  object space 129536K, 1% used [0x0000000081800000,0x0000000081944e90,0x0000000089680000)
 Metaspace       used 12126K, capacity 12296K, committed 12416K, reserved 1060864K
  class space    used 1540K, capacity 1595K, committed 1664K, reserved 1048576K
Event: 0.759 GC heap after
Heap after GC invocations=6 (full 0):
 PSYoungGen      total 5120K, used 1456K [0x00000000d5d80000, 0x00000000d6580000, 0x0000000100000000)
  eden space 3584K, 0% used [0x00000000d5d80000,0x00000000d5d80000,0x00000000d6100000)
  from space 1536K, 94% used [0x00000000d6300000,0x00000000d646c010,0x00000000d6480000)
  to   space 2048K, 0% used [0x00000000d6100000,0x00000000d6100000,0x00000000d6300000)
 ParOldGen       total 129536K, used 1307K [0x0000000081800000, 0x0000000089680000, 0x00000000d5d80000)
  object space 129536K, 1% used [0x0000000081800000,0x0000000081946e90,0x0000000089680000)
 Metaspace       used 12126K, capacity 12296K, committed 12416K, reserved 1060864K
  class space    used 1540K, capacity 1595K, committed 1664K, reserved 1048576K
}
Event: 1.147 GC heap before
{Heap before GC invocations=7 (full 0):
 PSYoungGen      total 5120K, used 5040K [0x00000000d5d80000, 0x00000000d6580000, 0x0000000100000000)
  eden space 3584K, 100% used [0x00000000d5d80000,0x00000000d6100000,0x00000000d6100000)
  from space 1536K, 94% used [0x00000000d6300000,0x00000000d646c010,0x00000000d6480000)
  to   space 2048K, 0% used [0x00000000d6100000,0x00000000d6100000,0x00000000d6300000)
 ParOldGen       total 129536K, used 1307K [0x0000000081800000, 0x0000000089680000, 0x00000000d5d80000)
  object space 129536K, 1% used [0x0000000081800000,0x0000000081946e90,0x0000000089680000)
 Metaspace       used 13994K, capacity 14138K, committed 14208K, reserved 1060864K
  class space    used 1822K, capacity 1886K, committed 1920K, reserved 1048576K
Event: 1.150 GC heap after
Heap after GC invocations=7 (full 0):
 PSYoungGen      total 5632K, used 2038K [0x00000000d5d80000, 0x00000000d6a80000, 0x0000000100000000)
  eden space 3584K, 0% used [0x00000000d5d80000,0x00000000d5d80000,0x00000000d6100000)
  from space 2048K, 99% used [0x00000000d6100000,0x00000000d62fdb58,0x00000000d6300000)
  to   space 3072K, 0% used [0x00000000d6780000,0x00000000d6780000,0x00000000d6a80000)
 ParOldGen       total 129536K, used 2451K [0x0000000081800000, 0x0000000089680000, 0x00000000d5d80000)
  object space 129536K, 1% used [0x0000000081800000,0x0000000081a64ed0,0x0000000089680000)
 Metaspace       used 13994K, capacity 14138K, committed 14208K, reserved 1060864K
  class space    used 1822K, capacity 1886K, committed 1920K, reserved 1048576K
}
Event: 2.278 GC heap before
{Heap before GC invocations=8 (full 0):
 PSYoungGen      total 5632K, used 5622K [0x00000000d5d80000, 0x00000000d6a80000, 0x0000000100000000)
  eden space 3584K, 100% used [0x00000000d5d80000,0x00000000d6100000,0x00000000d6100000)
  from space 2048K, 99% used [0x00000000d6100000,0x00000000d62fdb58,0x00000000d6300000)
  to   space 3072K, 0% used [0x00000000d6780000,0x00000000d6780000,0x00000000d6a80000)
 ParOldGen       total 129536K, used 2451K [0x0000000081800000, 0x0000000089680000, 0x00000000d5d80000)
  object space 129536K, 1% used [0x0000000081800000,0x0000000081a64ed0,0x0000000089680000)
 Metaspace       used 14337K, capacity 14458K, committed 14720K, reserved 1062912K
  class space    used 1848K, capacity 1886K, committed 1920K, reserved 1048576K
Event: 2.281 GC heap after
Heap after GC invocations=8 (full 0):
 PSYoungGen      total 10240K, used 2294K [0x00000000d5d80000, 0x00000000d6a80000, 0x0000000100000000)
  eden space 7168K, 0% used [0x00000000d5d80000,0x00000000d5d80000,0x00000000d6480000)
  from space 3072K, 74% used [0x00000000d6780000,0x00000000d69bdb58,0x00000000d6a80000)
  to   space 3072K, 0% used [0x00000000d6480000,0x00000000d6480000,0x00000000d6780000)
 ParOldGen       total 129536K, used 4961K [0x0000000081800000, 0x0000000089680000, 0x00000000d5d80000)
  object space 129536K, 3% used [0x0000000081800000,0x0000000081cd8580,0x0000000089680000)
 Metaspace       used 14337K, capacity 14458K, committed 14720K, reserved 1062912K
  class space    used 1848K, capacity 1886K, committed 1920K, reserved 1048576K
}

Deoptimization events (7 events):
Event: 0.269 Thread 0x0000000002830800 Uncommon trap: reason=unloaded action=reinterpret pc=0x0000000002a9c524 method=org.sqlite.SQLiteJDBCLoader.md5sum(Ljava/io/InputStream;)Ljava/lang/String; @ 35
Event: 0.270 Thread 0x0000000002830800 Uncommon trap: reason=unreached action=reinterpret pc=0x0000000002a9b3b0 method=sun.security.provider.DigestBase.engineUpdate(B)V @ 4
Event: 0.731 Thread 0x0000000002830800 Uncommon trap: reason=unreached action=reinterpret pc=0x0000000002b40208 method=java.util.HashMap.getNode(ILjava/lang/Object;)Ljava/util/HashMap$Node; @ 84
Event: 0.731 Thread 0x0000000002830800 Uncommon trap: reason=unreached action=reinterpret pc=0x0000000002b4e3c8 method=java.util.HashMap.getNode(ILjava/lang/Object;)Ljava/util/HashMap$Node; @ 84
Event: 0.817 Thread 0x0000000002830800 Uncommon trap: reason=unreached action=reinterpret pc=0x0000000002b391b0 method=java.util.HashMap.putVal(ILjava/lang/Object;Ljava/lang/Object;ZZ)Ljava/lang/Object; @ 109
Event: 0.818 Thread 0x0000000002830800 Uncommon trap: reason=unreached action=reinterpret pc=0x0000000002b3b968 method=java.util.HashMap.putVal(ILjava/lang/Object;Ljava/lang/Object;ZZ)Ljava/lang/Object; @ 109
Event: 0.827 Thread 0x0000000002830800 Uncommon trap: reason=null_check action=make_not_entrant pc=0x0000000002b82128 method=javax.swing.plaf.nimbus.DerivedColor.equals(Ljava/lang/Object;)Z @ 8

Internal exceptions (10 events):
Event: 2.292 Thread 0x000000001a6d8000 Exception <a 'java/lang/ClassNotFoundException': ToolTip> (0x00000000d5db7f48) thrown at [D:\re\workspace\8-2-build-windows-amd64-cygwin\jdk8u5\2488\hotspot\src\share\vm\classfile\systemDictionary.cpp, line 202]
Event: 2.292 Thread 0x000000001a6d8000 Exception <a 'java/lang/ClassNotFoundException': Tree> (0x00000000d5db8710) thrown at [D:\re\workspace\8-2-build-windows-amd64-cygwin\jdk8u5\2488\hotspot\src\share\vm\classfile\systemDictionary.cpp, line 202]
Event: 2.293 Thread 0x000000001a6d8000 Exception <a 'java/lang/ClassNotFoundException': Tree> (0x00000000d5db8f40) thrown at [D:\re\workspace\8-2-build-windows-amd64-cygwin\jdk8u5\2488\hotspot\src\share\vm\classfile\systemDictionary.cpp, line 202]
Event: 2.293 Thread 0x000000001a6d8000 Exception <a 'java/lang/ClassNotFoundException': javax/swing/JTreeCell> (0x00000000d5db93f8) thrown at [D:\re\workspace\8-2-build-windows-amd64-cygwin\jdk8u5\2488\hotspot\src\share\vm\classfile\systemDictionary.cpp, line 202]
Event: 2.293 Thread 0x000000001a6d8000 Exception <a 'java/lang/ClassNotFoundException': TreeCell> (0x00000000d5db99b8) thrown at [D:\re\workspace\8-2-build-windows-amd64-cygwin\jdk8u5\2488\hotspot\src\share\vm\classfile\systemDictionary.cpp, line 202]
Event: 2.293 Thread 0x000000001a6d8000 Exception <a 'java/lang/ClassNotFoundException': RootPane> (0x00000000d5dba310) thrown at [D:\re\workspace\8-2-build-windows-amd64-cygwin\jdk8u5\2488\hotspot\src\share\vm\classfile\systemDictionary.cpp, line 202]
Event: 2.296 Thread 0x000000001a6d8000 Exception <a 'java/security/PrivilegedActionException'> (0x00000000d5debb10) thrown at [D:\re\workspace\8-2-build-windows-amd64-cygwin\jdk8u5\2488\hotspot\src\share\vm\prims\jvm.cpp, line 1248]
Event: 2.297 Thread 0x000000001a6d8000 Exception <a 'java/security/PrivilegedActionException'> (0x00000000d5dee8b0) thrown at [D:\re\workspace\8-2-build-windows-amd64-cygwin\jdk8u5\2488\hotspot\src\share\vm\prims\jvm.cpp, line 1248]
Event: 2.298 Thread 0x000000001a6d8000 Exception <a 'java/security/PrivilegedActionException'> (0x00000000d5df2cc0) thrown at [D:\re\workspace\8-2-build-windows-amd64-cygwin\jdk8u5\2488\hotspot\src\share\vm\prims\jvm.cpp, line 1248]
Event: 2.298 Thread 0x000000001a6d8000 Exception <a 'java/security/PrivilegedActionException'> (0x00000000d5df5a90) thrown at [D:\re\workspace\8-2-build-windows-amd64-cygwin\jdk8u5\2488\hotspot\src\share\vm\prims\jvm.cpp, line 1248]

Events (10 events):
Event: 2.526 Thread 0x000000001a6d8000 DEOPT PACKING pc=0x0000000002c1ab5a sp=0x000000001c15b6b0
Event: 2.526 Thread 0x000000001a6d8000 DEOPT UNPACKING pc=0x0000000002977604 sp=0x000000001c15b3b0 mode 0
Event: 2.529 Thread 0x000000001a6d8000 DEOPT PACKING pc=0x0000000002c1ab5a sp=0x000000001c15b6b0
Event: 2.529 Thread 0x000000001a6d8000 DEOPT UNPACKING pc=0x0000000002977604 sp=0x000000001c15b3b0 mode 0
Event: 2.537 Thread 0x000000001a6d8000 DEOPT PACKING pc=0x0000000002c1ab5a sp=0x000000001c15b600
Event: 2.537 Thread 0x000000001a6d8000 DEOPT UNPACKING pc=0x0000000002977604 sp=0x000000001c15b300 mode 0
Event: 2.614 Executing VM operation: ForceSafepoint
Event: 2.614 Executing VM operation: ForceSafepoint done
Event: 4.103 Executing VM operation: EnableBiasedLocking
Event: 4.104 Executing VM operation: EnableBiasedLocking done


Dynamic libraries:
0x00007ff71cc70000 - 0x00007ff71cca4000 	C:\Program Files\Java\jdk1.8.0_05\bin\java.exe
0x00007fff07200000 - 0x00007fff073aa000 	C:\WINDOWS\SYSTEM32\ntdll.dll
0x00007fff06ad0000 - 0x00007fff06c0a000 	C:\WINDOWS\system32\KERNEL32.DLL
0x00007fff04970000 - 0x00007fff04a7f000 	C:\WINDOWS\system32\KERNELBASE.dll
0x000000005e970000 - 0x000000005ea02000 	C:\Program Files\Bitdefender\Antivirus Free Edition\avc3\avc3_sig_260\avcuf64.dll
0x00007fff03170000 - 0x00007fff031f8000 	C:\WINDOWS\system32\apphelp.dll
0x00007ffefabf0000 - 0x00007ffefac3f000 	C:\WINDOWS\AppPatch\AppPatch64\AcGenral.DLL
0x00007fff04e30000 - 0x00007fff04ed7000 	C:\WINDOWS\system32\msvcrt.dll
0x00007fff043b0000 - 0x00007fff043db000 	C:\WINDOWS\SYSTEM32\SspiCli.dll
0x00007fff06950000 - 0x00007fff069a1000 	C:\WINDOWS\system32\SHLWAPI.dll
0x00007fff04ee0000 - 0x00007fff05051000 	C:\WINDOWS\system32\USER32.dll
0x00007fff067d0000 - 0x00007fff06948000 	C:\WINDOWS\system32\ole32.dll
0x00007fff05210000 - 0x00007fff0662f000 	C:\WINDOWS\system32\SHELL32.dll
0x00007fff03b80000 - 0x00007fff03b9e000 	C:\WINDOWS\SYSTEM32\USERENV.dll
0x00007fff04d70000 - 0x00007fff04e15000 	C:\WINDOWS\system32\ADVAPI32.dll
0x00007ffef5c50000 - 0x00007ffef5c6b000 	C:\WINDOWS\SYSTEM32\MPR.dll
0x00007fff06630000 - 0x00007fff06767000 	C:\WINDOWS\system32\RPCRT4.dll
0x00007fff06a70000 - 0x00007fff06ac7000 	C:\WINDOWS\SYSTEM32\sechost.dll
0x00007fff04a80000 - 0x00007fff04c56000 	C:\WINDOWS\SYSTEM32\combase.dll
0x00007fff070b0000 - 0x00007fff071f4000 	C:\WINDOWS\system32\GDI32.dll
0x00007fff04570000 - 0x00007fff04584000 	C:\WINDOWS\SYSTEM32\profapi.dll
0x00007fff02800000 - 0x00007fff0289f000 	C:\WINDOWS\SYSTEM32\SHCORE.dll
0x00007fff04c70000 - 0x00007fff04ca4000 	C:\WINDOWS\system32\IMM32.DLL
0x00007fff06cb0000 - 0x00007fff06de9000 	C:\WINDOWS\system32\MSCTF.dll
0x00007fff01930000 - 0x00007fff01b8a000 	C:\WINDOWS\WinSxS\amd64_microsoft.windows.common-controls_6595b64144ccf1df_6.0.9600.17031_none_6242a4b3ecbb55a1\COMCTL32.dll
0x000000005d330000 - 0x000000005d402000 	C:\Program Files\Java\jdk1.8.0_05\jre\bin\msvcr100.dll
0x000000005d410000 - 0x000000005dc3a000 	C:\Program Files\Java\jdk1.8.0_05\jre\bin\server\jvm.dll
0x00007ffeff340000 - 0x00007ffeff349000 	C:\WINDOWS\SYSTEM32\WSOCK32.dll
0x00007ffefe580000 - 0x00007ffefe59f000 	C:\WINDOWS\SYSTEM32\WINMM.dll
0x00007fff05060000 - 0x00007fff05067000 	C:\WINDOWS\system32\PSAPI.DLL
0x00007fff07050000 - 0x00007fff070a8000 	C:\WINDOWS\system32\WS2_32.dll
0x00007ffefe450000 - 0x00007ffefe47a000 	C:\WINDOWS\SYSTEM32\WINMMBASE.dll
0x00007fff04e20000 - 0x00007fff04e29000 	C:\WINDOWS\system32\NSI.dll
0x00007fff046f0000 - 0x00007fff0473a000 	C:\WINDOWS\SYSTEM32\cfgmgr32.dll
0x00007fff03410000 - 0x00007fff03436000 	C:\WINDOWS\SYSTEM32\DEVOBJ.dll
0x000000005ea10000 - 0x000000005ea1f000 	C:\Program Files\Java\jdk1.8.0_05\jre\bin\verify.dll
0x000000005d2c0000 - 0x000000005d2e8000 	C:\Program Files\Java\jdk1.8.0_05\jre\bin\java.dll
0x000000005d2a0000 - 0x000000005d2b6000 	C:\Program Files\Java\jdk1.8.0_05\jre\bin\zip.dll
0x000000006a8c0000 - 0x000000006a976000 	C:\Users\Chris\AppData\Local\Temp\sqlite-3.8.2-amd64-sqlitejdbc.dll
0x000000005d0c0000 - 0x000000005d256000 	C:\Program Files\Java\jdk1.8.0_05\jre\bin\awt.dll
0x00007fff069b0000 - 0x00007fff06a67000 	C:\WINDOWS\system32\OLEAUT32.dll
0x00007fff032c0000 - 0x00007fff033e1000 	C:\WINDOWS\system32\uxtheme.dll
0x00007fff02630000 - 0x00007fff02650000 	C:\WINDOWS\system32\dwmapi.dll
0x00007fff03440000 - 0x00007fff0344a000 	C:\WINDOWS\SYSTEM32\kernel.appcore.dll
0x00007fff04440000 - 0x00007fff0444a000 	C:\WINDOWS\SYSTEM32\CRYPTBASE.dll
0x00007fff043e0000 - 0x00007fff04440000 	C:\WINDOWS\SYSTEM32\bcryptPrimitives.dll
0x000000005d070000 - 0x000000005d0b7000 	C:\Program Files\Java\jdk1.8.0_05\jre\bin\fontmanager.dll
0x000000005d280000 - 0x000000005d29a000 	C:\Program Files\Java\jdk1.8.0_05\jre\bin\net.dll
0x00007fff03dd0000 - 0x00007fff03e28000 	C:\WINDOWS\system32\mswsock.dll
0x000000005d260000 - 0x000000005d271000 	C:\Program Files\Java\jdk1.8.0_05\jre\bin\nio.dll
0x000000005d020000 - 0x000000005d061000 	C:\Program Files\Java\jdk1.8.0_05\jre\bin\t2k.dll
0x00007fff04cb0000 - 0x00007fff04d54000 	C:\WINDOWS\SYSTEM32\clbcatq.dll
0x00007fff01e30000 - 0x00007fff01fc3000 	C:\WINDOWS\SYSTEM32\WindowsCodecs.dll
0x00007fff03e30000 - 0x00007fff03e4e000 	C:\WINDOWS\SYSTEM32\CRYPTSP.dll
0x00007fff03a70000 - 0x00007fff03aa5000 	C:\WINDOWS\system32\rsaenh.dll
0x00007fff04060000 - 0x00007fff04086000 	C:\WINDOWS\SYSTEM32\bcrypt.dll
0x000000005cff0000 - 0x000000005d01a000 	C:\Program Files\Java\jdk1.8.0_05\jre\bin\dcpr.dll
0x00007fff02fe0000 - 0x00007fff03168000 	C:\WINDOWS\SYSTEM32\dbghelp.dll

VM Arguments:
jvm_args: -Dfile.encoding=UTF-8 
java_command: com.maintenance.rexam.MachineOEE
java_class_path (initial): C:\Users\Chris\Documents\SPRING\Rexam3\bin\commons-beanutils-1.8.0.jar;C:\Users\Chris\Documents\SPRING\Rexam3\bin\commons-collections-3.2.1.jar;C:\Users\Chris\Documents\SPRING\Rexam3\bin\commons-digester-2.1.jar;C:\Users\Chris\Documents\SPRING\Rexam3\bin\commons-javaflow-20060411.jar;C:\Users\Chris\Documents\SPRING\Rexam3\commons-logging-1.1.1.jar;C:\Users\Chris\Documents\SPRING\Rexam3\src\groovy-all-2.0.1.jar;C:\Users\Chris\Documents\SPRING\Rexam3\src\iText-2.1.7.js2.jar;C:\Users\Chris\Documents\SPRING\Rexam3\src\png-encoder-1.5.jar;C:\Users\Chris\Documents\SPRING\Rexam3\src\poi-3.7-20101029.jar;C:\Users\Chris\Documents\SPRING\Rexam3\jasperreports-5.6.0.jar;C:\Users\Chris\Documents\SPRING\Rexam3\sqlite-jdbc4-3.8.2-SNAPSHOT.jar;C:\Users\Chris\Documents\SPRING\Rexam3\pdfbox-app-1.8.6.jar;C:\Users\Chris\Documents\SPRING\Rexam3\jdatepicker-1.3.2.jar;C:\Users\Chris\Documents\SPRING\Rexam4\Libraries\poi-3.10.1\poi-3.10.1-20140818.jar;C:\Users\Chris\Documents\SPRING\Rexam4\build\classes
Launcher Type: SUN_STANDARD

Environment Variables:
PATH=C:\ProgramData\Oracle\Java\javapath;C:\tools\jasperreports-5.0.1\dist\jasperreports-5.6.0.jar;C:\tools\jasperreports-5.6.0\lib;
USERNAME=Chris
OS=Windows_NT
PROCESSOR_IDENTIFIER=Intel64 Family 6 Model 58 Stepping 9, GenuineIntel



---------------  S Y S T E M  ---------------

OS: Windows 8.1 , 64 bit Build 9600 

CPU:total 8 (4 cores per cpu, 2 threads per core) family 6 model 58 stepping 9, cmov, cx8, fxsr, mmx, sse, sse2, sse3, ssse3, sse4.1, sse4.2, popcnt, avx, aes, clmul, erms, ht, tsc, tscinvbit

Memory: 4k page, physical 8282680k(3553984k free), swap 20865592k(13213232k free)

vm_info: Java HotSpot(TM) 64-Bit Server VM (25.5-b02) for windows-amd64 JRE (1.8.0_05-b13), built on Mar 18 2014 01:08:39 by "java_re" with MS VC++ 10.0 (VS2010)

time: Wed Oct 01 10:09:36 2014
elapsed time: 4 seconds

