#
# A fatal error has been detected by the Java Runtime Environment:
#
#  EXCEPTION_ACCESS_VIOLATION (0xc0000005) at pc=0x000000005d5416c4, pid=8116, tid=8140
#
# JRE version: Java(TM) SE Runtime Environment (8.0_05-b13) (build 1.8.0_05-b13)
# Java VM: Java HotSpot(TM) 64-Bit Server VM (25.5-b02 mixed mode windows-amd64 compressed oops)
# Problematic frame:
# V  [jvm.dll+0x1316c4]
#
# Failed to write core dump. Minidumps are not enabled by default on client versions of Windows
#
# If you would like to submit a bug report, please visit:
#   http://bugreport.sun.com/bugreport/crash.jsp
#

---------------  T H R E A D  ---------------

Current thread (0x000000001a30e800):  JavaThread "AWT-EventQueue-0" [_thread_in_vm, id=8140, stack(0x000000001bcf0000,0x000000001bdf0000)]

siginfo: ExceptionCode=0xc0000005, reading address 0x0000000000000000

Registers:
RAX=0x0000000000000000, RBX=0x000000001a30e800, RCX=0x0000000000000e80, RDX=0x0000000000000000
RSP=0x000000001bdecb30, RBP=0x000000001bdeccb0, RSI=0x0000000000000000, RDI=0x0000000000000000
R8 =0x0000000000000000, R9 =0x00000000d64085c0, R10=0x0000000000000030, R11=0x000000005dbb9230
R12=0x000000001a960ee8, R13=0x0000000000000000, R14=0x000000001bdeccb0, R15=0x000000001a30e800
RIP=0x000000005d5416c4, EFLAGS=0x0000000000010202

Top of Stack: (sp=0x000000001bdecb30)
0x000000001bdecb30:   0000000016c58d88 0000000000000000
0x000000001bdecb40:   000000001bdecb70 000000001bdecbb8
0x000000001bdecb50:   000000001a30e800 0000000000000000
0x000000001bdecb60:   0000000000000000 0000000000000002
0x000000001bdecb70:   0000000016fc4ca0 0000000000000000
0x000000001bdecb80:   000000001a30e9e0 000000006a8c2150
0x000000001bdecb90:   000000001bdeccb0 0000000002577380
0x000000001bdecba0:   0000000016c590f8 0000000000000000
0x000000001bdecbb0:   000000001bdecbc8 000000001bdecc20
0x000000001bdecbc0:   0000000002577380 000000008196a428
0x000000001bdecbd0:   0000000016fc4ca8 0000000000000002
0x000000001bdecbe0:   0000000002577380 000000001bdecc88
0x000000001bdecbf0:   0000000000000000 0000000002585c99
0x000000001bdecc00:   0000000000000000 0000000016c3dba0
0x000000001bdecc10:   0000000000000000 000000001bdecc30
0x000000001bdecc20:   000000001bdecc88 0000000002577380 

Instructions: (pc=0x000000005d5416c4)
0x000000005d5416a4:   89 5c 24 20 48 89 74 24 28 48 39 73 08 74 0a 48
0x000000005d5416b4:   8d 4c 24 20 e8 d3 a8 12 00 40 38 35 34 6c 67 00
0x000000005d5416c4:   48 8b 3f 48 63 05 0a e9 65 00 74 1b 8b 0c 38 85
0x000000005d5416d4:   c9 74 77 8b c1 8b 0d 69 1b 61 00 48 d3 e0 48 03 


Register to memory mapping:

RAX=0x0000000000000000 is an unknown value
RBX=0x000000001a30e800 is a thread
RCX=0x0000000000000e80 is an unknown value
RDX=0x0000000000000000 is an unknown value
RSP=0x000000001bdecb30 is pointing into the stack for thread: 0x000000001a30e800
RBP=0x000000001bdeccb0 is pointing into the stack for thread: 0x000000001a30e800
RSI=0x0000000000000000 is an unknown value
RDI=0x0000000000000000 is an unknown value
R8 =0x0000000000000000 is an unknown value
R9 =0x00000000d64085c0 is an oop
org.sqlite.core.NativeDB 
 - klass: 'org/sqlite/core/NativeDB'
R10=0x0000000000000030 is an unknown value
R11=0x000000005dbb9230 is an unknown value
R12=0x000000001a960ee8 is an unknown value
R13=0x0000000000000000 is an unknown value
R14=0x000000001bdeccb0 is pointing into the stack for thread: 0x000000001a30e800
R15=0x000000001a30e800 is a thread


Stack: [0x000000001bcf0000,0x000000001bdf0000],  sp=0x000000001bdecb30,  free space=1010k
Native frames: (J=compiled Java code, j=interpreted, Vv=VM code, C=native code)
V  [jvm.dll+0x1316c4]
C  [sqlite-3.8.2-amd64-sqlitejdbc.dll+0x2150]

Java frames: (J=compiled Java code, j=interpreted, Vv=VM code)
j  org.sqlite.core.NativeDB.prepare(Ljava/lang/String;)J+0
j  org.sqlite.core.DB.prepare(Lorg/sqlite/core/CoreStatement;)V+21
j  org.sqlite.jdbc3.JDBC3Statement.execute(Ljava/lang/String;)Z+35
j  com.database.rexam.SQLiteConnection.MaintenanceMachineOEEgetAverages(I)[I+272
j  com.maintenance.rexam.MachineOEE.setAverage(I)V+6
j  com.maintenance.rexam.MachineOEE$13.actionPerformed(Ljava/awt/event/ActionEvent;)V+2
j  javax.swing.AbstractButton.fireActionPerformed(Ljava/awt/event/ActionEvent;)V+83
j  javax.swing.AbstractButton$Handler.actionPerformed(Ljava/awt/event/ActionEvent;)V+5
j  javax.swing.DefaultButtonModel.fireActionPerformed(Ljava/awt/event/ActionEvent;)V+34
j  javax.swing.DefaultButtonModel.setPressed(Z)V+117
j  javax.swing.plaf.basic.BasicButtonListener.mouseReleased(Ljava/awt/event/MouseEvent;)V+35
j  java.awt.Component.processMouseEvent(Ljava/awt/event/MouseEvent;)V+64
j  javax.swing.JComponent.processMouseEvent(Ljava/awt/event/MouseEvent;)V+23
j  java.awt.Component.processEvent(Ljava/awt/AWTEvent;)V+81
j  java.awt.Container.processEvent(Ljava/awt/AWTEvent;)V+18
j  java.awt.Component.dispatchEventImpl(Ljava/awt/AWTEvent;)V+589
j  java.awt.Container.dispatchEventImpl(Ljava/awt/AWTEvent;)V+42
j  java.awt.Component.dispatchEvent(Ljava/awt/AWTEvent;)V+2
j  java.awt.LightweightDispatcher.retargetMouseEvent(Ljava/awt/Component;ILjava/awt/event/MouseEvent;)V+327
j  java.awt.LightweightDispatcher.processMouseEvent(Ljava/awt/event/MouseEvent;)Z+143
j  java.awt.LightweightDispatcher.dispatchEvent(Ljava/awt/AWTEvent;)Z+50
j  java.awt.Container.dispatchEventImpl(Ljava/awt/AWTEvent;)V+12
j  java.awt.Window.dispatchEventImpl(Ljava/awt/AWTEvent;)V+19
J 1453 C1 java.awt.EventQueue.dispatchEventImpl(Ljava/awt/AWTEvent;Ljava/lang/Object;)V (149 bytes) @ 0x00000000029eedf4 [0x00000000029ed7c0+0x1634]
J 1467 C1 java.awt.EventQueue$3.run()Ljava/lang/Void; (60 bytes) @ 0x00000000029fb3fc [0x00000000029fb200+0x1fc]
J 1383 C1 java.awt.EventQueue$3.run()Ljava/lang/Object; (5 bytes) @ 0x00000000029c1d04 [0x00000000029c1c80+0x84]
v  ~StubRoutines::call_stub
J 1019  java.security.AccessController.doPrivileged(Ljava/security/PrivilegedAction;Ljava/security/AccessControlContext;)Ljava/lang/Object; (0 bytes) @ 0x00000000028c15a6 [0x00000000028c1540+0x66]
J 1032 C1 java.security.ProtectionDomain$1.doIntersectionPrivilege(Ljava/security/PrivilegedAction;Ljava/security/AccessControlContext;Ljava/security/AccessControlContext;)Ljava/lang/Object; (32 bytes) @ 0x00000000028c734c [0x00000000028c7060+0x2ec]
j  java.security.ProtectionDomain$1.doIntersectionPrivilege(Ljava/security/PrivilegedAction;Ljava/security/AccessControlContext;)Ljava/lang/Object;+6
j  java.awt.EventQueue$4.run()Ljava/lang/Void;+11
j  java.awt.EventQueue$4.run()Ljava/lang/Object;+1
v  ~StubRoutines::call_stub
J 1019  java.security.AccessController.doPrivileged(Ljava/security/PrivilegedAction;Ljava/security/AccessControlContext;)Ljava/lang/Object; (0 bytes) @ 0x00000000028c15a6 [0x00000000028c1540+0x66]
J 1381 C1 java.awt.EventQueue.dispatchEvent(Ljava/awt/AWTEvent;)V (80 bytes) @ 0x00000000029c04e4 [0x00000000029bf900+0xbe4]
J 1459 C1 java.awt.EventDispatchThread.pumpOneEventForFilters(I)V (295 bytes) @ 0x00000000029f5034 [0x00000000029f3540+0x1af4]
j  java.awt.EventDispatchThread.pumpEventsForFilter(ILjava/awt/Conditional;Ljava/awt/EventFilter;)V+35
j  java.awt.EventDispatchThread.pumpEventsForHierarchy(ILjava/awt/Conditional;Ljava/awt/Component;)V+11
j  java.awt.EventDispatchThread.pumpEvents(ILjava/awt/Conditional;)V+4
j  java.awt.EventDispatchThread.pumpEvents(Ljava/awt/Conditional;)V+3
j  java.awt.EventDispatchThread.run()V+9
v  ~StubRoutines::call_stub

---------------  P R O C E S S  ---------------

Java Threads: ( => current thread )
  0x000000001a674800 JavaThread "TimerQueue" daemon [_thread_blocked, id=652, stack(0x000000001ca30000,0x000000001cb30000)]
  0x0000000002470800 JavaThread "DestroyJavaVM" [_thread_blocked, id=96, stack(0x0000000002370000,0x0000000002470000)]
=>0x000000001a30e800 JavaThread "AWT-EventQueue-0" [_thread_in_vm, id=8140, stack(0x000000001bcf0000,0x000000001bdf0000)]
  0x000000001a287800 JavaThread "AWT-Windows" daemon [_thread_in_native, id=4672, stack(0x000000001b020000,0x000000001b120000)]
  0x000000001a287000 JavaThread "AWT-Shutdown" [_thread_blocked, id=4152, stack(0x000000001af20000,0x000000001b020000)]
  0x000000001a284000 JavaThread "Java2D Disposer" daemon [_thread_blocked, id=7236, stack(0x000000001ae20000,0x000000001af20000)]
  0x00000000195d0000 JavaThread "Service Thread" daemon [_thread_blocked, id=5828, stack(0x0000000019f20000,0x000000001a020000)]
  0x00000000195b0800 JavaThread "C1 CompilerThread3" daemon [_thread_blocked, id=7792, stack(0x0000000019e20000,0x0000000019f20000)]
  0x000000001959c800 JavaThread "C2 CompilerThread2" daemon [_thread_blocked, id=5280, stack(0x0000000019d20000,0x0000000019e20000)]
  0x0000000019555800 JavaThread "C2 CompilerThread1" daemon [_thread_in_native, id=4960, stack(0x0000000019c20000,0x0000000019d20000)]
  0x0000000019548000 JavaThread "C2 CompilerThread0" daemon [_thread_blocked, id=4100, stack(0x0000000019b20000,0x0000000019c20000)]
  0x0000000019546800 JavaThread "Attach Listener" daemon [_thread_blocked, id=4168, stack(0x0000000019a20000,0x0000000019b20000)]
  0x0000000019545800 JavaThread "Signal Dispatcher" daemon [_thread_blocked, id=4332, stack(0x0000000019920000,0x0000000019a20000)]
  0x0000000002569800 JavaThread "Finalizer" daemon [_thread_blocked, id=4304, stack(0x0000000019420000,0x0000000019520000)]
  0x0000000002561000 JavaThread "Reference Handler" daemon [_thread_blocked, id=1772, stack(0x0000000019320000,0x0000000019420000)]

Other Threads:
  0x0000000017538800 VMThread [stack: 0x0000000019220000,0x0000000019320000] [id=6124]
  0x00000000195d4800 WatcherThread [stack: 0x000000001a020000,0x000000001a120000] [id=7760]

VM state:not at safepoint (normal execution)

VM Mutex/Monitor currently owned by a thread: None

Heap:
 PSYoungGen      total 10240K, used 9001K [0x00000000d5d80000, 0x00000000d6a80000, 0x0000000100000000)
  eden space 7168K, 94% used [0x00000000d5d80000,0x00000000d64148b8,0x00000000d6480000)
  from space 3072K, 73% used [0x00000000d6780000,0x00000000d69b5b58,0x00000000d6a80000)
  to   space 3072K, 0% used [0x00000000d6480000,0x00000000d6480000,0x00000000d6780000)
 ParOldGen       total 129536K, used 2464K [0x0000000081800000, 0x0000000089680000, 0x00000000d5d80000)
  object space 129536K, 1% used [0x0000000081800000,0x0000000081a68030,0x0000000089680000)
 Metaspace       used 14573K, capacity 14700K, committed 15104K, reserved 1062912K
  class space    used 1854K, capacity 1921K, committed 2048K, reserved 1048576K

Card table byte_map: [0x0000000011930000,0x0000000011d30000] byte_map_base: 0x0000000011524000

Marking Bits: (ParMarkBitMap*) 0x000000005dbc13b0
 Begin Bits: [0x00000000127e0000, 0x0000000014780000)
 End Bits:   [0x0000000014780000, 0x0000000016720000)

Polling page: 0x0000000002310000

CodeCache: size=245760Kb used=4662Kb max_used=4662Kb free=241097Kb
 bounds [0x0000000002570000, 0x0000000002a00000, 0x0000000011570000]
 total_blobs=2035 nmethods=1479 adapters=469
 compilation: enabled

Compilation events (10 events):
Event: 6.610 Thread 0x00000000195b0800 1476  s    3       sun.dc.DuctusRenderingEngine::getRasterizer (25 bytes)
Event: 6.611 Thread 0x00000000195b0800 nmethod 1476 0x00000000029fdb90 code [0x00000000029fdd00, 0x00000000029fe0c8]
Event: 6.611 Thread 0x00000000195b0800 1477       3       sun.dc.pr.Rasterizer::setUsage (151 bytes)
Event: 6.612 Thread 0x00000000195b0800 nmethod 1477 0x00000000029fe190 code [0x00000000029fe3c0, 0x00000000029fea48]
Event: 6.612 Thread 0x00000000195b0800 1479       3       javax.swing.plaf.synth.SynthLookAndFeel::getSelectedUI (13 bytes)
Event: 6.612 Thread 0x00000000195b0800 nmethod 1479 0x00000000029fed50 code [0x00000000029feec0, 0x00000000029ff1d8]
Event: 6.612 Thread 0x00000000195b0800 1478   !   3       sun.dc.pr.Rasterizer::closedSubpath (44 bytes)
Event: 6.613 Thread 0x00000000195b0800 nmethod 1478 0x00000000029ff2d0 code [0x00000000029ff480, 0x00000000029ff8b8]
Event: 6.684 Thread 0x00000000195b0800 1480       3       java.util.HashSet::remove (20 bytes)
Event: 6.685 Thread 0x00000000195b0800 nmethod 1480 0x00000000029ffa90 code [0x00000000029ffc00, 0x00000000029ffe88]

GC Heap History (10 events):
Event: 0.649 GC heap before
{Heap before GC invocations=4 (full 0):
 PSYoungGen      total 1536K, used 1536K [0x00000000d5d80000, 0x00000000d6080000, 0x0000000100000000)
  eden space 1024K, 100% used [0x00000000d5d80000,0x00000000d5e80000,0x00000000d5e80000)
  from space 512K, 100% used [0x00000000d5e80000,0x00000000d5f00000,0x00000000d5f00000)
  to   space 512K, 0% used [0x00000000d6000000,0x00000000d6000000,0x00000000d6080000)
 ParOldGen       total 129536K, used 169K [0x0000000081800000, 0x0000000089680000, 0x00000000d5d80000)
  object space 129536K, 0% used [0x0000000081800000,0x000000008182a700,0x0000000089680000)
 Metaspace       used 4892K, capacity 5296K, committed 5504K, reserved 1056768K
  class space    used 512K, capacity 556K, committed 640K, reserved 1048576K
Event: 0.653 GC heap after
Heap after GC invocations=4 (full 0):
 PSYoungGen      total 2560K, used 512K [0x00000000d5d80000, 0x00000000d6080000, 0x0000000100000000)
  eden space 2048K, 0% used [0x00000000d5d80000,0x00000000d5d80000,0x00000000d5f80000)
  from space 512K, 100% used [0x00000000d6000000,0x00000000d6080000,0x00000000d6080000)
  to   space 512K, 0% used [0x00000000d5f80000,0x00000000d5f80000,0x00000000d6000000)
 ParOldGen       total 129536K, used 453K [0x0000000081800000, 0x0000000089680000, 0x00000000d5d80000)
  object space 129536K, 0% used [0x0000000081800000,0x0000000081871730,0x0000000089680000)
 Metaspace       used 4892K, capacity 5296K, committed 5504K, reserved 1056768K
  class space    used 512K, capacity 556K, committed 640K, reserved 1048576K
}
Event: 1.328 GC heap before
{Heap before GC invocations=5 (full 0):
 PSYoungGen      total 2560K, used 2560K [0x00000000d5d80000, 0x00000000d6080000, 0x0000000100000000)
  eden space 2048K, 100% used [0x00000000d5d80000,0x00000000d5f80000,0x00000000d5f80000)
  from space 512K, 100% used [0x00000000d6000000,0x00000000d6080000,0x00000000d6080000)
  to   space 512K, 0% used [0x00000000d5f80000,0x00000000d5f80000,0x00000000d6000000)
 ParOldGen       total 129536K, used 453K [0x0000000081800000, 0x0000000089680000, 0x00000000d5d80000)
  object space 129536K, 0% used [0x0000000081800000,0x0000000081871730,0x0000000089680000)
 Metaspace       used 8338K, capacity 8464K, committed 8704K, reserved 1056768K
  class space    used 890K, capacity 918K, committed 1024K, reserved 1048576K
Event: 1.331 GC heap after
Heap after GC invocations=5 (full 0):
 PSYoungGen      total 2560K, used 480K [0x00000000d5d80000, 0x00000000d6480000, 0x0000000100000000)
  eden space 2048K, 0% used [0x00000000d5d80000,0x00000000d5d80000,0x00000000d5f80000)
  from space 512K, 93% used [0x00000000d5f80000,0x00000000d5ff8020,0x00000000d6000000)
  to   space 1536K, 0% used [0x00000000d6300000,0x00000000d6300000,0x00000000d6480000)
 ParOldGen       total 129536K, used 1267K [0x0000000081800000, 0x0000000089680000, 0x00000000d5d80000)
  object space 129536K, 0% used [0x0000000081800000,0x000000008193cf50,0x0000000089680000)
 Metaspace       used 8338K, capacity 8464K, committed 8704K, reserved 1056768K
  class space    used 890K, capacity 918K, committed 1024K, reserved 1048576K
}
Event: 1.752 GC heap before
{Heap before GC invocations=6 (full 0):
 PSYoungGen      total 2560K, used 2528K [0x00000000d5d80000, 0x00000000d6480000, 0x0000000100000000)
  eden space 2048K, 100% used [0x00000000d5d80000,0x00000000d5f80000,0x00000000d5f80000)
  from space 512K, 93% used [0x00000000d5f80000,0x00000000d5ff8020,0x00000000d6000000)
  to   space 1536K, 0% used [0x00000000d6300000,0x00000000d6300000,0x00000000d6480000)
 ParOldGen       total 129536K, used 1267K [0x0000000081800000, 0x0000000089680000, 0x00000000d5d80000)
  object space 129536K, 0% used [0x0000000081800000,0x000000008193cf50,0x0000000089680000)
 Metaspace       used 12334K, capacity 12520K, committed 12672K, reserved 1060864K
  class space    used 1564K, capacity 1627K, committed 1664K, reserved 1048576K
Event: 1.758 GC heap after
Heap after GC invocations=6 (full 0):
 PSYoungGen      total 5120K, used 1504K [0x00000000d5d80000, 0x00000000d6580000, 0x0000000100000000)
  eden space 3584K, 0% used [0x00000000d5d80000,0x00000000d5d80000,0x00000000d6100000)
  from space 1536K, 97% used [0x00000000d6300000,0x00000000d6478020,0x00000000d6480000)
  to   space 2048K, 0% used [0x00000000d6100000,0x00000000d6100000,0x00000000d6300000)
 ParOldGen       total 129536K, used 1302K [0x0000000081800000, 0x0000000089680000, 0x00000000d5d80000)
  object space 129536K, 1% used [0x0000000081800000,0x00000000819458e0,0x0000000089680000)
 Metaspace       used 12334K, capacity 12520K, committed 12672K, reserved 1060864K
  class space    used 1564K, capacity 1627K, committed 1664K, reserved 1048576K
}
Event: 2.219 GC heap before
{Heap before GC invocations=7 (full 0):
 PSYoungGen      total 5120K, used 5087K [0x00000000d5d80000, 0x00000000d6580000, 0x0000000100000000)
  eden space 3584K, 99% used [0x00000000d5d80000,0x00000000d60ffd80,0x00000000d6100000)
  from space 1536K, 97% used [0x00000000d6300000,0x00000000d6478020,0x00000000d6480000)
  to   space 2048K, 0% used [0x00000000d6100000,0x00000000d6100000,0x00000000d6300000)
 ParOldGen       total 129536K, used 1302K [0x0000000081800000, 0x0000000089680000, 0x00000000d5d80000)
  object space 129536K, 1% used [0x0000000081800000,0x00000000819458e0,0x0000000089680000)
 Metaspace       used 13902K, capacity 14042K, committed 14208K, reserved 1060864K
  class space    used 1813K, capacity 1854K, committed 1920K, reserved 1048576K
Event: 2.225 GC heap after
Heap after GC invocations=7 (full 0):
 PSYoungGen      total 5632K, used 2038K [0x00000000d5d80000, 0x00000000d6a80000, 0x0000000100000000)
  eden space 3584K, 0% used [0x00000000d5d80000,0x00000000d5d80000,0x00000000d6100000)
  from space 2048K, 99% used [0x00000000d6100000,0x00000000d62fdb58,0x00000000d6300000)
  to   space 3072K, 0% used [0x00000000d6780000,0x00000000d6780000,0x00000000d6a80000)
 ParOldGen       total 129536K, used 2384K [0x0000000081800000, 0x0000000089680000, 0x00000000d5d80000)
  object space 129536K, 1% used [0x0000000081800000,0x0000000081a54030,0x0000000089680000)
 Metaspace       used 13902K, capacity 14042K, committed 14208K, reserved 1060864K
  class space    used 1813K, capacity 1854K, committed 1920K, reserved 1048576K
}
Event: 5.574 GC heap before
{Heap before GC invocations=8 (full 0):
 PSYoungGen      total 5632K, used 5622K [0x00000000d5d80000, 0x00000000d6a80000, 0x0000000100000000)
  eden space 3584K, 100% used [0x00000000d5d80000,0x00000000d6100000,0x00000000d6100000)
  from space 2048K, 99% used [0x00000000d6100000,0x00000000d62fdb58,0x00000000d6300000)
  to   space 3072K, 0% used [0x00000000d6780000,0x00000000d6780000,0x00000000d6a80000)
 ParOldGen       total 129536K, used 2384K [0x0000000081800000, 0x0000000089680000, 0x00000000d5d80000)
  object space 129536K, 1% used [0x0000000081800000,0x0000000081a54030,0x0000000089680000)
 Metaspace       used 14248K, capacity 14394K, committed 14464K, reserved 1062912K
  class space    used 1840K, capacity 1886K, committed 1920K, reserved 1048576K
Event: 5.578 GC heap after
Heap after GC invocations=8 (full 0):
 PSYoungGen      total 10240K, used 2262K [0x00000000d5d80000, 0x00000000d6a80000, 0x0000000100000000)
  eden space 7168K, 0% used [0x00000000d5d80000,0x00000000d5d80000,0x00000000d6480000)
  from space 3072K, 73% used [0x00000000d6780000,0x00000000d69b5b58,0x00000000d6a80000)
  to   space 3072K, 0% used [0x00000000d6480000,0x00000000d6480000,0x00000000d6780000)
 ParOldGen       total 129536K, used 2464K [0x0000000081800000, 0x0000000089680000, 0x00000000d5d80000)
  object space 129536K, 1% used [0x0000000081800000,0x0000000081a68030,0x0000000089680000)
 Metaspace       used 14248K, capacity 14394K, committed 14464K, reserved 1062912K
  class space    used 1840K, capacity 1886K, committed 1920K, reserved 1048576K
}

Deoptimization events (7 events):
Event: 0.816 Thread 0x0000000002470800 Uncommon trap: reason=unloaded action=reinterpret pc=0x00000000026e62e4 method=org.sqlite.SQLiteJDBCLoader.md5sum(Ljava/io/InputStream;)Ljava/lang/String; @ 35
Event: 0.818 Thread 0x0000000002470800 Uncommon trap: reason=unreached action=reinterpret pc=0x00000000026de270 method=sun.security.provider.DigestBase.engineUpdate(B)V @ 4
Event: 1.691 Thread 0x0000000002470800 Uncommon trap: reason=unreached action=reinterpret pc=0x00000000027885c8 method=java.util.HashMap.getNode(ILjava/lang/Object;)Ljava/util/HashMap$Node; @ 84
Event: 1.691 Thread 0x0000000002470800 Uncommon trap: reason=unreached action=reinterpret pc=0x000000000278f388 method=java.util.HashMap.getNode(ILjava/lang/Object;)Ljava/util/HashMap$Node; @ 84
Event: 1.794 Thread 0x0000000002470800 Uncommon trap: reason=unreached action=reinterpret pc=0x000000000277ebf0 method=java.util.HashMap.putVal(ILjava/lang/Object;Ljava/lang/Object;ZZ)Ljava/lang/Object; @ 109
Event: 1.795 Thread 0x0000000002470800 Uncommon trap: reason=unreached action=reinterpret pc=0x000000000277a368 method=java.util.HashMap.putVal(ILjava/lang/Object;Ljava/lang/Object;ZZ)Ljava/lang/Object; @ 109
Event: 1.809 Thread 0x0000000002470800 Uncommon trap: reason=null_check action=make_not_entrant pc=0x00000000027bac68 method=javax.swing.plaf.nimbus.DerivedColor.equals(Ljava/lang/Object;)Z @ 8

Internal exceptions (10 events):
Event: 5.586 Thread 0x000000001a30e800 Exception <a 'java/lang/ClassNotFoundException': ToolTip> (0x00000000d5dab918) thrown at [D:\re\workspace\8-2-build-windows-amd64-cygwin\jdk8u5\2488\hotspot\src\share\vm\classfile\systemDictionary.cpp, line 202]
Event: 5.586 Thread 0x000000001a30e800 Exception <a 'java/lang/ClassNotFoundException': Tree> (0x00000000d5dac0e0) thrown at [D:\re\workspace\8-2-build-windows-amd64-cygwin\jdk8u5\2488\hotspot\src\share\vm\classfile\systemDictionary.cpp, line 202]
Event: 5.586 Thread 0x000000001a30e800 Exception <a 'java/lang/ClassNotFoundException': Tree> (0x00000000d5dac910) thrown at [D:\re\workspace\8-2-build-windows-amd64-cygwin\jdk8u5\2488\hotspot\src\share\vm\classfile\systemDictionary.cpp, line 202]
Event: 5.586 Thread 0x000000001a30e800 Exception <a 'java/lang/ClassNotFoundException': javax/swing/JTreeCell> (0x00000000d5dacdc8) thrown at [D:\re\workspace\8-2-build-windows-amd64-cygwin\jdk8u5\2488\hotspot\src\share\vm\classfile\systemDictionary.cpp, line 202]
Event: 5.586 Thread 0x000000001a30e800 Exception <a 'java/lang/ClassNotFoundException': TreeCell> (0x00000000d5dad388) thrown at [D:\re\workspace\8-2-build-windows-amd64-cygwin\jdk8u5\2488\hotspot\src\share\vm\classfile\systemDictionary.cpp, line 202]
Event: 5.587 Thread 0x000000001a30e800 Exception <a 'java/lang/ClassNotFoundException': RootPane> (0x00000000d5dadce0) thrown at [D:\re\workspace\8-2-build-windows-amd64-cygwin\jdk8u5\2488\hotspot\src\share\vm\classfile\systemDictionary.cpp, line 202]
Event: 5.591 Thread 0x000000001a30e800 Exception <a 'java/security/PrivilegedActionException'> (0x00000000d5ddf4c0) thrown at [D:\re\workspace\8-2-build-windows-amd64-cygwin\jdk8u5\2488\hotspot\src\share\vm\prims\jvm.cpp, line 1248]
Event: 5.592 Thread 0x000000001a30e800 Exception <a 'java/security/PrivilegedActionException'> (0x00000000d5de2260) thrown at [D:\re\workspace\8-2-build-windows-amd64-cygwin\jdk8u5\2488\hotspot\src\share\vm\prims\jvm.cpp, line 1248]
Event: 5.593 Thread 0x000000001a30e800 Exception <a 'java/security/PrivilegedActionException'> (0x00000000d5de6670) thrown at [D:\re\workspace\8-2-build-windows-amd64-cygwin\jdk8u5\2488\hotspot\src\share\vm\prims\jvm.cpp, line 1248]
Event: 5.594 Thread 0x000000001a30e800 Exception <a 'java/security/PrivilegedActionException'> (0x00000000d5de9470) thrown at [D:\re\workspace\8-2-build-windows-amd64-cygwin\jdk8u5\2488\hotspot\src\share\vm\prims\jvm.cpp, line 1248]

Events (10 events):
Event: 5.858 loading class javax/swing/Autoscroller
Event: 5.858 loading class javax/swing/Autoscroller done
Event: 5.874 loading class java/awt/LightweightDispatcher$2
Event: 5.874 loading class java/awt/LightweightDispatcher$2 done
Event: 5.894 Thread 0x000000001a30e800 DEOPT PACKING pc=0x000000000284ff5a sp=0x000000001bdeb540
Event: 5.894 Thread 0x000000001a30e800 DEOPT UNPACKING pc=0x00000000025b7604 sp=0x000000001bdeb240 mode 0
Event: 5.899 Thread 0x000000001a30e800 DEOPT PACKING pc=0x000000000284ff5a sp=0x000000001bdeb540
Event: 5.899 Thread 0x000000001a30e800 DEOPT UNPACKING pc=0x00000000025b7604 sp=0x000000001bdeb240 mode 0
Event: 5.909 Thread 0x000000001a30e800 DEOPT PACKING pc=0x000000000284ff5a sp=0x000000001bdeb590
Event: 5.909 Thread 0x000000001a30e800 DEOPT UNPACKING pc=0x00000000025b7604 sp=0x000000001bdeb290 mode 0


Dynamic libraries:
0x00007ff71cc70000 - 0x00007ff71cca4000 	C:\Program Files\Java\jdk1.8.0_05\bin\java.exe
0x00007fff07200000 - 0x00007fff073aa000 	C:\WINDOWS\SYSTEM32\ntdll.dll
0x00007fff06ad0000 - 0x00007fff06c0a000 	C:\WINDOWS\system32\KERNEL32.DLL
0x00007fff04970000 - 0x00007fff04a7f000 	C:\WINDOWS\system32\KERNELBASE.dll
0x000000005e970000 - 0x000000005ea02000 	C:\Program Files\Bitdefender\Antivirus Free Edition\avc3\avc3_sig_260\avcuf64.dll
0x00007fff03170000 - 0x00007fff031f8000 	C:\WINDOWS\system32\apphelp.dll
0x00007ffefabf0000 - 0x00007ffefac3f000 	C:\WINDOWS\AppPatch\AppPatch64\AcGenral.DLL
0x00007fff04e30000 - 0x00007fff04ed7000 	C:\WINDOWS\system32\msvcrt.dll
0x00007fff043b0000 - 0x00007fff043db000 	C:\WINDOWS\SYSTEM32\SspiCli.dll
0x00007fff06950000 - 0x00007fff069a1000 	C:\WINDOWS\system32\SHLWAPI.dll
0x00007fff04ee0000 - 0x00007fff05051000 	C:\WINDOWS\system32\USER32.dll
0x00007fff067d0000 - 0x00007fff06948000 	C:\WINDOWS\system32\ole32.dll
0x00007fff05210000 - 0x00007fff0662f000 	C:\WINDOWS\system32\SHELL32.dll
0x00007fff03b80000 - 0x00007fff03b9e000 	C:\WINDOWS\SYSTEM32\USERENV.dll
0x00007fff04d70000 - 0x00007fff04e15000 	C:\WINDOWS\system32\ADVAPI32.dll
0x00007ffef5c50000 - 0x00007ffef5c6b000 	C:\WINDOWS\SYSTEM32\MPR.dll
0x00007fff06630000 - 0x00007fff06767000 	C:\WINDOWS\system32\RPCRT4.dll
0x00007fff06a70000 - 0x00007fff06ac7000 	C:\WINDOWS\SYSTEM32\sechost.dll
0x00007fff04a80000 - 0x00007fff04c56000 	C:\WINDOWS\SYSTEM32\combase.dll
0x00007fff070b0000 - 0x00007fff071f4000 	C:\WINDOWS\system32\GDI32.dll
0x00007fff04570000 - 0x00007fff04584000 	C:\WINDOWS\SYSTEM32\profapi.dll
0x00007fff02800000 - 0x00007fff0289f000 	C:\WINDOWS\SYSTEM32\SHCORE.dll
0x00007fff04c70000 - 0x00007fff04ca4000 	C:\WINDOWS\system32\IMM32.DLL
0x00007fff06cb0000 - 0x00007fff06de9000 	C:\WINDOWS\system32\MSCTF.dll
0x00007fff01930000 - 0x00007fff01b8a000 	C:\WINDOWS\WinSxS\amd64_microsoft.windows.common-controls_6595b64144ccf1df_6.0.9600.17031_none_6242a4b3ecbb55a1\COMCTL32.dll
0x000000005d330000 - 0x000000005d402000 	C:\Program Files\Java\jdk1.8.0_05\jre\bin\msvcr100.dll
0x000000005d410000 - 0x000000005dc3a000 	C:\Program Files\Java\jdk1.8.0_05\jre\bin\server\jvm.dll
0x00007ffeff340000 - 0x00007ffeff349000 	C:\WINDOWS\SYSTEM32\WSOCK32.dll
0x00007ffefe580000 - 0x00007ffefe59f000 	C:\WINDOWS\SYSTEM32\WINMM.dll
0x00007fff05060000 - 0x00007fff05067000 	C:\WINDOWS\system32\PSAPI.DLL
0x00007fff07050000 - 0x00007fff070a8000 	C:\WINDOWS\system32\WS2_32.dll
0x00007ffefe450000 - 0x00007ffefe47a000 	C:\WINDOWS\SYSTEM32\WINMMBASE.dll
0x00007fff04e20000 - 0x00007fff04e29000 	C:\WINDOWS\system32\NSI.dll
0x00007fff046f0000 - 0x00007fff0473a000 	C:\WINDOWS\SYSTEM32\cfgmgr32.dll
0x00007fff03410000 - 0x00007fff03436000 	C:\WINDOWS\SYSTEM32\DEVOBJ.dll
0x000000005ea10000 - 0x000000005ea1f000 	C:\Program Files\Java\jdk1.8.0_05\jre\bin\verify.dll
0x000000005d2c0000 - 0x000000005d2e8000 	C:\Program Files\Java\jdk1.8.0_05\jre\bin\java.dll
0x000000005d2a0000 - 0x000000005d2b6000 	C:\Program Files\Java\jdk1.8.0_05\jre\bin\zip.dll
0x000000006a8c0000 - 0x000000006a976000 	C:\Users\Chris\AppData\Local\Temp\sqlite-3.8.2-amd64-sqlitejdbc.dll
0x000000005d0c0000 - 0x000000005d256000 	C:\Program Files\Java\jdk1.8.0_05\jre\bin\awt.dll
0x00007fff069b0000 - 0x00007fff06a67000 	C:\WINDOWS\system32\OLEAUT32.dll
0x00007fff032c0000 - 0x00007fff033e1000 	C:\WINDOWS\system32\uxtheme.dll
0x00007fff02630000 - 0x00007fff02650000 	C:\WINDOWS\system32\dwmapi.dll
0x00007fff03440000 - 0x00007fff0344a000 	C:\WINDOWS\SYSTEM32\kernel.appcore.dll
0x00007fff04440000 - 0x00007fff0444a000 	C:\WINDOWS\SYSTEM32\CRYPTBASE.dll
0x00007fff043e0000 - 0x00007fff04440000 	C:\WINDOWS\SYSTEM32\bcryptPrimitives.dll
0x000000005d070000 - 0x000000005d0b7000 	C:\Program Files\Java\jdk1.8.0_05\jre\bin\fontmanager.dll
0x000000005d280000 - 0x000000005d29a000 	C:\Program Files\Java\jdk1.8.0_05\jre\bin\net.dll
0x00007fff03dd0000 - 0x00007fff03e28000 	C:\WINDOWS\system32\mswsock.dll
0x000000005d260000 - 0x000000005d271000 	C:\Program Files\Java\jdk1.8.0_05\jre\bin\nio.dll
0x000000005d020000 - 0x000000005d061000 	C:\Program Files\Java\jdk1.8.0_05\jre\bin\t2k.dll
0x00007fff04cb0000 - 0x00007fff04d54000 	C:\WINDOWS\SYSTEM32\clbcatq.dll
0x00007fff01e30000 - 0x00007fff01fc3000 	C:\WINDOWS\SYSTEM32\WindowsCodecs.dll
0x00007fff03e30000 - 0x00007fff03e4e000 	C:\WINDOWS\SYSTEM32\CRYPTSP.dll
0x00007fff03a70000 - 0x00007fff03aa5000 	C:\WINDOWS\system32\rsaenh.dll
0x00007fff04060000 - 0x00007fff04086000 	C:\WINDOWS\SYSTEM32\bcrypt.dll
0x000000005cff0000 - 0x000000005d01a000 	C:\Program Files\Java\jdk1.8.0_05\jre\bin\dcpr.dll
0x00007fff02fe0000 - 0x00007fff03168000 	C:\WINDOWS\SYSTEM32\dbghelp.dll

VM Arguments:
jvm_args: -Dfile.encoding=UTF-8 
java_command: com.maintenance.rexam.MachineOEE
java_class_path (initial): C:\Users\Chris\Documents\SPRING\Rexam3\bin\commons-beanutils-1.8.0.jar;C:\Users\Chris\Documents\SPRING\Rexam3\bin\commons-collections-3.2.1.jar;C:\Users\Chris\Documents\SPRING\Rexam3\bin\commons-digester-2.1.jar;C:\Users\Chris\Documents\SPRING\Rexam3\bin\commons-javaflow-20060411.jar;C:\Users\Chris\Documents\SPRING\Rexam3\commons-logging-1.1.1.jar;C:\Users\Chris\Documents\SPRING\Rexam3\src\groovy-all-2.0.1.jar;C:\Users\Chris\Documents\SPRING\Rexam3\src\iText-2.1.7.js2.jar;C:\Users\Chris\Documents\SPRING\Rexam3\src\png-encoder-1.5.jar;C:\Users\Chris\Documents\SPRING\Rexam3\src\poi-3.7-20101029.jar;C:\Users\Chris\Documents\SPRING\Rexam3\jasperreports-5.6.0.jar;C:\Users\Chris\Documents\SPRING\Rexam3\sqlite-jdbc4-3.8.2-SNAPSHOT.jar;C:\Users\Chris\Documents\SPRING\Rexam3\pdfbox-app-1.8.6.jar;C:\Users\Chris\Documents\SPRING\Rexam3\jdatepicker-1.3.2.jar;C:\Users\Chris\Documents\SPRING\Rexam4\Libraries\poi-3.10.1\poi-3.10.1-20140818.jar;C:\Users\Chris\Documents\SPRING\Rexam4\build\classes
Launcher Type: SUN_STANDARD

Environment Variables:
PATH=C:\ProgramData\Oracle\Java\javapath;C:\tools\jasperreports-5.0.1\dist\jasperreports-5.6.0.jar;C:\tools\jasperreports-5.6.0\lib;
USERNAME=Chris
OS=Windows_NT
PROCESSOR_IDENTIFIER=Intel64 Family 6 Model 58 Stepping 9, GenuineIntel



---------------  S Y S T E M  ---------------

OS: Windows 8.1 , 64 bit Build 9600 

CPU:total 8 (4 cores per cpu, 2 threads per core) family 6 model 58 stepping 9, cmov, cx8, fxsr, mmx, sse, sse2, sse3, ssse3, sse4.1, sse4.2, popcnt, avx, aes, clmul, erms, ht, tsc, tscinvbit

Memory: 4k page, physical 8282680k(3855388k free), swap 20865592k(13674488k free)

vm_info: Java HotSpot(TM) 64-Bit Server VM (25.5-b02) for windows-amd64 JRE (1.8.0_05-b13), built on Mar 18 2014 01:08:39 by "java_re" with MS VC++ 10.0 (VS2010)

time: Wed Oct 01 10:06:55 2014
elapsed time: 6 seconds

