#
# A fatal error has been detected by the Java Runtime Environment:
#
#  EXCEPTION_ACCESS_VIOLATION (0xc0000005) at pc=0x000000005d5416c4, pid=424, tid=1852
#
# JRE version: Java(TM) SE Runtime Environment (8.0_05-b13) (build 1.8.0_05-b13)
# Java VM: Java HotSpot(TM) 64-Bit Server VM (25.5-b02 mixed mode windows-amd64 compressed oops)
# Problematic frame:
# V  [jvm.dll+0x1316c4]
#
# Failed to write core dump. Minidumps are not enabled by default on client versions of Windows
#
# If you would like to submit a bug report, please visit:
#   http://bugreport.sun.com/bugreport/crash.jsp
#

---------------  T H R E A D  ---------------

Current thread (0x000000001ac6b800):  JavaThread "AWT-EventQueue-0" [_thread_in_vm, id=1852, stack(0x000000001c540000,0x000000001c640000)]

siginfo: ExceptionCode=0xc0000005, reading address 0x0000000000000000

Registers:
RAX=0x0000000000000000, RBX=0x000000001ac6b800, RCX=0x0000000000000b80, RDX=0x0000000000000000
RSP=0x000000001c63ca50, RBP=0x000000001c63cbd0, RSI=0x0000000000000000, RDI=0x0000000000000000
R8 =0x0000000000000000, R9 =0x00000000d62a65f0, R10=0x0000000000000022, R11=0x000000005dbb9230
R12=0x000000001b230ee8, R13=0x0000000000000000, R14=0x000000001c63cbd0, R15=0x000000001ac6b800
RIP=0x000000005d5416c4, EFLAGS=0x0000000000010202

Top of Stack: (sp=0x000000001c63ca50)
0x000000001c63ca50:   0000000017538d88 0000000000000000
0x000000001c63ca60:   000000001c63ca90 000000001c63cad8
0x000000001c63ca70:   000000001ac6b800 0000000000000000
0x000000001c63ca80:   0000000000000000 0000000000000002
0x000000001c63ca90:   00000000178a4ca0 0000000000000000
0x000000001c63caa0:   000000001ac6b9e0 000000006a8c2150
0x000000001c63cab0:   000000001c63cbd0 0000000002e87380
0x000000001c63cac0:   00000000175390f8 0000000000000000
0x000000001c63cad0:   000000001c63cae8 000000001c63cb40
0x000000001c63cae0:   0000000002e87380 00000000819466f8
0x000000001c63caf0:   00000000178a4ca8 0000000000000002
0x000000001c63cb00:   0000000002e87380 000000001c63cba8
0x000000001c63cb10:   0000000000000000 0000000002e95c99
0x000000001c63cb20:   0000000000000000 000000001751dba0
0x000000001c63cb30:   0000000000000000 000000001c63cb50
0x000000001c63cb40:   000000001c63cba8 0000000002e87380 

Instructions: (pc=0x000000005d5416c4)
0x000000005d5416a4:   89 5c 24 20 48 89 74 24 28 48 39 73 08 74 0a 48
0x000000005d5416b4:   8d 4c 24 20 e8 d3 a8 12 00 40 38 35 34 6c 67 00
0x000000005d5416c4:   48 8b 3f 48 63 05 0a e9 65 00 74 1b 8b 0c 38 85
0x000000005d5416d4:   c9 74 77 8b c1 8b 0d 69 1b 61 00 48 d3 e0 48 03 


Register to memory mapping:

RAX=0x0000000000000000 is an unknown value
RBX=0x000000001ac6b800 is a thread
RCX=0x0000000000000b80 is an unknown value
RDX=0x0000000000000000 is an unknown value
RSP=0x000000001c63ca50 is pointing into the stack for thread: 0x000000001ac6b800
RBP=0x000000001c63cbd0 is pointing into the stack for thread: 0x000000001ac6b800
RSI=0x0000000000000000 is an unknown value
RDI=0x0000000000000000 is an unknown value
R8 =0x0000000000000000 is an unknown value
R9 =0x00000000d62a65f0 is an oop
org.sqlite.core.NativeDB 
 - klass: 'org/sqlite/core/NativeDB'
R10=0x0000000000000022 is an unknown value
R11=0x000000005dbb9230 is an unknown value
R12=0x000000001b230ee8 is an unknown value
R13=0x0000000000000000 is an unknown value
R14=0x000000001c63cbd0 is pointing into the stack for thread: 0x000000001ac6b800
R15=0x000000001ac6b800 is a thread


Stack: [0x000000001c540000,0x000000001c640000],  sp=0x000000001c63ca50,  free space=1010k
Native frames: (J=compiled Java code, j=interpreted, Vv=VM code, C=native code)
V  [jvm.dll+0x1316c4]
C  [sqlite-3.8.2-amd64-sqlitejdbc.dll+0x2150]

Java frames: (J=compiled Java code, j=interpreted, Vv=VM code)
j  org.sqlite.core.NativeDB.prepare(Ljava/lang/String;)J+0
j  org.sqlite.core.DB.prepare(Lorg/sqlite/core/CoreStatement;)V+21
j  org.sqlite.jdbc3.JDBC3Statement.execute(Ljava/lang/String;)Z+35
j  com.database.rexam.SQLiteConnection.MaintenanceMachineOEEgetAverages(I)[I+272
j  com.maintenance.rexam.MachineOEE.setAverage(I)V+6
j  com.maintenance.rexam.MachineOEE$12.actionPerformed(Ljava/awt/event/ActionEvent;)V+2
j  javax.swing.AbstractButton.fireActionPerformed(Ljava/awt/event/ActionEvent;)V+83
j  javax.swing.AbstractButton$Handler.actionPerformed(Ljava/awt/event/ActionEvent;)V+5
j  javax.swing.DefaultButtonModel.fireActionPerformed(Ljava/awt/event/ActionEvent;)V+34
j  javax.swing.DefaultButtonModel.setPressed(Z)V+117
j  javax.swing.plaf.basic.BasicButtonListener.mouseReleased(Ljava/awt/event/MouseEvent;)V+35
j  java.awt.Component.processMouseEvent(Ljava/awt/event/MouseEvent;)V+64
j  javax.swing.JComponent.processMouseEvent(Ljava/awt/event/MouseEvent;)V+23
j  java.awt.Component.processEvent(Ljava/awt/AWTEvent;)V+81
j  java.awt.Container.processEvent(Ljava/awt/AWTEvent;)V+18
j  java.awt.Component.dispatchEventImpl(Ljava/awt/AWTEvent;)V+589
j  java.awt.Container.dispatchEventImpl(Ljava/awt/AWTEvent;)V+42
j  java.awt.Component.dispatchEvent(Ljava/awt/AWTEvent;)V+2
j  java.awt.LightweightDispatcher.retargetMouseEvent(Ljava/awt/Component;ILjava/awt/event/MouseEvent;)V+327
j  java.awt.LightweightDispatcher.processMouseEvent(Ljava/awt/event/MouseEvent;)Z+143
j  java.awt.LightweightDispatcher.dispatchEvent(Ljava/awt/AWTEvent;)Z+50
j  java.awt.Container.dispatchEventImpl(Ljava/awt/AWTEvent;)V+12
j  java.awt.Window.dispatchEventImpl(Ljava/awt/AWTEvent;)V+19
j  java.awt.Component.dispatchEvent(Ljava/awt/AWTEvent;)V+2
j  java.awt.EventQueue.dispatchEventImpl(Ljava/awt/AWTEvent;Ljava/lang/Object;)V+41
j  java.awt.EventQueue.access$400(Ljava/awt/EventQueue;Ljava/awt/AWTEvent;Ljava/lang/Object;)V+3
j  java.awt.EventQueue$3.run()Ljava/lang/Void;+32
j  java.awt.EventQueue$3.run()Ljava/lang/Object;+1
v  ~StubRoutines::call_stub
J 1260  java.security.AccessController.doPrivileged(Ljava/security/PrivilegedAction;Ljava/security/AccessControlContext;)Ljava/lang/Object; (0 bytes) @ 0x0000000003282e66 [0x0000000003282e00+0x66]
J 1265 C1 java.security.ProtectionDomain$1.doIntersectionPrivilege(Ljava/security/PrivilegedAction;Ljava/security/AccessControlContext;Ljava/security/AccessControlContext;)Ljava/lang/Object; (32 bytes) @ 0x000000000327f54c [0x000000000327f260+0x2ec]
j  java.security.ProtectionDomain$1.doIntersectionPrivilege(Ljava/security/PrivilegedAction;Ljava/security/AccessControlContext;)Ljava/lang/Object;+6
j  java.awt.EventQueue$4.run()Ljava/lang/Void;+11
j  java.awt.EventQueue$4.run()Ljava/lang/Object;+1
v  ~StubRoutines::call_stub
J 1260  java.security.AccessController.doPrivileged(Ljava/security/PrivilegedAction;Ljava/security/AccessControlContext;)Ljava/lang/Object; (0 bytes) @ 0x0000000003282e66 [0x0000000003282e00+0x66]
J 1363 C1 java.awt.EventQueue.dispatchEvent(Ljava/awt/AWTEvent;)V (80 bytes) @ 0x00000000032cc264 [0x00000000032cb680+0xbe4]
j  java.awt.EventDispatchThread.pumpOneEventForFilters(I)V+245
j  java.awt.EventDispatchThread.pumpEventsForFilter(ILjava/awt/Conditional;Ljava/awt/EventFilter;)V+35
j  java.awt.EventDispatchThread.pumpEventsForHierarchy(ILjava/awt/Conditional;Ljava/awt/Component;)V+11
j  java.awt.EventDispatchThread.pumpEvents(ILjava/awt/Conditional;)V+4
j  java.awt.EventDispatchThread.pumpEvents(Ljava/awt/Conditional;)V+3
j  java.awt.EventDispatchThread.run()V+9
v  ~StubRoutines::call_stub

---------------  P R O C E S S  ---------------

Java Threads: ( => current thread )
  0x000000001af2a800 JavaThread "TimerQueue" daemon [_thread_blocked, id=4776, stack(0x000000001cb40000,0x000000001cc40000)]
  0x0000000002d80800 JavaThread "DestroyJavaVM" [_thread_blocked, id=4976, stack(0x0000000002c80000,0x0000000002d80000)]
=>0x000000001ac6b800 JavaThread "AWT-EventQueue-0" [_thread_in_vm, id=1852, stack(0x000000001c540000,0x000000001c640000)]
  0x000000001ab4e000 JavaThread "AWT-Windows" daemon [_thread_in_native, id=3960, stack(0x000000001b8f0000,0x000000001b9f0000)]
  0x000000001ab4b000 JavaThread "AWT-Shutdown" [_thread_blocked, id=2720, stack(0x000000001b7f0000,0x000000001b8f0000)]
  0x000000001abae000 JavaThread "Java2D Disposer" daemon [_thread_blocked, id=4856, stack(0x000000001b6f0000,0x000000001b7f0000)]
  0x0000000019eb0800 JavaThread "Service Thread" daemon [_thread_blocked, id=7840, stack(0x000000001a7f0000,0x000000001a8f0000)]
  0x0000000019e77000 JavaThread "C1 CompilerThread3" daemon [_thread_blocked, id=7336, stack(0x000000001a6f0000,0x000000001a7f0000)]
  0x0000000019e67000 JavaThread "C2 CompilerThread2" daemon [_thread_blocked, id=5936, stack(0x000000001a5f0000,0x000000001a6f0000)]
  0x0000000019e1e000 JavaThread "C2 CompilerThread1" daemon [_thread_in_native, id=7192, stack(0x000000001a4f0000,0x000000001a5f0000)]
  0x0000000019e16800 JavaThread "C2 CompilerThread0" daemon [_thread_blocked, id=6308, stack(0x000000001a3f0000,0x000000001a4f0000)]
  0x0000000019e15000 JavaThread "Attach Listener" daemon [_thread_blocked, id=5084, stack(0x000000001a2f0000,0x000000001a3f0000)]
  0x0000000019e14000 JavaThread "Signal Dispatcher" daemon [_thread_blocked, id=5152, stack(0x000000001a1f0000,0x000000001a2f0000)]
  0x0000000002e78800 JavaThread "Finalizer" daemon [_thread_blocked, id=7448, stack(0x0000000019cf0000,0x0000000019df0000)]
  0x0000000002e70000 JavaThread "Reference Handler" daemon [_thread_blocked, id=6204, stack(0x0000000019bf0000,0x0000000019cf0000)]

Other Threads:
  0x0000000017e19000 VMThread [stack: 0x0000000019af0000,0x0000000019bf0000] [id=2880]
  0x0000000019eb3000 WatcherThread [stack: 0x000000001a8f0000,0x000000001a9f0000] [id=6380]

VM state:not at safepoint (normal execution)

VM Mutex/Monitor currently owned by a thread: None

Heap:
 PSYoungGen      total 8192K, used 7358K [0x00000000d5d80000, 0x00000000d6980000, 0x0000000100000000)
  eden space 5632K, 93% used [0x00000000d5d80000,0x00000000d62a9eb8,0x00000000d6300000)
  from space 2560K, 80% used [0x00000000d6600000,0x00000000d6805b58,0x00000000d6880000)
  to   space 3072K, 0% used [0x00000000d6300000,0x00000000d6300000,0x00000000d6600000)
 ParOldGen       total 129536K, used 3502K [0x0000000081800000, 0x0000000089680000, 0x00000000d5d80000)
  object space 129536K, 2% used [0x0000000081800000,0x0000000081b6bb28,0x0000000089680000)
 Metaspace       used 14544K, capacity 14700K, committed 15104K, reserved 1062912K
  class space    used 1853K, capacity 1921K, committed 2048K, reserved 1048576K

Card table byte_map: [0x0000000012240000,0x0000000012640000] byte_map_base: 0x0000000011e34000

Marking Bits: (ParMarkBitMap*) 0x000000005dbc13b0
 Begin Bits: [0x00000000130f0000, 0x0000000015090000)
 End Bits:   [0x0000000015090000, 0x0000000017030000)

Polling page: 0x0000000001420000

CodeCache: size=245760Kb used=4518Kb max_used=4518Kb free=241241Kb
 bounds [0x0000000002e80000, 0x00000000032f0000, 0x0000000011e80000]
 total_blobs=1978 nmethods=1422 adapters=469
 compilation: enabled

Compilation events (10 events):
Event: 3.812 Thread 0x0000000019e77000 1416       3       sun.awt.image.PixelConverter$Xrgb::rgbToPixel (2 bytes)
Event: 3.812 Thread 0x0000000019e77000 nmethod 1416 0x00000000032e9490 code [0x00000000032e95e0, 0x00000000032e9730]
Event: 3.814 Thread 0x0000000019e77000 1417   !   3       sun.dc.pr.Rasterizer::getAlpha (76 bytes)
Event: 3.814 Thread 0x0000000019e77000 nmethod 1417 0x00000000032ea590 code [0x00000000032ea7c0, 0x00000000032eb368]
Event: 3.814 Thread 0x0000000019e77000 1418       3       sun.dc.pr.PathFiller::writeAlpha (10 bytes)
Event: 3.814 Thread 0x0000000019e77000 nmethod 1418 0x00000000032ebb90 code [0x00000000032ebd00, 0x00000000032ebe88]
Event: 3.814 Thread 0x0000000019e77000 1424       3       javax.swing.plaf.synth.SynthLookAndFeel::getSelectedUI (13 bytes)
Event: 3.815 Thread 0x0000000019e77000 nmethod 1424 0x00000000032ebf50 code [0x00000000032ec0c0, 0x00000000032ec3d8]
Event: 3.815 Thread 0x0000000019e77000 1423  s    3       sun.dc.DuctusRenderingEngine::getRasterizer (25 bytes)
Event: 3.815 Thread 0x0000000019e77000 nmethod 1423 0x00000000032ec4d0 code [0x00000000032ec640, 0x00000000032eca08]

GC Heap History (10 events):
Event: 0.871 GC heap before
{Heap before GC invocations=6 (full 0):
 PSYoungGen      total 1536K, used 1520K [0x00000000d5d80000, 0x00000000d6180000, 0x0000000100000000)
  eden space 1024K, 100% used [0x00000000d5d80000,0x00000000d5e80000,0x00000000d5e80000)
  from space 512K, 96% used [0x00000000d5e80000,0x00000000d5efc010,0x00000000d5f00000)
  to   space 1024K, 0% used [0x00000000d6080000,0x00000000d6080000,0x00000000d6180000)
 ParOldGen       total 129536K, used 1065K [0x0000000081800000, 0x0000000089680000, 0x00000000d5d80000)
  object space 129536K, 0% used [0x0000000081800000,0x000000008190a4c8,0x0000000089680000)
 Metaspace       used 6822K, capacity 6942K, committed 7296K, reserved 1056768K
  class space    used 724K, capacity 769K, committed 896K, reserved 1048576K
Event: 0.876 GC heap after
Heap after GC invocations=6 (full 0):
 PSYoungGen      total 3072K, used 850K [0x00000000d5d80000, 0x00000000d6180000, 0x0000000100000000)
  eden space 2048K, 0% used [0x00000000d5d80000,0x00000000d5d80000,0x00000000d5f80000)
  from space 1024K, 83% used [0x00000000d6080000,0x00000000d6154ba0,0x00000000d6180000)
  to   space 1024K, 0% used [0x00000000d5f80000,0x00000000d5f80000,0x00000000d6080000)
 ParOldGen       total 129536K, used 1073K [0x0000000081800000, 0x0000000089680000, 0x00000000d5d80000)
  object space 129536K, 0% used [0x0000000081800000,0x000000008190c4c8,0x0000000089680000)
 Metaspace       used 6822K, capacity 6942K, committed 7296K, reserved 1056768K
  class space    used 724K, capacity 769K, committed 896K, reserved 1048576K
}
Event: 1.235 GC heap before
{Heap before GC invocations=7 (full 0):
 PSYoungGen      total 3072K, used 2898K [0x00000000d5d80000, 0x00000000d6180000, 0x0000000100000000)
  eden space 2048K, 100% used [0x00000000d5d80000,0x00000000d5f80000,0x00000000d5f80000)
  from space 1024K, 83% used [0x00000000d6080000,0x00000000d6154ba0,0x00000000d6180000)
  to   space 1024K, 0% used [0x00000000d5f80000,0x00000000d5f80000,0x00000000d6080000)
 ParOldGen       total 129536K, used 1073K [0x0000000081800000, 0x0000000089680000, 0x00000000d5d80000)
  object space 129536K, 0% used [0x0000000081800000,0x000000008190c4c8,0x0000000089680000)
 Metaspace       used 10863K, capacity 11030K, committed 11136K, reserved 1058816K
  class space    used 1317K, capacity 1368K, committed 1408K, reserved 1048576K
Event: 1.241 GC heap after
Heap after GC invocations=7 (full 0):
 PSYoungGen      total 3072K, used 1024K [0x00000000d5d80000, 0x00000000d6480000, 0x0000000100000000)
  eden space 2048K, 0% used [0x00000000d5d80000,0x00000000d5d80000,0x00000000d5f80000)
  from space 1024K, 100% used [0x00000000d5f80000,0x00000000d6080000,0x00000000d6080000)
  to   space 1536K, 0% used [0x00000000d6300000,0x00000000d6300000,0x00000000d6480000)
 ParOldGen       total 129536K, used 1681K [0x0000000081800000, 0x0000000089680000, 0x00000000d5d80000)
  object space 129536K, 1% used [0x0000000081800000,0x00000000819a4518,0x0000000089680000)
 Metaspace       used 10863K, capacity 11030K, committed 11136K, reserved 1058816K
  class space    used 1317K, capacity 1368K, committed 1408K, reserved 1048576K
}
Event: 1.576 GC heap before
{Heap before GC invocations=8 (full 0):
 PSYoungGen      total 3072K, used 3072K [0x00000000d5d80000, 0x00000000d6480000, 0x0000000100000000)
  eden space 2048K, 100% used [0x00000000d5d80000,0x00000000d5f80000,0x00000000d5f80000)
  from space 1024K, 100% used [0x00000000d5f80000,0x00000000d6080000,0x00000000d6080000)
  to   space 1536K, 0% used [0x00000000d6300000,0x00000000d6300000,0x00000000d6480000)
 ParOldGen       total 129536K, used 1681K [0x0000000081800000, 0x0000000089680000, 0x00000000d5d80000)
  object space 129536K, 1% used [0x0000000081800000,0x00000000819a4518,0x0000000089680000)
 Metaspace       used 13123K, capacity 13224K, committed 13312K, reserved 1060864K
  class space    used 1704K, capacity 1755K, committed 1792K, reserved 1048576K
Event: 1.581 GC heap after
Heap after GC invocations=8 (full 0):
 PSYoungGen      total 5120K, used 1536K [0x00000000d5d80000, 0x00000000d6580000, 0x0000000100000000)
  eden space 3584K, 0% used [0x00000000d5d80000,0x00000000d5d80000,0x00000000d6100000)
  from space 1536K, 100% used [0x00000000d6300000,0x00000000d6480000,0x00000000d6480000)
  to   space 2048K, 0% used [0x00000000d6100000,0x00000000d6100000,0x00000000d6300000)
 ParOldGen       total 129536K, used 1843K [0x0000000081800000, 0x0000000089680000, 0x00000000d5d80000)
  object space 129536K, 1% used [0x0000000081800000,0x00000000819ccc08,0x0000000089680000)
 Metaspace       used 13123K, capacity 13224K, committed 13312K, reserved 1060864K
  class space    used 1704K, capacity 1755K, committed 1792K, reserved 1048576K
}
Event: 1.869 GC heap before
{Heap before GC invocations=9 (full 0):
 PSYoungGen      total 5120K, used 5111K [0x00000000d5d80000, 0x00000000d6580000, 0x0000000100000000)
  eden space 3584K, 99% used [0x00000000d5d80000,0x00000000d60fdd38,0x00000000d6100000)
  from space 1536K, 100% used [0x00000000d6300000,0x00000000d6480000,0x00000000d6480000)
  to   space 2048K, 0% used [0x00000000d6100000,0x00000000d6100000,0x00000000d6300000)
 ParOldGen       total 129536K, used 1843K [0x0000000081800000, 0x0000000089680000, 0x00000000d5d80000)
  object space 129536K, 1% used [0x0000000081800000,0x00000000819ccc08,0x0000000089680000)
 Metaspace       used 14196K, capacity 14330K, committed 14464K, reserved 1062912K
  class space    used 1843K, capacity 1886K, committed 1920K, reserved 1048576K
Event: 1.872 GC heap after
Heap after GC invocations=9 (full 0):
 PSYoungGen      total 5632K, used 2038K [0x00000000d5d80000, 0x00000000d6880000, 0x0000000100000000)
  eden space 3584K, 0% used [0x00000000d5d80000,0x00000000d5d80000,0x00000000d6100000)
  from space 2048K, 99% used [0x00000000d6100000,0x00000000d62fdb58,0x00000000d6300000)
  to   space 2560K, 0% used [0x00000000d6600000,0x00000000d6600000,0x00000000d6880000)
 ParOldGen       total 129536K, used 2746K [0x0000000081800000, 0x0000000089680000, 0x00000000d5d80000)
  object space 129536K, 2% used [0x0000000081800000,0x0000000081aae908,0x0000000089680000)
 Metaspace       used 14196K, capacity 14330K, committed 14464K, reserved 1062912K
  class space    used 1843K, capacity 1886K, committed 1920K, reserved 1048576K
}
Event: 2.973 GC heap before
{Heap before GC invocations=10 (full 0):
 PSYoungGen      total 5632K, used 5622K [0x00000000d5d80000, 0x00000000d6880000, 0x0000000100000000)
  eden space 3584K, 100% used [0x00000000d5d80000,0x00000000d6100000,0x00000000d6100000)
  from space 2048K, 99% used [0x00000000d6100000,0x00000000d62fdb58,0x00000000d6300000)
  to   space 2560K, 0% used [0x00000000d6600000,0x00000000d6600000,0x00000000d6880000)
 ParOldGen       total 129536K, used 2746K [0x0000000081800000, 0x0000000089680000, 0x00000000d5d80000)
  object space 129536K, 2% used [0x0000000081800000,0x0000000081aae908,0x0000000089680000)
 Metaspace       used 14383K, capacity 14476K, committed 14720K, reserved 1062912K
  class space    used 1850K, capacity 1889K, committed 1920K, reserved 1048576K
Event: 2.978 GC heap after
Heap after GC invocations=10 (full 0):
 PSYoungGen      total 8192K, used 2070K [0x00000000d5d80000, 0x00000000d6980000, 0x0000000100000000)
  eden space 5632K, 0% used [0x00000000d5d80000,0x00000000d5d80000,0x00000000d6300000)
  from space 2560K, 80% used [0x00000000d6600000,0x00000000d6805b58,0x00000000d6880000)
  to   space 3072K, 0% used [0x00000000d6300000,0x00000000d6300000,0x00000000d6600000)
 ParOldGen       total 129536K, used 3502K [0x0000000081800000, 0x0000000089680000, 0x00000000d5d80000)
  object space 129536K, 2% used [0x0000000081800000,0x0000000081b6bb28,0x0000000089680000)
 Metaspace       used 14383K, capacity 14476K, committed 14720K, reserved 1062912K
  class space    used 1850K, capacity 1889K, committed 1920K, reserved 1048576K
}

Deoptimization events (7 events):
Event: 0.595 Thread 0x0000000002d80800 Uncommon trap: reason=unloaded action=reinterpret pc=0x0000000002fee1a4 method=org.sqlite.SQLiteJDBCLoader.md5sum(Ljava/io/InputStream;)Ljava/lang/String; @ 35
Event: 0.596 Thread 0x0000000002d80800 Uncommon trap: reason=unreached action=reinterpret pc=0x0000000002fec930 method=sun.security.provider.DigestBase.engineUpdate(B)V @ 4
Event: 1.352 Thread 0x0000000002d80800 Uncommon trap: reason=unreached action=reinterpret pc=0x000000000309c408 method=java.util.HashMap.getNode(ILjava/lang/Object;)Ljava/util/HashMap$Node; @ 84
Event: 1.353 Thread 0x0000000002d80800 Uncommon trap: reason=unreached action=reinterpret pc=0x00000000030a2fc8 method=java.util.HashMap.getNode(ILjava/lang/Object;)Ljava/util/HashMap$Node; @ 84
Event: 1.424 Thread 0x0000000002d80800 Uncommon trap: reason=unreached action=reinterpret pc=0x0000000003091330 method=java.util.HashMap.putVal(ILjava/lang/Object;Ljava/lang/Object;ZZ)Ljava/lang/Object; @ 109
Event: 1.424 Thread 0x0000000002d80800 Uncommon trap: reason=unreached action=reinterpret pc=0x000000000308a628 method=java.util.HashMap.putVal(ILjava/lang/Object;Ljava/lang/Object;ZZ)Ljava/lang/Object; @ 109
Event: 1.432 Thread 0x0000000002d80800 Uncommon trap: reason=null_check action=make_not_entrant pc=0x00000000030d0d68 method=javax.swing.plaf.nimbus.DerivedColor.equals(Ljava/lang/Object;)Z @ 8

Internal exceptions (10 events):
Event: 2.926 Thread 0x000000001ac6b800 Exception <a 'java/lang/ClassNotFoundException': ToolTip> (0x00000000d5fe2000) thrown at [D:\re\workspace\8-2-build-windows-amd64-cygwin\jdk8u5\2488\hotspot\src\share\vm\classfile\systemDictionary.cpp, line 202]
Event: 2.926 Thread 0x000000001ac6b800 Exception <a 'java/lang/ClassNotFoundException': Tree> (0x00000000d5fe27c8) thrown at [D:\re\workspace\8-2-build-windows-amd64-cygwin\jdk8u5\2488\hotspot\src\share\vm\classfile\systemDictionary.cpp, line 202]
Event: 2.927 Thread 0x000000001ac6b800 Exception <a 'java/lang/ClassNotFoundException': Tree> (0x00000000d5fe2ff8) thrown at [D:\re\workspace\8-2-build-windows-amd64-cygwin\jdk8u5\2488\hotspot\src\share\vm\classfile\systemDictionary.cpp, line 202]
Event: 2.927 Thread 0x000000001ac6b800 Exception <a 'java/lang/ClassNotFoundException': javax/swing/JTreeCell> (0x00000000d5fe34c8) thrown at [D:\re\workspace\8-2-build-windows-amd64-cygwin\jdk8u5\2488\hotspot\src\share\vm\classfile\systemDictionary.cpp, line 202]
Event: 2.927 Thread 0x000000001ac6b800 Exception <a 'java/lang/ClassNotFoundException': TreeCell> (0x00000000d5fe3a88) thrown at [D:\re\workspace\8-2-build-windows-amd64-cygwin\jdk8u5\2488\hotspot\src\share\vm\classfile\systemDictionary.cpp, line 202]
Event: 2.927 Thread 0x000000001ac6b800 Exception <a 'java/lang/ClassNotFoundException': RootPane> (0x00000000d5fe43e0) thrown at [D:\re\workspace\8-2-build-windows-amd64-cygwin\jdk8u5\2488\hotspot\src\share\vm\classfile\systemDictionary.cpp, line 202]
Event: 2.929 Thread 0x000000001ac6b800 Exception <a 'java/security/PrivilegedActionException'> (0x00000000d6015d70) thrown at [D:\re\workspace\8-2-build-windows-amd64-cygwin\jdk8u5\2488\hotspot\src\share\vm\prims\jvm.cpp, line 1248]
Event: 2.929 Thread 0x000000001ac6b800 Exception <a 'java/security/PrivilegedActionException'> (0x00000000d6018b60) thrown at [D:\re\workspace\8-2-build-windows-amd64-cygwin\jdk8u5\2488\hotspot\src\share\vm\prims\jvm.cpp, line 1248]
Event: 2.930 Thread 0x000000001ac6b800 Exception <a 'java/security/PrivilegedActionException'> (0x00000000d601d028) thrown at [D:\re\workspace\8-2-build-windows-amd64-cygwin\jdk8u5\2488\hotspot\src\share\vm\prims\jvm.cpp, line 1248]
Event: 2.930 Thread 0x000000001ac6b800 Exception <a 'java/security/PrivilegedActionException'> (0x00000000d601fdc8) thrown at [D:\re\workspace\8-2-build-windows-amd64-cygwin\jdk8u5\2488\hotspot\src\share\vm\prims\jvm.cpp, line 1248]

Events (10 events):
Event: 3.096 loading class javax/swing/Autoscroller
Event: 3.096 loading class javax/swing/Autoscroller done
Event: 3.106 loading class java/awt/LightweightDispatcher$2
Event: 3.106 loading class java/awt/LightweightDispatcher$2 done
Event: 3.122 Thread 0x000000001ac6b800 DEOPT PACKING pc=0x000000000316a2da sp=0x000000001c63b4b0
Event: 3.122 Thread 0x000000001ac6b800 DEOPT UNPACKING pc=0x0000000002ec7604 sp=0x000000001c63b1b0 mode 0
Event: 3.125 Thread 0x000000001ac6b800 DEOPT PACKING pc=0x000000000316a2da sp=0x000000001c63b4b0
Event: 3.125 Thread 0x000000001ac6b800 DEOPT UNPACKING pc=0x0000000002ec7604 sp=0x000000001c63b1b0 mode 0
Event: 3.135 Thread 0x000000001ac6b800 DEOPT PACKING pc=0x000000000316a2da sp=0x000000001c63b500
Event: 3.135 Thread 0x000000001ac6b800 DEOPT UNPACKING pc=0x0000000002ec7604 sp=0x000000001c63b200 mode 0


Dynamic libraries:
0x00007ff71cc70000 - 0x00007ff71cca4000 	C:\Program Files\Java\jdk1.8.0_05\bin\java.exe
0x00007fff07200000 - 0x00007fff073aa000 	C:\WINDOWS\SYSTEM32\ntdll.dll
0x00007fff06ad0000 - 0x00007fff06c0a000 	C:\WINDOWS\system32\KERNEL32.DLL
0x00007fff04970000 - 0x00007fff04a7f000 	C:\WINDOWS\system32\KERNELBASE.dll
0x000000005e970000 - 0x000000005ea02000 	C:\Program Files\Bitdefender\Antivirus Free Edition\avc3\avc3_sig_260\avcuf64.dll
0x00007fff03170000 - 0x00007fff031f8000 	C:\WINDOWS\system32\apphelp.dll
0x00007ffefabf0000 - 0x00007ffefac3f000 	C:\WINDOWS\AppPatch\AppPatch64\AcGenral.DLL
0x00007fff04e30000 - 0x00007fff04ed7000 	C:\WINDOWS\system32\msvcrt.dll
0x00007fff043b0000 - 0x00007fff043db000 	C:\WINDOWS\SYSTEM32\SspiCli.dll
0x00007fff06950000 - 0x00007fff069a1000 	C:\WINDOWS\system32\SHLWAPI.dll
0x00007fff04ee0000 - 0x00007fff05051000 	C:\WINDOWS\system32\USER32.dll
0x00007fff067d0000 - 0x00007fff06948000 	C:\WINDOWS\system32\ole32.dll
0x00007fff05210000 - 0x00007fff0662f000 	C:\WINDOWS\system32\SHELL32.dll
0x00007fff03b80000 - 0x00007fff03b9e000 	C:\WINDOWS\SYSTEM32\USERENV.dll
0x00007fff04d70000 - 0x00007fff04e15000 	C:\WINDOWS\system32\ADVAPI32.dll
0x00007ffef5c50000 - 0x00007ffef5c6b000 	C:\WINDOWS\SYSTEM32\MPR.dll
0x00007fff06630000 - 0x00007fff06767000 	C:\WINDOWS\system32\RPCRT4.dll
0x00007fff06a70000 - 0x00007fff06ac7000 	C:\WINDOWS\SYSTEM32\sechost.dll
0x00007fff04a80000 - 0x00007fff04c56000 	C:\WINDOWS\SYSTEM32\combase.dll
0x00007fff070b0000 - 0x00007fff071f4000 	C:\WINDOWS\system32\GDI32.dll
0x00007fff04570000 - 0x00007fff04584000 	C:\WINDOWS\SYSTEM32\profapi.dll
0x00007fff02800000 - 0x00007fff0289f000 	C:\WINDOWS\SYSTEM32\SHCORE.dll
0x00007fff04c70000 - 0x00007fff04ca4000 	C:\WINDOWS\system32\IMM32.DLL
0x00007fff06cb0000 - 0x00007fff06de9000 	C:\WINDOWS\system32\MSCTF.dll
0x00007fff01930000 - 0x00007fff01b8a000 	C:\WINDOWS\WinSxS\amd64_microsoft.windows.common-controls_6595b64144ccf1df_6.0.9600.17031_none_6242a4b3ecbb55a1\COMCTL32.dll
0x000000005d330000 - 0x000000005d402000 	C:\Program Files\Java\jdk1.8.0_05\jre\bin\msvcr100.dll
0x000000005d410000 - 0x000000005dc3a000 	C:\Program Files\Java\jdk1.8.0_05\jre\bin\server\jvm.dll
0x00007ffeff340000 - 0x00007ffeff349000 	C:\WINDOWS\SYSTEM32\WSOCK32.dll
0x00007ffefe580000 - 0x00007ffefe59f000 	C:\WINDOWS\SYSTEM32\WINMM.dll
0x00007fff05060000 - 0x00007fff05067000 	C:\WINDOWS\system32\PSAPI.DLL
0x00007fff07050000 - 0x00007fff070a8000 	C:\WINDOWS\system32\WS2_32.dll
0x00007ffefe450000 - 0x00007ffefe47a000 	C:\WINDOWS\SYSTEM32\WINMMBASE.dll
0x00007fff04e20000 - 0x00007fff04e29000 	C:\WINDOWS\system32\NSI.dll
0x00007fff046f0000 - 0x00007fff0473a000 	C:\WINDOWS\SYSTEM32\cfgmgr32.dll
0x00007fff03410000 - 0x00007fff03436000 	C:\WINDOWS\SYSTEM32\DEVOBJ.dll
0x000000005ea10000 - 0x000000005ea1f000 	C:\Program Files\Java\jdk1.8.0_05\jre\bin\verify.dll
0x000000005d2c0000 - 0x000000005d2e8000 	C:\Program Files\Java\jdk1.8.0_05\jre\bin\java.dll
0x000000005d2a0000 - 0x000000005d2b6000 	C:\Program Files\Java\jdk1.8.0_05\jre\bin\zip.dll
0x000000006a8c0000 - 0x000000006a976000 	C:\Users\Chris\AppData\Local\Temp\sqlite-3.8.2-amd64-sqlitejdbc.dll
0x000000005d0c0000 - 0x000000005d256000 	C:\Program Files\Java\jdk1.8.0_05\jre\bin\awt.dll
0x00007fff069b0000 - 0x00007fff06a67000 	C:\WINDOWS\system32\OLEAUT32.dll
0x00007fff032c0000 - 0x00007fff033e1000 	C:\WINDOWS\system32\uxtheme.dll
0x00007fff02630000 - 0x00007fff02650000 	C:\WINDOWS\system32\dwmapi.dll
0x00007fff03440000 - 0x00007fff0344a000 	C:\WINDOWS\SYSTEM32\kernel.appcore.dll
0x00007fff04440000 - 0x00007fff0444a000 	C:\WINDOWS\SYSTEM32\CRYPTBASE.dll
0x00007fff043e0000 - 0x00007fff04440000 	C:\WINDOWS\SYSTEM32\bcryptPrimitives.dll
0x000000005d070000 - 0x000000005d0b7000 	C:\Program Files\Java\jdk1.8.0_05\jre\bin\fontmanager.dll
0x000000005d280000 - 0x000000005d29a000 	C:\Program Files\Java\jdk1.8.0_05\jre\bin\net.dll
0x00007fff03dd0000 - 0x00007fff03e28000 	C:\WINDOWS\system32\mswsock.dll
0x000000005d260000 - 0x000000005d271000 	C:\Program Files\Java\jdk1.8.0_05\jre\bin\nio.dll
0x000000005d020000 - 0x000000005d061000 	C:\Program Files\Java\jdk1.8.0_05\jre\bin\t2k.dll
0x00007fff04cb0000 - 0x00007fff04d54000 	C:\WINDOWS\SYSTEM32\clbcatq.dll
0x00007fff01e30000 - 0x00007fff01fc3000 	C:\WINDOWS\SYSTEM32\WindowsCodecs.dll
0x00007fff03e30000 - 0x00007fff03e4e000 	C:\WINDOWS\SYSTEM32\CRYPTSP.dll
0x00007fff03a70000 - 0x00007fff03aa5000 	C:\WINDOWS\system32\rsaenh.dll
0x00007fff04060000 - 0x00007fff04086000 	C:\WINDOWS\SYSTEM32\bcrypt.dll
0x000000005cff0000 - 0x000000005d01a000 	C:\Program Files\Java\jdk1.8.0_05\jre\bin\dcpr.dll
0x00007fff02fe0000 - 0x00007fff03168000 	C:\WINDOWS\SYSTEM32\dbghelp.dll

VM Arguments:
jvm_args: -Dfile.encoding=UTF-8 
java_command: com.maintenance.rexam.MachineOEE
java_class_path (initial): C:\Users\Chris\Documents\SPRING\Rexam3\bin\commons-beanutils-1.8.0.jar;C:\Users\Chris\Documents\SPRING\Rexam3\bin\commons-collections-3.2.1.jar;C:\Users\Chris\Documents\SPRING\Rexam3\bin\commons-digester-2.1.jar;C:\Users\Chris\Documents\SPRING\Rexam3\bin\commons-javaflow-20060411.jar;C:\Users\Chris\Documents\SPRING\Rexam3\commons-logging-1.1.1.jar;C:\Users\Chris\Documents\SPRING\Rexam3\src\groovy-all-2.0.1.jar;C:\Users\Chris\Documents\SPRING\Rexam3\src\iText-2.1.7.js2.jar;C:\Users\Chris\Documents\SPRING\Rexam3\src\png-encoder-1.5.jar;C:\Users\Chris\Documents\SPRING\Rexam3\src\poi-3.7-20101029.jar;C:\Users\Chris\Documents\SPRING\Rexam3\jasperreports-5.6.0.jar;C:\Users\Chris\Documents\SPRING\Rexam3\sqlite-jdbc4-3.8.2-SNAPSHOT.jar;C:\Users\Chris\Documents\SPRING\Rexam3\pdfbox-app-1.8.6.jar;C:\Users\Chris\Documents\SPRING\Rexam3\jdatepicker-1.3.2.jar;C:\Users\Chris\Documents\SPRING\Rexam4\Libraries\poi-3.10.1\poi-3.10.1-20140818.jar;C:\Users\Chris\Documents\SPRING\Rexam4\build\classes
Launcher Type: SUN_STANDARD

Environment Variables:
PATH=C:\ProgramData\Oracle\Java\javapath;C:\tools\jasperreports-5.0.1\dist\jasperreports-5.6.0.jar;C:\tools\jasperreports-5.6.0\lib;
USERNAME=Chris
OS=Windows_NT
PROCESSOR_IDENTIFIER=Intel64 Family 6 Model 58 Stepping 9, GenuineIntel



---------------  S Y S T E M  ---------------

OS: Windows 8.1 , 64 bit Build 9600 

CPU:total 8 (4 cores per cpu, 2 threads per core) family 6 model 58 stepping 9, cmov, cx8, fxsr, mmx, sse, sse2, sse3, ssse3, sse4.1, sse4.2, popcnt, avx, aes, clmul, erms, ht, tsc, tscinvbit

Memory: 4k page, physical 8282680k(3635696k free), swap 20865592k(13261772k free)

vm_info: Java HotSpot(TM) 64-Bit Server VM (25.5-b02) for windows-amd64 JRE (1.8.0_05-b13), built on Mar 18 2014 01:08:39 by "java_re" with MS VC++ 10.0 (VS2010)

time: Wed Oct 01 10:08:39 2014
elapsed time: 3 seconds

