#
# A fatal error has been detected by the Java Runtime Environment:
#
#  EXCEPTION_ACCESS_VIOLATION (0xc0000005) at pc=0x000000005d5416c4, pid=7224, tid=7412
#
# JRE version: Java(TM) SE Runtime Environment (8.0_05-b13) (build 1.8.0_05-b13)
# Java VM: Java HotSpot(TM) 64-Bit Server VM (25.5-b02 mixed mode windows-amd64 compressed oops)
# Problematic frame:
# V  [jvm.dll+0x1316c4]
#
# Failed to write core dump. Minidumps are not enabled by default on client versions of Windows
#
# If you would like to submit a bug report, please visit:
#   http://bugreport.sun.com/bugreport/crash.jsp
#

---------------  T H R E A D  ---------------

Current thread (0x000000001a835000):  JavaThread "AWT-EventQueue-0" [_thread_in_vm, id=7412, stack(0x000000001b720000,0x000000001b820000)]

siginfo: ExceptionCode=0xc0000005, reading address 0x0000000000000000

Registers:
RAX=0x0000000000000000, RBX=0x000000001a835000, RCX=0x0000000000000500, RDX=0x0000000000000000
RSP=0x000000001b81ca40, RBP=0x000000001b81cbb8, RSI=0x0000000000000000, RDI=0x0000000000000000
R8 =0x0000000000000000, R9 =0x00000000d60ac0f8, R10=0x000000000000002a, R11=0x000000005dbb9230
R12=0x000000001ae3c328, R13=0x0000000000000000, R14=0x000000001b81cbb8, R15=0x000000001a835000
RIP=0x000000005d5416c4, EFLAGS=0x0000000000010202

Top of Stack: (sp=0x000000001b81ca40)
0x000000001b81ca40:   0000000000000000 000000001b81ca78
0x000000001b81ca50:   000000001b81cac0 0000000002aa7380
0x000000001b81ca60:   000000001a835000 0000000000000000
0x000000001b81ca70:   0000000000000002 000000008195a698
0x000000001b81ca80:   00000000174c4ca0 0000000000000000
0x000000001b81ca90:   000000001a8351e0 000000006a8c2150
0x000000001b81caa0:   000000001b81cbb8 0000000002aa7380
0x000000001b81cab0:   0000000000000000 000000001b81cad0
0x000000001b81cac0:   000000001b81cb28 0000000002aa7380
0x000000001b81cad0:   000000008195a680 0000000000000031
0x000000001b81cae0:   00000000174c4ca8 00000000000002c8
0x000000001b81caf0:   0000000002aa7380 000000001b81cb90
0x000000001b81cb00:   0000000000000000 0000000002ab5c99
0x000000001b81cb10:   000000001713dba0 0000000000000000
0x000000001b81cb20:   000000001b81cb38 000000001b81cb90
0x000000001b81cb30:   0000000002aa7380 000000008195ffc0 

Instructions: (pc=0x000000005d5416c4)
0x000000005d5416a4:   89 5c 24 20 48 89 74 24 28 48 39 73 08 74 0a 48
0x000000005d5416b4:   8d 4c 24 20 e8 d3 a8 12 00 40 38 35 34 6c 67 00
0x000000005d5416c4:   48 8b 3f 48 63 05 0a e9 65 00 74 1b 8b 0c 38 85
0x000000005d5416d4:   c9 74 77 8b c1 8b 0d 69 1b 61 00 48 d3 e0 48 03 


Register to memory mapping:

RAX=0x0000000000000000 is an unknown value
RBX=0x000000001a835000 is a thread
RCX=0x0000000000000500 is an unknown value
RDX=0x0000000000000000 is an unknown value
RSP=0x000000001b81ca40 is pointing into the stack for thread: 0x000000001a835000
RBP=0x000000001b81cbb8 is pointing into the stack for thread: 0x000000001a835000
RSI=0x0000000000000000 is an unknown value
RDI=0x0000000000000000 is an unknown value
R8 =0x0000000000000000 is an unknown value
R9 =0x00000000d60ac0f8 is an oop
org.sqlite.core.NativeDB 
 - klass: 'org/sqlite/core/NativeDB'
R10=0x000000000000002a is an unknown value
R11=0x000000005dbb9230 is an unknown value
R12=0x000000001ae3c328 is an unknown value
R13=0x0000000000000000 is an unknown value
R14=0x000000001b81cbb8 is pointing into the stack for thread: 0x000000001a835000
R15=0x000000001a835000 is a thread


Stack: [0x000000001b720000,0x000000001b820000],  sp=0x000000001b81ca40,  free space=1010k
Native frames: (J=compiled Java code, j=interpreted, Vv=VM code, C=native code)
V  [jvm.dll+0x1316c4]
C  [sqlite-3.8.2-amd64-sqlitejdbc.dll+0x2150]

Java frames: (J=compiled Java code, j=interpreted, Vv=VM code)
j  org.sqlite.core.NativeDB.prepare(Ljava/lang/String;)J+0
j  org.sqlite.core.DB.prepare(Lorg/sqlite/core/CoreStatement;)V+21
j  org.sqlite.jdbc3.JDBC3Statement.execute(Ljava/lang/String;)Z+35
j  com.database.rexam.SQLiteConnection.MaintenanceMachineOEEgetAverages(I)[I+272
j  com.maintenance.rexam.MachineOEE.setAverage(I)V+6
j  com.maintenance.rexam.MachineOEE$13.actionPerformed(Ljava/awt/event/ActionEvent;)V+2
j  javax.swing.AbstractButton.fireActionPerformed(Ljava/awt/event/ActionEvent;)V+83
j  javax.swing.AbstractButton$Handler.actionPerformed(Ljava/awt/event/ActionEvent;)V+5
j  javax.swing.DefaultButtonModel.fireActionPerformed(Ljava/awt/event/ActionEvent;)V+34
j  javax.swing.DefaultButtonModel.setPressed(Z)V+117
j  javax.swing.plaf.basic.BasicButtonListener.mouseReleased(Ljava/awt/event/MouseEvent;)V+35
j  java.awt.Component.processMouseEvent(Ljava/awt/event/MouseEvent;)V+64
j  javax.swing.JComponent.processMouseEvent(Ljava/awt/event/MouseEvent;)V+23
j  java.awt.Component.processEvent(Ljava/awt/AWTEvent;)V+81
j  java.awt.Container.processEvent(Ljava/awt/AWTEvent;)V+18
J 1604 C1 java.awt.Component.dispatchEventImpl(Ljava/awt/AWTEvent;)V (883 bytes) @ 0x0000000002fb401c [0x0000000002faf5a0+0x4a7c]
J 1022 C1 java.awt.Container.dispatchEventImpl(Ljava/awt/AWTEvent;)V (129 bytes) @ 0x0000000002df2f7c [0x0000000002df2e40+0x13c]
J 1021 C1 java.awt.Component.dispatchEvent(Ljava/awt/AWTEvent;)V (6 bytes) @ 0x0000000002df3efc [0x0000000002df3e00+0xfc]
j  java.awt.LightweightDispatcher.retargetMouseEvent(Ljava/awt/Component;ILjava/awt/event/MouseEvent;)V+327
j  java.awt.LightweightDispatcher.processMouseEvent(Ljava/awt/event/MouseEvent;)Z+143
j  java.awt.LightweightDispatcher.dispatchEvent(Ljava/awt/AWTEvent;)Z+50
J 1022 C1 java.awt.Container.dispatchEventImpl(Ljava/awt/AWTEvent;)V (129 bytes) @ 0x0000000002df2f1c [0x0000000002df2e40+0xdc]
j  java.awt.Window.dispatchEventImpl(Ljava/awt/AWTEvent;)V+19
J 1425 C1 java.awt.EventQueue.dispatchEventImpl(Ljava/awt/AWTEvent;Ljava/lang/Object;)V (149 bytes) @ 0x0000000002f0b134 [0x0000000002f09b00+0x1634]
J 1423 C1 java.awt.EventQueue$3.run()Ljava/lang/Void; (60 bytes) @ 0x0000000002f092fc [0x0000000002f09100+0x1fc]
J 1422 C1 java.awt.EventQueue$3.run()Ljava/lang/Object; (5 bytes) @ 0x0000000002f06b04 [0x0000000002f06a80+0x84]
v  ~StubRoutines::call_stub
J 991  java.security.AccessController.doPrivileged(Ljava/security/PrivilegedAction;Ljava/security/AccessControlContext;)Ljava/lang/Object; (0 bytes) @ 0x0000000002de9da6 [0x0000000002de9d40+0x66]
J 1001 C1 java.security.ProtectionDomain$1.doIntersectionPrivilege(Ljava/security/PrivilegedAction;Ljava/security/AccessControlContext;Ljava/security/AccessControlContext;)Ljava/lang/Object; (32 bytes) @ 0x0000000002df01cc [0x0000000002defee0+0x2ec]
j  java.security.ProtectionDomain$1.doIntersectionPrivilege(Ljava/security/PrivilegedAction;Ljava/security/AccessControlContext;)Ljava/lang/Object;+6
j  java.awt.EventQueue$4.run()Ljava/lang/Void;+11
j  java.awt.EventQueue$4.run()Ljava/lang/Object;+1
v  ~StubRoutines::call_stub
J 991  java.security.AccessController.doPrivileged(Ljava/security/PrivilegedAction;Ljava/security/AccessControlContext;)Ljava/lang/Object; (0 bytes) @ 0x0000000002de9da6 [0x0000000002de9d40+0x66]
J 1029 C1 java.awt.EventQueue.dispatchEvent(Ljava/awt/AWTEvent;)V (80 bytes) @ 0x0000000002dfd9e4 [0x0000000002dfce00+0xbe4]
J 1033 C1 java.awt.EventDispatchThread.pumpOneEventForFilters(I)V (295 bytes) @ 0x0000000002e01434 [0x0000000002dff940+0x1af4]
j  java.awt.EventDispatchThread.pumpEventsForFilter(ILjava/awt/Conditional;Ljava/awt/EventFilter;)V+35
j  java.awt.EventDispatchThread.pumpEventsForHierarchy(ILjava/awt/Conditional;Ljava/awt/Component;)V+11
j  java.awt.EventDispatchThread.pumpEvents(ILjava/awt/Conditional;)V+4
j  java.awt.EventDispatchThread.pumpEvents(Ljava/awt/Conditional;)V+3
j  java.awt.EventDispatchThread.run()V+9
v  ~StubRoutines::call_stub

---------------  P R O C E S S  ---------------

Java Threads: ( => current thread )
  0x000000001ab0a000 JavaThread "TimerQueue" daemon [_thread_blocked, id=7656, stack(0x000000001cf00000,0x000000001d000000)]
  0x00000000029a0800 JavaThread "DestroyJavaVM" [_thread_blocked, id=5000, stack(0x00000000028a0000,0x00000000029a0000)]
=>0x000000001a835000 JavaThread "AWT-EventQueue-0" [_thread_in_vm, id=7412, stack(0x000000001b720000,0x000000001b820000)]
  0x000000001a76c800 JavaThread "AWT-Windows" daemon [_thread_in_native, id=7572, stack(0x000000001b510000,0x000000001b610000)]
  0x000000001a76c000 JavaThread "AWT-Shutdown" [_thread_blocked, id=7436, stack(0x000000001b410000,0x000000001b510000)]
  0x000000001a768800 JavaThread "Java2D Disposer" daemon [_thread_blocked, id=7892, stack(0x000000001b310000,0x000000001b410000)]
  0x0000000019acb000 JavaThread "Service Thread" daemon [_thread_blocked, id=6060, stack(0x000000001a410000,0x000000001a510000)]
  0x0000000019a94000 JavaThread "C1 CompilerThread3" daemon [_thread_blocked, id=4044, stack(0x000000001a310000,0x000000001a410000)]
  0x0000000019a84000 JavaThread "C2 CompilerThread2" daemon [_thread_blocked, id=7584, stack(0x000000001a210000,0x000000001a310000)]
  0x0000000019a3c800 JavaThread "C2 CompilerThread1" daemon [_thread_blocked, id=7424, stack(0x000000001a110000,0x000000001a210000)]
  0x0000000019a36800 JavaThread "C2 CompilerThread0" daemon [_thread_blocked, id=7976, stack(0x000000001a010000,0x000000001a110000)]
  0x0000000019a34800 JavaThread "Attach Listener" daemon [_thread_blocked, id=6488, stack(0x0000000019f10000,0x000000001a010000)]
  0x0000000019a33800 JavaThread "Signal Dispatcher" daemon [_thread_blocked, id=4588, stack(0x0000000019e10000,0x0000000019f10000)]
  0x0000000002a97800 JavaThread "Finalizer" daemon [_thread_blocked, id=2648, stack(0x0000000019910000,0x0000000019a10000)]
  0x0000000017a3b800 JavaThread "Reference Handler" daemon [_thread_blocked, id=5232, stack(0x0000000019810000,0x0000000019910000)]

Other Threads:
  0x0000000017a38000 VMThread [stack: 0x0000000019710000,0x0000000019810000] [id=7540]
  0x0000000019acf800 WatcherThread [stack: 0x000000001a510000,0x000000001a610000] [id=7880]

VM state:not at safepoint (normal execution)

VM Mutex/Monitor currently owned by a thread: None

Heap:
 PSYoungGen      total 10240K, used 4518K [0x00000000d5d80000, 0x00000000d6f00000, 0x0000000100000000)
  eden space 7168K, 46% used [0x00000000d5d80000,0x00000000d60b9b18,0x00000000d6480000)
  from space 3072K, 39% used [0x00000000d6480000,0x00000000d65b0000,0x00000000d6780000)
  to   space 3072K, 0% used [0x00000000d6c00000,0x00000000d6c00000,0x00000000d6f00000)
 ParOldGen       total 129536K, used 5476K [0x0000000081800000, 0x0000000089680000, 0x00000000d5d80000)
  object space 129536K, 4% used [0x0000000081800000,0x0000000081d59150,0x0000000089680000)
 Metaspace       used 14741K, capacity 14892K, committed 15104K, reserved 1062912K
  class space    used 1857K, capacity 1921K, committed 2048K, reserved 1048576K

Card table byte_map: [0x0000000011e60000,0x0000000012260000] byte_map_base: 0x0000000011a54000

Marking Bits: (ParMarkBitMap*) 0x000000005dbc13b0
 Begin Bits: [0x0000000012d10000, 0x0000000014cb0000)
 End Bits:   [0x0000000014cb0000, 0x0000000016c50000)

Polling page: 0x0000000001070000

CodeCache: size=245760Kb used=5348Kb max_used=5348Kb free=240411Kb
 bounds [0x0000000002aa0000, 0x0000000002fe0000, 0x0000000011aa0000]
 total_blobs=2186 nmethods=1630 adapters=469
 compilation: enabled

Compilation events (10 events):
Event: 5.176 Thread 0x0000000019a94000 1627   !   3       sun.awt.GlobalCursorManager::updateCursorImmediately (31 bytes)
Event: 5.177 Thread 0x0000000019a94000 nmethod 1627 0x0000000002fda3d0 code [0x0000000002fda540, 0x0000000002fda888]
Event: 6.713 Thread 0x0000000019a94000 1628       3       sun.awt.windows.WComponentPeer::postEvent (17 bytes)
Event: 6.713 Thread 0x0000000019a94000 nmethod 1628 0x0000000002fda9d0 code [0x0000000002fdab60, 0x0000000002fdade8]
Event: 6.713 Thread 0x0000000019a94000 1629       3       sun.awt.windows.WWindowPeer::preprocessPostEvent (72 bytes)
Event: 6.713 Thread 0x0000000019a94000 nmethod 1629 0x0000000002fdaed0 code [0x0000000002fdb080, 0x0000000002fdb6f8]
Event: 6.715 Thread 0x0000000019a94000 1630       1       sun.util.locale.StringTokenIterator::current (5 bytes)
Event: 6.715 Thread 0x0000000019a94000 nmethod 1630 0x0000000002fba690 code [0x0000000002fba7e0, 0x0000000002fba8f0]
Event: 6.715 Thread 0x0000000019a94000 1631       3       sun.util.locale.LocaleUtils::caseIgnoreMatch (73 bytes)
Event: 6.716 Thread 0x0000000019a94000 nmethod 1631 0x0000000002fdb850 code [0x0000000002fdba60, 0x0000000002fdc638]

GC Heap History (10 events):
Event: 0.754 GC heap before
{Heap before GC invocations=5 (full 0):
 PSYoungGen      total 2560K, used 2528K [0x00000000d5d80000, 0x00000000d6080000, 0x0000000100000000)
  eden space 2048K, 100% used [0x00000000d5d80000,0x00000000d5f80000,0x00000000d5f80000)
  from space 512K, 93% used [0x00000000d6000000,0x00000000d6078020,0x00000000d6080000)
  to   space 512K, 0% used [0x00000000d5f80000,0x00000000d5f80000,0x00000000d6000000)
 ParOldGen       total 129536K, used 511K [0x0000000081800000, 0x0000000089680000, 0x00000000d5d80000)
  object space 129536K, 0% used [0x0000000081800000,0x000000008187fea0,0x0000000089680000)
 Metaspace       used 8336K, capacity 8464K, committed 8704K, reserved 1056768K
  class space    used 890K, capacity 918K, committed 1024K, reserved 1048576K
Event: 0.757 GC heap after
Heap after GC invocations=5 (full 0):
 PSYoungGen      total 2560K, used 496K [0x00000000d5d80000, 0x00000000d6480000, 0x0000000100000000)
  eden space 2048K, 0% used [0x00000000d5d80000,0x00000000d5d80000,0x00000000d5f80000)
  from space 512K, 96% used [0x00000000d5f80000,0x00000000d5ffc010,0x00000000d6000000)
  to   space 1536K, 0% used [0x00000000d6300000,0x00000000d6300000,0x00000000d6480000)
 ParOldGen       total 129536K, used 1245K [0x0000000081800000, 0x0000000089680000, 0x00000000d5d80000)
  object space 129536K, 0% used [0x0000000081800000,0x0000000081937580,0x0000000089680000)
 Metaspace       used 8336K, capacity 8464K, committed 8704K, reserved 1056768K
  class space    used 890K, capacity 918K, committed 1024K, reserved 1048576K
}
Event: 0.990 GC heap before
{Heap before GC invocations=6 (full 0):
 PSYoungGen      total 2560K, used 2543K [0x00000000d5d80000, 0x00000000d6480000, 0x0000000100000000)
  eden space 2048K, 99% used [0x00000000d5d80000,0x00000000d5f7fc30,0x00000000d5f80000)
  from space 512K, 96% used [0x00000000d5f80000,0x00000000d5ffc010,0x00000000d6000000)
  to   space 1536K, 0% used [0x00000000d6300000,0x00000000d6300000,0x00000000d6480000)
 ParOldGen       total 129536K, used 1245K [0x0000000081800000, 0x0000000089680000, 0x00000000d5d80000)
  object space 129536K, 0% used [0x0000000081800000,0x0000000081937580,0x0000000089680000)
 Metaspace       used 12331K, capacity 12520K, committed 12672K, reserved 1060864K
  class space    used 1564K, capacity 1627K, committed 1664K, reserved 1048576K
Event: 0.994 GC heap after
Heap after GC invocations=6 (full 0):
 PSYoungGen      total 5120K, used 1520K [0x00000000d5d80000, 0x00000000d6580000, 0x0000000100000000)
  eden space 3584K, 0% used [0x00000000d5d80000,0x00000000d5d80000,0x00000000d6100000)
  from space 1536K, 98% used [0x00000000d6300000,0x00000000d647c010,0x00000000d6480000)
  to   space 2048K, 0% used [0x00000000d6100000,0x00000000d6100000,0x00000000d6300000)
 ParOldGen       total 129536K, used 1253K [0x0000000081800000, 0x0000000089680000, 0x00000000d5d80000)
  object space 129536K, 0% used [0x0000000081800000,0x0000000081939580,0x0000000089680000)
 Metaspace       used 12331K, capacity 12520K, committed 12672K, reserved 1060864K
  class space    used 1564K, capacity 1627K, committed 1664K, reserved 1048576K
}
Event: 1.283 GC heap before
{Heap before GC invocations=7 (full 0):
 PSYoungGen      total 5120K, used 5104K [0x00000000d5d80000, 0x00000000d6580000, 0x0000000100000000)
  eden space 3584K, 100% used [0x00000000d5d80000,0x00000000d6100000,0x00000000d6100000)
  from space 1536K, 98% used [0x00000000d6300000,0x00000000d647c010,0x00000000d6480000)
  to   space 2048K, 0% used [0x00000000d6100000,0x00000000d6100000,0x00000000d6300000)
 ParOldGen       total 129536K, used 1253K [0x0000000081800000, 0x0000000089680000, 0x00000000d5d80000)
  object space 129536K, 0% used [0x0000000081800000,0x0000000081939580,0x0000000089680000)
 Metaspace       used 13904K, capacity 14042K, committed 14208K, reserved 1060864K
  class space    used 1813K, capacity 1854K, committed 1920K, reserved 1048576K
Event: 1.287 GC heap after
Heap after GC invocations=7 (full 0):
 PSYoungGen      total 5632K, used 2038K [0x00000000d5d80000, 0x00000000d6a80000, 0x0000000100000000)
  eden space 3584K, 0% used [0x00000000d5d80000,0x00000000d5d80000,0x00000000d6100000)
  from space 2048K, 99% used [0x00000000d6100000,0x00000000d62fdb58,0x00000000d6300000)
  to   space 3072K, 0% used [0x00000000d6780000,0x00000000d6780000,0x00000000d6a80000)
 ParOldGen       total 129536K, used 2321K [0x0000000081800000, 0x0000000089680000, 0x00000000d5d80000)
  object space 129536K, 1% used [0x0000000081800000,0x0000000081a44710,0x0000000089680000)
 Metaspace       used 13904K, capacity 14042K, committed 14208K, reserved 1060864K
  class space    used 1813K, capacity 1854K, committed 1920K, reserved 1048576K
}
Event: 3.513 GC heap before
{Heap before GC invocations=8 (full 0):
 PSYoungGen      total 5632K, used 5616K [0x00000000d5d80000, 0x00000000d6a80000, 0x0000000100000000)
  eden space 3584K, 99% used [0x00000000d5d80000,0x00000000d60fe500,0x00000000d6100000)
  from space 2048K, 99% used [0x00000000d6100000,0x00000000d62fdb58,0x00000000d6300000)
  to   space 3072K, 0% used [0x00000000d6780000,0x00000000d6780000,0x00000000d6a80000)
 ParOldGen       total 129536K, used 2321K [0x0000000081800000, 0x0000000089680000, 0x00000000d5d80000)
  object space 129536K, 1% used [0x0000000081800000,0x0000000081a44710,0x0000000089680000)
 Metaspace       used 14279K, capacity 14394K, committed 14464K, reserved 1062912K
  class space    used 1841K, capacity 1886K, committed 1920K, reserved 1048576K
Event: 3.517 GC heap after
Heap after GC invocations=8 (full 0):
 PSYoungGen      total 10240K, used 2390K [0x00000000d5d80000, 0x00000000d6a80000, 0x0000000100000000)
  eden space 7168K, 0% used [0x00000000d5d80000,0x00000000d5d80000,0x00000000d6480000)
  from space 3072K, 77% used [0x00000000d6780000,0x00000000d69d5b58,0x00000000d6a80000)
  to   space 3072K, 0% used [0x00000000d6480000,0x00000000d6480000,0x00000000d6780000)
 ParOldGen       total 129536K, used 4831K [0x0000000081800000, 0x0000000089680000, 0x00000000d5d80000)
  object space 129536K, 3% used [0x0000000081800000,0x0000000081cb7dc0,0x0000000089680000)
 Metaspace       used 14279K, capacity 14394K, committed 14464K, reserved 1062912K
  class space    used 1841K, capacity 1886K, committed 1920K, reserved 1048576K
}
Event: 4.738 GC heap before
{Heap before GC invocations=9 (full 0):
 PSYoungGen      total 10240K, used 9558K [0x00000000d5d80000, 0x00000000d6a80000, 0x0000000100000000)
  eden space 7168K, 100% used [0x00000000d5d80000,0x00000000d6480000,0x00000000d6480000)
  from space 3072K, 77% used [0x00000000d6780000,0x00000000d69d5b58,0x00000000d6a80000)
  to   space 3072K, 0% used [0x00000000d6480000,0x00000000d6480000,0x00000000d6780000)
 ParOldGen       total 129536K, used 4831K [0x0000000081800000, 0x0000000089680000, 0x00000000d5d80000)
  object space 129536K, 3% used [0x0000000081800000,0x0000000081cb7dc0,0x0000000089680000)
 Metaspace       used 14574K, capacity 14732K, committed 14976K, reserved 1062912K
  class space    used 1849K, capacity 1889K, committed 1920K, reserved 1048576K
Event: 4.742 GC heap after
Heap after GC invocations=9 (full 0):
 PSYoungGen      total 10240K, used 1216K [0x00000000d5d80000, 0x00000000d6f00000, 0x0000000100000000)
  eden space 7168K, 0% used [0x00000000d5d80000,0x00000000d5d80000,0x00000000d6480000)
  from space 3072K, 39% used [0x00000000d6480000,0x00000000d65b0000,0x00000000d6780000)
  to   space 3072K, 0% used [0x00000000d6c00000,0x00000000d6c00000,0x00000000d6f00000)
 ParOldGen       total 129536K, used 5476K [0x0000000081800000, 0x0000000089680000, 0x00000000d5d80000)
  object space 129536K, 4% used [0x0000000081800000,0x0000000081d59150,0x0000000089680000)
 Metaspace       used 14574K, capacity 14732K, committed 14976K, reserved 1062912K
  class space    used 1849K, capacity 1889K, committed 1920K, reserved 1048576K
}

Deoptimization events (7 events):
Event: 0.422 Thread 0x00000000029a0800 Uncommon trap: reason=unloaded action=reinterpret pc=0x0000000002c0ff24 method=org.sqlite.SQLiteJDBCLoader.md5sum(Ljava/io/InputStream;)Ljava/lang/String; @ 35
Event: 0.423 Thread 0x00000000029a0800 Uncommon trap: reason=unreached action=reinterpret pc=0x0000000002c0f470 method=sun.security.provider.DigestBase.engineUpdate(B)V @ 4
Event: 0.959 Thread 0x00000000029a0800 Uncommon trap: reason=unreached action=reinterpret pc=0x0000000002cb4a08 method=java.util.HashMap.getNode(ILjava/lang/Object;)Ljava/util/HashMap$Node; @ 84
Event: 0.959 Thread 0x00000000029a0800 Uncommon trap: reason=unreached action=reinterpret pc=0x0000000002cbba48 method=java.util.HashMap.getNode(ILjava/lang/Object;)Ljava/util/HashMap$Node; @ 84
Event: 1.013 Thread 0x00000000029a0800 Uncommon trap: reason=unreached action=reinterpret pc=0x0000000002caa170 method=java.util.HashMap.putVal(ILjava/lang/Object;Ljava/lang/Object;ZZ)Ljava/lang/Object; @ 109
Event: 1.014 Thread 0x00000000029a0800 Uncommon trap: reason=unreached action=reinterpret pc=0x0000000002ca9168 method=java.util.HashMap.putVal(ILjava/lang/Object;Ljava/lang/Object;ZZ)Ljava/lang/Object; @ 109
Event: 1.020 Thread 0x00000000029a0800 Uncommon trap: reason=null_check action=make_not_entrant pc=0x0000000002ce6f28 method=javax.swing.plaf.nimbus.DerivedColor.equals(Ljava/lang/Object;)Z @ 8

Internal exceptions (10 events):
Event: 3.670 Thread 0x000000001a835000 Exception <a 'java/lang/ClassNotFoundException': TreeCell> (0x00000000d5dcc490) thrown at [D:\re\workspace\8-2-build-windows-amd64-cygwin\jdk8u5\2488\hotspot\src\share\vm\classfile\systemDictionary.cpp, line 202]
Event: 3.670 Thread 0x000000001a835000 Exception <a 'java/lang/ClassNotFoundException': RootPane> (0x00000000d5dccde8) thrown at [D:\re\workspace\8-2-build-windows-amd64-cygwin\jdk8u5\2488\hotspot\src\share\vm\classfile\systemDictionary.cpp, line 202]
Event: 3.672 Thread 0x000000001a835000 Exception <a 'java/security/PrivilegedActionException'> (0x00000000d5dfe5d8) thrown at [D:\re\workspace\8-2-build-windows-amd64-cygwin\jdk8u5\2488\hotspot\src\share\vm\prims\jvm.cpp, line 1248]
Event: 3.673 Thread 0x000000001a835000 Exception <a 'java/security/PrivilegedActionException'> (0x00000000d5e01378) thrown at [D:\re\workspace\8-2-build-windows-amd64-cygwin\jdk8u5\2488\hotspot\src\share\vm\prims\jvm.cpp, line 1248]
Event: 3.674 Thread 0x000000001a835000 Exception <a 'java/security/PrivilegedActionException'> (0x00000000d5e05788) thrown at [D:\re\workspace\8-2-build-windows-amd64-cygwin\jdk8u5\2488\hotspot\src\share\vm\prims\jvm.cpp, line 1248]
Event: 3.674 Thread 0x000000001a835000 Exception <a 'java/security/PrivilegedActionException'> (0x00000000d5e085b8) thrown at [D:\re\workspace\8-2-build-windows-amd64-cygwin\jdk8u5\2488\hotspot\src\share\vm\prims\jvm.cpp, line 1248]
Event: 4.719 Thread 0x000000001a835000 Exception <a 'java/lang/ArrayIndexOutOfBoundsException': 20> (0x00000000d641d4b0) thrown at [D:\re\workspace\8-2-build-windows-amd64-cygwin\jdk8u5\2488\hotspot\src\share\vm\interpreter\interpreterRuntime.cpp, line 337]
Event: 4.719 Thread 0x000000001a835000 Exception <a 'java/lang/ArrayIndexOutOfBoundsException'> (0x00000000d641d4b0) thrown at [D:\re\workspace\8-2-build-windows-amd64-cygwin\jdk8u5\2488\hotspot\src\share\vm\prims\jvm.cpp, line 1252]
Event: 4.720 Thread 0x000000001a835000 Exception <a 'java/lang/ArrayIndexOutOfBoundsException'> (0x00000000d641d4b0) thrown at [D:\re\workspace\8-2-build-windows-amd64-cygwin\jdk8u5\2488\hotspot\src\share\vm\prims\jvm.cpp, line 1252]
Event: 4.742 Thread 0x0000000002a97800 Exception <a 'java/security/PrivilegedActionException'> (0x00000000d5d956e8) thrown at [D:\re\workspace\8-2-build-windows-amd64-cygwin\jdk8u5\2488\hotspot\src\share\vm\prims\jvm.cpp, line 1248]

Events (10 events):
Event: 4.746 loading class java/util/Formatter$Flags
Event: 4.747 loading class java/util/Formatter$Flags done
Event: 4.747 loading class java/util/Formatter$Conversion
Event: 4.747 loading class java/util/Formatter$Conversion done
Event: 4.747 loading class java/util/Formatter$FixedString
Event: 4.747 loading class java/util/Formatter$FixedString done
Event: 4.747 loading class java/util/Formattable
Event: 4.747 loading class java/util/Formattable done
Event: 4.748 loading class java/sql/SQLWarning
Event: 4.748 loading class java/sql/SQLWarning done


Dynamic libraries:
0x00007ff71cc70000 - 0x00007ff71cca4000 	C:\Program Files\Java\jdk1.8.0_05\bin\java.exe
0x00007fff07200000 - 0x00007fff073aa000 	C:\WINDOWS\SYSTEM32\ntdll.dll
0x00007fff06ad0000 - 0x00007fff06c0a000 	C:\WINDOWS\system32\KERNEL32.DLL
0x00007fff04970000 - 0x00007fff04a7f000 	C:\WINDOWS\system32\KERNELBASE.dll
0x000000005e970000 - 0x000000005ea02000 	C:\Program Files\Bitdefender\Antivirus Free Edition\avc3\avc3_sig_260\avcuf64.dll
0x00007fff03170000 - 0x00007fff031f8000 	C:\WINDOWS\system32\apphelp.dll
0x00007ffef6130000 - 0x00007ffef617f000 	C:\WINDOWS\AppPatch\AppPatch64\AcGenral.DLL
0x00007fff04e30000 - 0x00007fff04ed7000 	C:\WINDOWS\system32\msvcrt.dll
0x00007fff043b0000 - 0x00007fff043db000 	C:\WINDOWS\SYSTEM32\SspiCli.dll
0x00007fff06950000 - 0x00007fff069a1000 	C:\WINDOWS\system32\SHLWAPI.dll
0x00007fff04ee0000 - 0x00007fff05051000 	C:\WINDOWS\system32\USER32.dll
0x00007fff067d0000 - 0x00007fff06948000 	C:\WINDOWS\system32\ole32.dll
0x00007fff05210000 - 0x00007fff0662f000 	C:\WINDOWS\system32\SHELL32.dll
0x00007fff03b80000 - 0x00007fff03b9e000 	C:\WINDOWS\SYSTEM32\USERENV.dll
0x00007fff04d70000 - 0x00007fff04e15000 	C:\WINDOWS\system32\ADVAPI32.dll
0x00007ffef5c50000 - 0x00007ffef5c6b000 	C:\WINDOWS\SYSTEM32\MPR.dll
0x00007fff06630000 - 0x00007fff06767000 	C:\WINDOWS\system32\RPCRT4.dll
0x00007fff06a70000 - 0x00007fff06ac7000 	C:\WINDOWS\SYSTEM32\sechost.dll
0x00007fff04a80000 - 0x00007fff04c56000 	C:\WINDOWS\SYSTEM32\combase.dll
0x00007fff070b0000 - 0x00007fff071f4000 	C:\WINDOWS\system32\GDI32.dll
0x00007fff04570000 - 0x00007fff04584000 	C:\WINDOWS\SYSTEM32\profapi.dll
0x00007fff02800000 - 0x00007fff0289f000 	C:\WINDOWS\SYSTEM32\SHCORE.dll
0x00007fff04c70000 - 0x00007fff04ca4000 	C:\WINDOWS\system32\IMM32.DLL
0x00007fff06cb0000 - 0x00007fff06de9000 	C:\WINDOWS\system32\MSCTF.dll
0x00007fff01930000 - 0x00007fff01b8a000 	C:\WINDOWS\WinSxS\amd64_microsoft.windows.common-controls_6595b64144ccf1df_6.0.9600.17031_none_6242a4b3ecbb55a1\COMCTL32.dll
0x000000005d330000 - 0x000000005d402000 	C:\Program Files\Java\jdk1.8.0_05\jre\bin\msvcr100.dll
0x000000005d410000 - 0x000000005dc3a000 	C:\Program Files\Java\jdk1.8.0_05\jre\bin\server\jvm.dll
0x00007ffeff340000 - 0x00007ffeff349000 	C:\WINDOWS\SYSTEM32\WSOCK32.dll
0x00007ffefe580000 - 0x00007ffefe59f000 	C:\WINDOWS\SYSTEM32\WINMM.dll
0x00007fff05060000 - 0x00007fff05067000 	C:\WINDOWS\system32\PSAPI.DLL
0x00007fff07050000 - 0x00007fff070a8000 	C:\WINDOWS\system32\WS2_32.dll
0x00007ffefe450000 - 0x00007ffefe47a000 	C:\WINDOWS\SYSTEM32\WINMMBASE.dll
0x00007fff04e20000 - 0x00007fff04e29000 	C:\WINDOWS\system32\NSI.dll
0x00007fff046f0000 - 0x00007fff0473a000 	C:\WINDOWS\SYSTEM32\cfgmgr32.dll
0x00007fff03410000 - 0x00007fff03436000 	C:\WINDOWS\SYSTEM32\DEVOBJ.dll
0x000000005ea10000 - 0x000000005ea1f000 	C:\Program Files\Java\jdk1.8.0_05\jre\bin\verify.dll
0x000000005d2c0000 - 0x000000005d2e8000 	C:\Program Files\Java\jdk1.8.0_05\jre\bin\java.dll
0x000000005d2a0000 - 0x000000005d2b6000 	C:\Program Files\Java\jdk1.8.0_05\jre\bin\zip.dll
0x000000006a8c0000 - 0x000000006a976000 	C:\Users\Chris\AppData\Local\Temp\sqlite-3.8.2-amd64-sqlitejdbc.dll
0x000000005d0c0000 - 0x000000005d256000 	C:\Program Files\Java\jdk1.8.0_05\jre\bin\awt.dll
0x00007fff069b0000 - 0x00007fff06a67000 	C:\WINDOWS\system32\OLEAUT32.dll
0x00007fff032c0000 - 0x00007fff033e1000 	C:\WINDOWS\system32\uxtheme.dll
0x00007fff02630000 - 0x00007fff02650000 	C:\WINDOWS\system32\dwmapi.dll
0x00007fff03440000 - 0x00007fff0344a000 	C:\WINDOWS\SYSTEM32\kernel.appcore.dll
0x00007fff04440000 - 0x00007fff0444a000 	C:\WINDOWS\SYSTEM32\CRYPTBASE.dll
0x00007fff043e0000 - 0x00007fff04440000 	C:\WINDOWS\SYSTEM32\bcryptPrimitives.dll
0x000000005d070000 - 0x000000005d0b7000 	C:\Program Files\Java\jdk1.8.0_05\jre\bin\fontmanager.dll
0x000000005d280000 - 0x000000005d29a000 	C:\Program Files\Java\jdk1.8.0_05\jre\bin\net.dll
0x00007fff03dd0000 - 0x00007fff03e28000 	C:\WINDOWS\system32\mswsock.dll
0x000000005d260000 - 0x000000005d271000 	C:\Program Files\Java\jdk1.8.0_05\jre\bin\nio.dll
0x000000005d020000 - 0x000000005d061000 	C:\Program Files\Java\jdk1.8.0_05\jre\bin\t2k.dll
0x00007fff04cb0000 - 0x00007fff04d54000 	C:\WINDOWS\SYSTEM32\clbcatq.dll
0x00007fff01e30000 - 0x00007fff01fc3000 	C:\WINDOWS\SYSTEM32\WindowsCodecs.dll
0x00007fff03e30000 - 0x00007fff03e4e000 	C:\WINDOWS\SYSTEM32\CRYPTSP.dll
0x00007fff03a70000 - 0x00007fff03aa5000 	C:\WINDOWS\system32\rsaenh.dll
0x00007fff04060000 - 0x00007fff04086000 	C:\WINDOWS\SYSTEM32\bcrypt.dll
0x000000005cff0000 - 0x000000005d01a000 	C:\Program Files\Java\jdk1.8.0_05\jre\bin\dcpr.dll
0x00007fff02fe0000 - 0x00007fff03168000 	C:\WINDOWS\SYSTEM32\dbghelp.dll

VM Arguments:
jvm_args: -Dfile.encoding=UTF-8 
java_command: com.maintenance.rexam.MachineOEE
java_class_path (initial): C:\Users\Chris\Documents\SPRING\Rexam3\bin\commons-beanutils-1.8.0.jar;C:\Users\Chris\Documents\SPRING\Rexam3\bin\commons-collections-3.2.1.jar;C:\Users\Chris\Documents\SPRING\Rexam3\bin\commons-digester-2.1.jar;C:\Users\Chris\Documents\SPRING\Rexam3\bin\commons-javaflow-20060411.jar;C:\Users\Chris\Documents\SPRING\Rexam3\commons-logging-1.1.1.jar;C:\Users\Chris\Documents\SPRING\Rexam3\src\groovy-all-2.0.1.jar;C:\Users\Chris\Documents\SPRING\Rexam3\src\iText-2.1.7.js2.jar;C:\Users\Chris\Documents\SPRING\Rexam3\src\png-encoder-1.5.jar;C:\Users\Chris\Documents\SPRING\Rexam3\src\poi-3.7-20101029.jar;C:\Users\Chris\Documents\SPRING\Rexam3\jasperreports-5.6.0.jar;C:\Users\Chris\Documents\SPRING\Rexam3\sqlite-jdbc4-3.8.2-SNAPSHOT.jar;C:\Users\Chris\Documents\SPRING\Rexam3\pdfbox-app-1.8.6.jar;C:\Users\Chris\Documents\SPRING\Rexam3\jdatepicker-1.3.2.jar;C:\Users\Chris\Documents\SPRING\Rexam4\Libraries\poi-3.10.1\poi-3.10.1-20140818.jar;C:\Users\Chris\Documents\SPRING\Rexam4\build\classes
Launcher Type: SUN_STANDARD

Environment Variables:
PATH=C:\ProgramData\Oracle\Java\javapath;C:\tools\jasperreports-5.0.1\dist\jasperreports-5.6.0.jar;C:\tools\jasperreports-5.6.0\lib;
USERNAME=Chris
OS=Windows_NT
PROCESSOR_IDENTIFIER=Intel64 Family 6 Model 58 Stepping 9, GenuineIntel



---------------  S Y S T E M  ---------------

OS: Windows 8.1 , 64 bit Build 9600 

CPU:total 8 (4 cores per cpu, 2 threads per core) family 6 model 58 stepping 9, cmov, cx8, fxsr, mmx, sse, sse2, sse3, ssse3, sse4.1, sse4.2, popcnt, avx, aes, clmul, erms, ht, tsc, tscinvbit

Memory: 4k page, physical 8282680k(2593560k free), swap 20865592k(10350000k free)

vm_info: Java HotSpot(TM) 64-Bit Server VM (25.5-b02) for windows-amd64 JRE (1.8.0_05-b13), built on Mar 18 2014 01:08:39 by "java_re" with MS VC++ 10.0 (VS2010)

time: Wed Oct 01 10:04:23 2014
elapsed time: 6 seconds

