#
# There is insufficient memory for the Java Runtime Environment to continue.
# Native memory allocation (malloc) failed to allocate 164816 bytes for Chunk::new
# Possible reasons:
#   The system is out of physical RAM or swap space
#   In 32 bit mode, the process size limit was hit
# Possible solutions:
#   Reduce memory load on the system
#   Increase physical memory or swap space
#   Check if swap backing store is full
#   Use 64 bit Java on a 64 bit OS
#   Decrease Java heap size (-Xmx/-Xms)
#   Decrease number of Java threads
#   Decrease Java thread stack sizes (-Xss)
#   Set larger code cache with -XX:ReservedCodeCacheSize=
# This output file may be truncated or incomplete.
#
#  Out of Memory Error (allocation.cpp:390), pid=9912, tid=788
#
# JRE version: Java(TM) SE Runtime Environment (8.0_45-b14) (build 1.8.0_45-b14)
# Java VM: Java HotSpot(TM) 64-Bit Server VM (25.45-b02 mixed mode windows-amd64 compressed oops)
# Failed to write core dump. Minidumps are not enabled by default on client versions of Windows
#

---------------  T H R E A D  ---------------

Current thread (0x0000000019d94000):  JavaThread "C2 CompilerThread1" daemon [_thread_in_native, id=788, stack(0x000000001a460000,0x000000001a560000)]

Stack: [0x000000001a460000,0x000000001a560000]
Native frames: (J=compiled Java code, j=interpreted, Vv=VM code, C=native code)
V  [jvm.dll+0x32b57a]
V  [jvm.dll+0x279873]
V  [jvm.dll+0x27a509]
V  [jvm.dll+0x271825]
V  [jvm.dll+0xcb9e2]
V  [jvm.dll+0xcbeac]
V  [jvm.dll+0x476ef2]
V  [jvm.dll+0x4b955f]
V  [jvm.dll+0x46bf81]
V  [jvm.dll+0x46ccbe]
V  [jvm.dll+0x4500f2]
V  [jvm.dll+0xa4352]
V  [jvm.dll+0xa4c8f]
V  [jvm.dll+0x241984]
V  [jvm.dll+0x29853a]
C  [msvcr100.dll+0x21d9f]
C  [msvcr100.dll+0x21e3b]
C  [KERNEL32.DLL+0x12d92]
C  [ntdll.dll+0x9f64]


Current CompileTask:
C2:   1309  897       4       sun.awt.SunToolkit::isInstanceOf (71 bytes)


---------------  P R O C E S S  ---------------

Java Threads: ( => current thread )
  0x000000001ada1000 JavaThread "Image Fetcher 0" daemon [_thread_blocked, id=13408, stack(0x000000001c920000,0x000000001ca20000)]
  0x000000001acdc000 JavaThread "AWT-EventQueue-0" [_thread_blocked, id=13804, stack(0x000000001c820000,0x000000001c920000)]
  0x000000001ac17000 JavaThread "AWT-Windows" daemon [_thread_in_native, id=4156, stack(0x000000001b540000,0x000000001b640000)]
  0x000000001ac16800 JavaThread "AWT-Shutdown" [_thread_blocked, id=8288, stack(0x000000001b440000,0x000000001b540000)]
  0x000000001ac12800 JavaThread "Java2D Disposer" daemon [_thread_blocked, id=8328, stack(0x000000001b240000,0x000000001b340000)]
  0x0000000019e2a000 JavaThread "Service Thread" daemon [_thread_blocked, id=14116, stack(0x000000001a760000,0x000000001a860000)]
  0x0000000019d9e000 JavaThread "C1 CompilerThread3" daemon [_thread_in_native, id=9124, stack(0x000000001a660000,0x000000001a760000)]
  0x0000000019d9b000 JavaThread "C2 CompilerThread2" daemon [_thread_in_native, id=3260, stack(0x000000001a560000,0x000000001a660000)]
=>0x0000000019d94000 JavaThread "C2 CompilerThread1" daemon [_thread_in_native, id=788, stack(0x000000001a460000,0x000000001a560000)]
  0x0000000019d8e000 JavaThread "C2 CompilerThread0" daemon [_thread_in_native, id=14092, stack(0x000000001a360000,0x000000001a460000)]
  0x0000000019d89000 JavaThread "Attach Listener" daemon [_thread_blocked, id=14148, stack(0x000000001a260000,0x000000001a360000)]
  0x0000000019d88000 JavaThread "Signal Dispatcher" daemon [_thread_blocked, id=13928, stack(0x000000001a160000,0x000000001a260000)]
  0x0000000002ddc000 JavaThread "Finalizer" daemon [_thread_blocked, id=6572, stack(0x0000000019c60000,0x0000000019d60000)]
  0x0000000017d7d000 JavaThread "Reference Handler" daemon [_thread_blocked, id=14152, stack(0x0000000019b60000,0x0000000019c60000)]
  0x0000000002ce2800 JavaThread "main" [_thread_in_Java, id=14124, stack(0x0000000002be0000,0x0000000002ce0000)]

Other Threads:
  0x0000000017d78800 VMThread [stack: 0x0000000019a60000,0x0000000019b60000] [id=14260]
  0x0000000019e2c000 WatcherThread [stack: 0x000000001a860000,0x000000001a960000] [id=13996]

VM state:not at safepoint (normal execution)

VM Mutex/Monitor currently owned by a thread: None

Heap:
 PSYoungGen      total 38400K, used 12647K [0x00000000d5d80000, 0x00000000d8800000, 0x0000000100000000)
  eden space 33280K, 38% used [0x00000000d5d80000,0x00000000d69d9db8,0x00000000d7e00000)
  from space 5120K, 0% used [0x00000000d8300000,0x00000000d8300000,0x00000000d8800000)
  to   space 5120K, 0% used [0x00000000d7e00000,0x00000000d7e00000,0x00000000d8300000)
 ParOldGen       total 87552K, used 0K [0x0000000081800000, 0x0000000086d80000, 0x00000000d5d80000)
  object space 87552K, 0% used [0x0000000081800000,0x0000000081800000,0x0000000086d80000)
 Metaspace       used 11072K, capacity 11238K, committed 11648K, reserved 1058816K
  class space    used 1463K, capacity 1543K, committed 1664K, reserved 1048576K

Card table byte_map: [0x00000000121a0000,0x00000000125a0000] byte_map_base: 0x0000000011d94000

Marking Bits: (ParMarkBitMap*) 0x0000000051ef4040
 Begin Bits: [0x0000000013050000, 0x0000000014ff0000)
 End Bits:   [0x0000000014ff0000, 0x0000000016f90000)

Polling page: 0x0000000002a60000

CodeCache: size=245760Kb used=3375Kb max_used=3378Kb free=242384Kb
 bounds [0x0000000002de0000, 0x0000000003130000, 0x0000000011de0000]
 total_blobs=1405 nmethods=965 adapters=352
 compilation: enabled

Compilation events (10 events):
Event: 1.247 Thread 0x0000000019d9e000 nmethod 910 0x00000000031051d0 code [0x0000000003105380, 0x0000000003105b58]
Event: 1.247 Thread 0x0000000019d9e000  909       3       javax.swing.text.AbstractDocument$LeafElement::getEndOffset (10 bytes)
Event: 1.247 Thread 0x0000000019d9e000 nmethod 909 0x0000000003105d90 code [0x0000000003105f00, 0x00000000031061c8]
Event: 1.249 Thread 0x0000000019d9e000  911       3       java.awt.Container::getListenersCount (52 bytes)
Event: 1.250 Thread 0x0000000019d9e000 nmethod 911 0x0000000003106310 code [0x00000000031064a0, 0x0000000003106998]
Event: 1.250 Thread 0x0000000019d9e000  912       1       javax.swing.text.AbstractDocument$DefaultDocumentEvent::getLength (5 bytes)
Event: 1.250 Thread 0x0000000019d9e000 nmethod 912 0x0000000003106b10 code [0x0000000003106c60, 0x0000000003106d70]
Event: 1.250 Thread 0x0000000019d9e000  913       3       java.util.concurrent.locks.AbstractQueuedSynchronizer::isOnSyncQueue (33 bytes)
Event: 1.251 Thread 0x0000000019d9e000 nmethod 913 0x0000000003106dd0 code [0x0000000003106f40, 0x00000000031072d0]
Event: 1.251 Thread 0x0000000019d9e000  915       3       java.util.concurrent.locks.AbstractQueuedSynchronizer::unparkSuccessor (84 bytes)

GC Heap History (0 events):
No events

Deoptimization events (0 events):
No events

Internal exceptions (10 events):
Event: 0.069 Thread 0x0000000002ce2800 Exception <a 'java/lang/NoSuchMethodError': Method sun.misc.Unsafe.defineClass(Ljava/lang/String;[BII)Ljava/lang/Class; name or signature does not match> (0x00000000d5d8f500) thrown at [C:\re\workspace\8-2-build-windows-amd64-cygwin\jdk8u45\3457\hotspot\sr¥üÂá¿±?
Event: 0.069 Thread 0x0000000002ce2800 Exception <a 'java/lang/NoSuchMethodError': Method sun.misc.Unsafe.prefetchRead(Ljava/lang/Object;J)V name or signature does not match> (0x00000000d5d8f790) thrown at [C:\re\workspace\8-2-build-windows-amd64-cygwin\jdk8u45\3457\hotspot\src\share\vm\prims\j…Ä¨éeÒ?
Event: 0.287 Thread 0x0000000002ce2800 Exception <a 'java/security/PrivilegedActionException'> (0x00000000d5fcdcf0) thrown at [C:\re\workspace\8-2-build-windows-amd64-cygwin\jdk8u45\3457\hotspot\src\share\vm\prims\jvm.cpp, line 1382]
Event: 0.288 Thread 0x0000000002ce2800 Exception <a 'java/security/PrivilegedActionException'> (0x00000000d5fcdea8) thrown at [C:\re\workspace\8-2-build-windows-amd64-cygwin\jdk8u45\3457\hotspot\src\share\vm\prims\jvm.cpp, line 1382]
Event: 0.289 Thread 0x0000000002ce2800 Exception <a 'java/security/PrivilegedActionException'> (0x00000000d5fd19a0) thrown at [C:\re\workspace\8-2-build-windows-amd64-cygwin\jdk8u45\3457\hotspot\src\share\vm\prims\jvm.cpp, line 1382]
Event: 0.289 Thread 0x0000000002ce2800 Exception <a 'java/security/PrivilegedActionException'> (0x00000000d5fd1b58) thrown at [C:\re\workspace\8-2-build-windows-amd64-cygwin\jdk8u45\3457\hotspot\src\share\vm\prims\jvm.cpp, line 1382]
Event: 0.355 Thread 0x0000000002ce2800 Exception <a 'java/io/FileNotFoundException'> (0x00000000d6076498) thrown at [C:\re\workspace\8-2-build-windows-amd64-cygwin\jdk8u45\3457\hotspot\src\share\vm\prims\jni.cpp, line 709]
Event: 0.403 Thread 0x0000000002ce2800 Exception <a 'java/io/FileNotFoundException'> (0x00000000d6096cc8) thrown at [C:\re\workspace\8-2-build-windows-amd64-cygwin\jdk8u45\3457\hotspot\src\share\vm\prims\jni.cpp, line 709]
Event: 0.492 Thread 0x0000000002ce2800 Exception <a 'java/lang/NoSuchFieldError': method resolution failed> (0x00000000d616b848) thrown at [C:\re\workspace\8-2-build-windows-amd64-cygwin\jdk8u45\3457\hotspot\src\share\vm\prims\methodHandles.cpp, line 1125]
Event: 0.496 Thread 0x0000000002ce2800 Exception <a 'java/lang/NoSuchFieldError': method resolution failed> (0x00000000d617a288) thrown at [C:\re\workspace\8-2-build-windows-amd64-cygwin\jdk8u45\3457\hotspot\src\share\vm\prims\methodHandles.cpp, line 1125]

Events (10 events):
Event: 1.119 loading class java/awt/image/BufferedImage$1
Event: 1.119 loading class java/awt/image/BufferedImage$1 done
Event: 1.119 loading class sun/awt/image/IntegerComponentRaster
Event: 1.119 loading class sun/awt/image/IntegerComponentRaster done
Event: 1.119 loading class sun/awt/image/BytePackedRaster
Event: 1.120 loading class sun/awt/image/BytePackedRaster done
Event: 1.121 loading class javax/swing/KeyboardManager
Event: 1.121 loading class javax/swing/KeyboardManager done
Event: 1.123 loading class com/toedter/calendar/JDateChooser$3
Event: 1.123 loading class com/toedter/calendar/JDateChooser$3 done


Dynamic libraries:
0x00007ff653080000 - 0x00007ff6530b7000 	C:\Program Files\Java\jre1.8.0_45\bin\javaw.exe
0x00007ffa1b520000 - 0x00007ffa1b6e1000 	C:\WINDOWS\SYSTEM32\ntdll.dll
0x00007ffa1ad10000 - 0x00007ffa1adbd000 	C:\WINDOWS\system32\KERNEL32.DLL
0x00007ffa188a0000 - 0x00007ffa18a7d000 	C:\WINDOWS\system32\KERNELBASE.dll
0x0000000054870000 - 0x000000005490f000 	C:\Program Files\Bitdefender\Antivirus Free Edition\avc3\avc3_sig_315\avcuf64.dll
0x00007ffa1b410000 - 0x00007ffa1b4b6000 	C:\WINDOWS\system32\ADVAPI32.dll
0x00007ffa1ae90000 - 0x00007ffa1af2d000 	C:\WINDOWS\system32\msvcrt.dll
0x00007ffa1ae30000 - 0x00007ffa1ae8b000 	C:\WINDOWS\system32\sechost.dll
0x00007ffa1b230000 - 0x00007ffa1b356000 	C:\WINDOWS\system32\RPCRT4.dll
0x00007ffa1b0e0000 - 0x00007ffa1b22e000 	C:\WINDOWS\system32\USER32.dll
0x00007ffa18bf0000 - 0x00007ffa18d76000 	C:\WINDOWS\system32\GDI32.dll
0x00007ffa08f10000 - 0x00007ffa09184000 	C:\WINDOWS\WinSxS\amd64_microsoft.windows.common-controls_6595b64144ccf1df_6.0.10240.16384_none_f41f7b285750ef43\COMCTL32.dll
0x00007ffa18fa0000 - 0x00007ffa18fd6000 	C:\WINDOWS\system32\IMM32.DLL
0x00007ffa19370000 - 0x00007ffa194cc000 	C:\WINDOWS\system32\MSCTF.dll
0x0000000051f80000 - 0x0000000052052000 	C:\Program Files\Java\jre1.8.0_45\bin\msvcr100.dll
0x00000000516f0000 - 0x0000000051f73000 	C:\Program Files\Java\jre1.8.0_45\bin\server\jvm.dll
0x00007ffa18e40000 - 0x00007ffa18e48000 	C:\WINDOWS\system32\PSAPI.DLL
0x00007ffa0c160000 - 0x00007ffa0c169000 	C:\WINDOWS\SYSTEM32\WSOCK32.dll
0x00007ffa1aa20000 - 0x00007ffa1aa89000 	C:\WINDOWS\system32\WS2_32.dll
0x00007ffa18fe0000 - 0x00007ffa18fe8000 	C:\WINDOWS\system32\NSI.dll
0x00007ffa16490000 - 0x00007ffa164b3000 	C:\WINDOWS\SYSTEM32\WINMM.dll
0x00007ffa15960000 - 0x00007ffa1596a000 	C:\WINDOWS\SYSTEM32\VERSION.dll
0x00007ffa161a0000 - 0x00007ffa161cc000 	C:\WINDOWS\SYSTEM32\WINMMBASE.dll
0x00007ffa17ff0000 - 0x00007ffa18034000 	C:\WINDOWS\system32\cfgmgr32.dll
0x00007ffa168c0000 - 0x00007ffa168e7000 	C:\WINDOWS\SYSTEM32\DEVOBJ.dll
0x00000000516e0000 - 0x00000000516ef000 	C:\Program Files\Java\jre1.8.0_45\bin\verify.dll
0x00000000516b0000 - 0x00000000516d9000 	C:\Program Files\Java\jre1.8.0_45\bin\java.dll
0x0000000051690000 - 0x00000000516a6000 	C:\Program Files\Java\jre1.8.0_45\bin\zip.dll
0x00007ffa194d0000 - 0x00007ffa1a9f2000 	C:\WINDOWS\system32\SHELL32.dll
0x00007ffa18270000 - 0x00007ffa18899000 	C:\WINDOWS\system32\windows.storage.dll
0x00007ffa1aa90000 - 0x00007ffa1ad0c000 	C:\WINDOWS\system32\combase.dll
0x00007ffa1b4c0000 - 0x00007ffa1b511000 	C:\WINDOWS\system32\shlwapi.dll
0x00007ffa17f70000 - 0x00007ffa17f7f000 	C:\WINDOWS\system32\kernel.appcore.dll
0x00007ffa18a80000 - 0x00007ffa18b33000 	C:\WINDOWS\system32\shcore.dll
0x00007ffa17fa0000 - 0x00007ffa17fea000 	C:\WINDOWS\system32\powrprof.dll
0x00007ffa17f50000 - 0x00007ffa17f63000 	C:\WINDOWS\system32\profapi.dll
0x00000000514f0000 - 0x0000000051688000 	C:\Program Files\Java\jre1.8.0_45\bin\awt.dll
0x00007ffa18d80000 - 0x00007ffa18e3e000 	C:\WINDOWS\system32\OLEAUT32.dll
0x00007ffa166a0000 - 0x00007ffa16718000 	C:\WINDOWS\system32\apphelp.dll
0x00007ffa14cd0000 - 0x00007ffa14cf2000 	C:\WINDOWS\system32\DWMAPI.DLL
0x00007ffa16820000 - 0x00007ffa168b6000 	C:\WINDOWS\system32\uxtheme.dll
0x00007ffa18e50000 - 0x00007ffa18f91000 	C:\WINDOWS\system32\ole32.dll
0x00007ffa17d70000 - 0x00007ffa17ddb000 	C:\WINDOWS\SYSTEM32\bcryptPrimitives.dll
0x00000000514a0000 - 0x00000000514e7000 	C:\Program Files\Java\jre1.8.0_45\bin\fontmanager.dll
0x0000000051480000 - 0x000000005149a000 	C:\Program Files\Java\jre1.8.0_45\bin\net.dll
0x00007ffa17820000 - 0x00007ffa1787d000 	C:\WINDOWS\system32\mswsock.dll
0x0000000051460000 - 0x0000000051471000 	C:\Program Files\Java\jre1.8.0_45\bin\nio.dll
0x0000000051410000 - 0x0000000051451000 	C:\Program Files\Java\jre1.8.0_45\bin\t2k.dll
0x00007ffa14db0000 - 0x00007ffa14f3a000 	C:\WINDOWS\SYSTEM32\dbghelp.dll

VM Arguments:
jvm_args: -Dfile.encoding=UTF-8 
java_command: com.rexam.maintenance.view.ShellPressMaintenanceView
java_class_path (initial): D:\Dropbox\College Work Year 4\Rexam New\target\classes;D:\Dropbox\College Work Year 4\Rexam New\src\main\resources\libs\jasperreports-5.6.0.jar;D:\Dropbox\College Work Year 4\Rexam New\src\main\resources\libs\jasperreports-applet-5.6.0.jar;D:\Dropbox\College Work Year 4\Rexam New\src\main\resources\libs\jasperreports-fonts-5.6.0.jar;D:\Dropbox\College Work Year 4\Rexam New\src\main\resources\libs\jasperreports-javaflow-5.6.0.jar;D:\Dropbox\College Work Year 4\Rexam New\src\main\resources\libs\jdatepicker-1.3.2.jar;D:\Dropbox\College Work Year 4\Rexam New\src\main\resources\libs\jnlp.jar;D:\Dropbox\College Work Year 4\Rexam New\src\main\resources\libs\sqlite-jdbc-3.6.20.1.jar;D:\Dropbox\College Work Year 4\Rexam New\src\main\resources\libs\jcalendar-1.4.jar;D:\Dropbox\College Work Year 4\Rexam New\src\main\resources\libs\jgoodies-common-1.2.0.jar;D:\Dropbox\College Work Year 4\Rexam New\src\main\resources\libs\jgoodies-looks-2.4.1.jar;D:\Dropbox\College Work Year 4\Rexam New\src\main\resources\libs\junit-4.6.jar;D:\Dropbox\College Work Year 4\Rexam New\src\main\resources\libs\com.mysql.jdbc_5.1.5.jar;D:\Dropbox\College Work Year 4\Rexam New\src\main\resources\libs\poi-3.10.1-20140818.jar;D:\Dropbox\College Work Year 4\Rexam New\src\main\resources\libs\poi-examples-3.10.1-20140818.jar;D:\Dropbox\College Work Year 4\Rexam New\src\main\resources\libs\poi-excelant-3.10.1-20140818.jar;D:\Dropbox\College Work Year 4\Rexam New\src\main\resources\libs\poi-ooxml-3.10.1-20140818.jar;D:\Dropbox\College Work Year 4\Rexam New\src\main\resources\libs\poi-ooxml-schemas-3.10.1-20140818.jar;D:\Dropbox\College Work Year 4\Rexam New\src\main\resources\libs\poi-scratchpad-3.10.1-20140818.jar;C:\Users\Chris\.m2\repository\org\springframework\spring-context\3.2.3.RELEASE\spring-context-3.2.3.RELEASE.jar;C:\Users\Chris\.m2\repository\org\springframework\spring-aop\3.2.3.RELEASE\spring-aop-3.2.3.RELEASE.jar;C:\Users\Chris\.m2\repository\org\springframework\spri
Launcher Type: SUN_STANDARD

Environment Variables:
JAVA_HOME=C:\Program Files\Java\jdk1.8.0_31
PATH=C:/Program Files/Java/jre1.8.0_51/bin/server;C:/Program Files/Java/jre1.8.0_51/bin;C:/Program Files/Java/jre1.8.0_51/lib/amd64;C:\ProgramData\Oracle\Java\javapath;C:\Program Files\MongoDB\Server\3.0\bin;C:\Program Files\Java\jdk1.8.0_31\bin;C:\WINDOWS\system32;C:\WINDOWS;C:\WINDOWS\System32\Wbem;C:\WINDOWS\System32\WindowsPowerShell\v1.0\;C:\Program Files (x86)\ATI Technologies\ATI.ACE\Core-Static;C:\Program Files (x86)\AMD\ATI.ACE\Core-Static;C:\Program Files\Intel\WiFi\bin\;C:\Program Files\Common Files\Intel\WirelessCommon\;D:\XAMPP\php;C:\ProgramData\ComposerSetup\bin;C:\Program Files (x86)\Windows Kits\8.1\Windows Performance Toolkit\;C:\Program Files\Microsoft SQL Server\110\Tools\Binn\;C:\Program Files (x86)\Microsoft SDKs\TypeScript\1.0\;C:\Program Files\Microsoft SQL Server\120\Tools\Binn\;C:\Program Files (x86)\Skype\Phone\;C:\Program Files\nodejs\;C:\Program Files (x86)\Git\cmd;C:\Program Files\Ant\apache-ant-1.9.4\bin;C:\Program Files\Intel\WiFi\bin\;C:\Program Files\Common Files\Intel\WirelessCommon\;C:\Users\Chris\AppData\Roaming\npm;C:\Users\Chris\AppData\Local\.meteor\;D:\Spring\STS\sts-bundle\sts-3.7.0.RELEASE;
USERNAME=Chris
OS=Windows_NT
PROCESSOR_IDENTIFIER=Intel64 Family 6 Model 58 Stepping 9, GenuineIntel



---------------  S Y S T E M  ---------------

OS: Windows 10.0 , 64 bit Build 10240 (10.0.10240.16384)

CPU:total 8 (4 cores per cpu, 2 threads per core) family 6 model 58 stepping 9, cmov, cx8, fxsr, mmx, sse, sse2, sse3, ssse3, sse4.1, sse4.2, popcnt, avx, aes, clmul, erms, ht, tsc, tscinvbit, tscinv

Memory: 4k page, physical 8282680k(2265748k free), swap 18513760k(712k free)

vm_info: Java HotSpot(TM) 64-Bit Server VM (25.45-b02) for windows-amd64 JRE (1.8.0_45-b14), built on Apr 10 2015 10:34:15 by "java_re" with MS VC++ 10.0 (VS2010)

time: Thu Aug 20 00:58:32 2015
elapsed time: 1 seconds (0d 0h 0m 1s)

