#
# There is insufficient memory for the Java Runtime Environment to continue.
# Native memory allocation (malloc) failed to allocate 1048576 bytes for AllocateHeap
# Possible reasons:
#   The system is out of physical RAM or swap space
#   In 32 bit mode, the process size limit was hit
# Possible solutions:
#   Reduce memory load on the system
#   Increase physical memory or swap space
#   Check if swap backing store is full
#   Use 64 bit Java on a 64 bit OS
#   Decrease Java heap size (-Xmx/-Xms)
#   Decrease number of Java threads
#   Decrease Java thread stack sizes (-Xss)
#   Set larger code cache with -XX:ReservedCodeCacheSize=
# This output file may be truncated or incomplete.
#
#  Out of Memory Error (memory/allocation.inline.hpp:62), pid=9568, tid=7884
#
# JRE version:  (8.0_05-b13) (build )
# Java VM: Java HotSpot(TM) 64-Bit Server VM (25.5-b02 mixed mode windows-amd64 compressed oops)
# Failed to write core dump. Minidumps are not enabled by default on client versions of Windows
#

---------------  T H R E A D  ---------------

Current thread (0x00000000029b2800):  JavaThread "Unknown thread" [_thread_in_vm, id=7884, stack(0x00000000027b0000,0x00000000028b0000)]

Stack: [0x00000000027b0000,0x00000000028b0000]
Native frames: (J=compiled Java code, j=interpreted, Vv=VM code, C=native code)
V  [jvm.dll+0x308dea]
V  [jvm.dll+0x25def1]
V  [jvm.dll+0x25eb0f]
V  [jvm.dll+0x2564e5]
V  [jvm.dll+0x25553f]
V  [jvm.dll+0x3c732c]
V  [jvm.dll+0x3c29f7]
V  [jvm.dll+0xe2142]
V  [jvm.dll+0x1f1419]
V  [jvm.dll+0x2227c4]
V  [jvm.dll+0x149f71]
C  [java.exe+0x207a]
C  [java.exe+0xc99b]
C  [java.exe+0xca2f]
C  [KERNEL32.DLL+0x16ad]
C  [ntdll.dll+0x734a5]


---------------  P R O C E S S  ---------------

Java Threads: ( => current thread )

Other Threads:

=>0x00000000029b2800 (exited) JavaThread "Unknown thread" [_thread_in_vm, id=7884, stack(0x00000000027b0000,0x00000000028b0000)]

VM state:not at safepoint (normal execution)

VM Mutex/Monitor currently owned by a thread: None

Heap:
 PSYoungGen      total 1024K, used 20K [0x00000000d5d80000, 0x00000000d5f00000, 0x0000000100000000)
  eden space 512K, 4% used [0x00000000d5d80000,0x00000000d5d85288,0x00000000d5e00000)
  from space 512K, 0% used [0x00000000d5e80000,0x00000000d5e80000,0x00000000d5f00000)
  to   space 512K, 0% used [0x00000000d5e00000,0x00000000d5e00000,0x00000000d5e80000)
 ParOldGen       total 129536K, used 0K [0x0000000081800000, 0x0000000089680000, 0x00000000d5d80000)
  object space 129536K, 0% used [0x0000000081800000,0x0000000081800000,0x0000000089680000)
 Metaspace       used 673K, capacity 4480K, committed 4480K, reserved 1056768K
  class space    used 66K, capacity 384K, committed 384K, reserved 1048576K

Card table byte_map: [0x0000000011e70000,0x0000000012270000] byte_map_base: 0x0000000011a64000

Marking Bits: (ParMarkBitMap*) 0x000000005ae513b0
 Begin Bits: [0x0000000012d20000, 0x0000000014cc0000)
 End Bits:   [0x0000000014cc0000, 0x0000000016c60000)

Polling page: 0x0000000000f80000

CodeCache: size=245760Kb used=327Kb max_used=327Kb free=245432Kb
 bounds [0x0000000002ab0000, 0x0000000002d20000, 0x0000000011ab0000]
 total_blobs=56 nmethods=0 adapters=37
 compilation: enabled

Compilation events (0 events):
No events

GC Heap History (0 events):
No events

Deoptimization events (0 events):
No events

Internal exceptions (0 events):
No events

Events (10 events):
Event: 0.030 loading class java/lang/Short
Event: 0.030 loading class java/lang/Short done
Event: 0.030 loading class java/lang/Integer
Event: 0.030 loading class java/lang/Integer done
Event: 0.030 loading class java/lang/Long
Event: 0.030 loading class java/lang/Long done
Event: 0.031 loading class java/lang/NullPointerException
Event: 0.031 loading class java/lang/NullPointerException done
Event: 0.031 loading class java/lang/ArithmeticException
Event: 0.031 loading class java/lang/ArithmeticException done


Dynamic libraries:
0x00007ff6e91a0000 - 0x00007ff6e91d4000 	C:\Program Files\Java\jdk1.8.0_05\bin\java.exe
0x00007ffb9ed50000 - 0x00007ffb9eefa000 	C:\WINDOWS\SYSTEM32\ntdll.dll
0x00007ffb9e9b0000 - 0x00007ffb9eaea000 	C:\WINDOWS\system32\KERNEL32.DLL
0x00007ffb9c4c0000 - 0x00007ffb9c5cf000 	C:\WINDOWS\system32\KERNELBASE.dll
0x000000005ba50000 - 0x000000005badf000 	C:\Program Files\Bitdefender\Antivirus Free Edition\avc3\avc3_sig_252\avcuf64.dll
0x00007ffb9acf0000 - 0x00007ffb9ad78000 	C:\WINDOWS\system32\apphelp.dll
0x00007ffb926a0000 - 0x00007ffb926ef000 	C:\WINDOWS\AppPatch\AppPatch64\AcGenral.DLL
0x00007ffb9de10000 - 0x00007ffb9deb7000 	C:\WINDOWS\system32\msvcrt.dll
0x00007ffb9bf00000 - 0x00007ffb9bf2b000 	C:\WINDOWS\SYSTEM32\SspiCli.dll
0x00007ffb9c990000 - 0x00007ffb9c9e1000 	C:\WINDOWS\system32\SHLWAPI.dll
0x00007ffb9dec0000 - 0x00007ffb9e031000 	C:\WINDOWS\system32\USER32.dll
0x00007ffb9e790000 - 0x00007ffb9e908000 	C:\WINDOWS\system32\ole32.dll
0x00007ffb9c9f0000 - 0x00007ffb9de0f000 	C:\WINDOWS\system32\SHELL32.dll
0x00007ffb9b6d0000 - 0x00007ffb9b6ee000 	C:\WINDOWS\SYSTEM32\USERENV.dll
0x00007ffb9e6e0000 - 0x00007ffb9e785000 	C:\WINDOWS\system32\ADVAPI32.dll
0x00007ffb8ac50000 - 0x00007ffb8ac6b000 	C:\WINDOWS\SYSTEM32\MPR.dll
0x00007ffb9e5a0000 - 0x00007ffb9e6d7000 	C:\WINDOWS\system32\RPCRT4.dll
0x00007ffb9e360000 - 0x00007ffb9e3b7000 	C:\WINDOWS\SYSTEM32\sechost.dll
0x00007ffb9eb50000 - 0x00007ffb9ed26000 	C:\WINDOWS\SYSTEM32\combase.dll
0x00007ffb9e040000 - 0x00007ffb9e184000 	C:\WINDOWS\system32\GDI32.dll
0x00007ffb9c0c0000 - 0x00007ffb9c0d4000 	C:\WINDOWS\SYSTEM32\profapi.dll
0x00007ffb9a560000 - 0x00007ffb9a5ff000 	C:\WINDOWS\SYSTEM32\SHCORE.dll
0x00007ffb9c690000 - 0x00007ffb9c6c4000 	C:\WINDOWS\system32\IMM32.DLL
0x00007ffb9c840000 - 0x00007ffb9c979000 	C:\WINDOWS\system32\MSCTF.dll
0x00007ffb996c0000 - 0x00007ffb9991a000 	C:\WINDOWS\WinSxS\amd64_microsoft.windows.common-controls_6595b64144ccf1df_6.0.9600.17031_none_6242a4b3ecbb55a1\COMCTL32.dll
0x000000005a5c0000 - 0x000000005a692000 	C:\Program Files\Java\jdk1.8.0_05\jre\bin\msvcr100.dll
0x000000005a6a0000 - 0x000000005aeca000 	C:\Program Files\Java\jdk1.8.0_05\jre\bin\server\jvm.dll
0x00007ffb92330000 - 0x00007ffb92339000 	C:\WINDOWS\SYSTEM32\WSOCK32.dll
0x00007ffb960d0000 - 0x00007ffb960ef000 	C:\WINDOWS\SYSTEM32\WINMM.dll
0x00007ffb9e330000 - 0x00007ffb9e337000 	C:\WINDOWS\system32\PSAPI.DLL
0x00007ffb9eaf0000 - 0x00007ffb9eb48000 	C:\WINDOWS\system32\WS2_32.dll
0x00007ffb95fa0000 - 0x00007ffb95fca000 	C:\WINDOWS\SYSTEM32\WINMMBASE.dll
0x00007ffb9e340000 - 0x00007ffb9e349000 	C:\WINDOWS\system32\NSI.dll
0x00007ffb9c190000 - 0x00007ffb9c1da000 	C:\WINDOWS\SYSTEM32\cfgmgr32.dll
0x00007ffb9af40000 - 0x00007ffb9af66000 	C:\WINDOWS\SYSTEM32\DEVOBJ.dll
0x000000005afd0000 - 0x000000005afdf000 	C:\Program Files\Java\jdk1.8.0_05\jre\bin\verify.dll
0x000000005a550000 - 0x000000005a578000 	C:\Program Files\Java\jdk1.8.0_05\jre\bin\java.dll
0x000000005a530000 - 0x000000005a546000 	C:\Program Files\Java\jdk1.8.0_05\jre\bin\zip.dll
0x00007ffb9ab30000 - 0x00007ffb9acb8000 	C:\WINDOWS\SYSTEM32\dbghelp.dll

VM Arguments:
jvm_args: -Dfile.encoding=UTF-8 
java_command: com.nonconformance.rexam.StolleEntryMenu
java_class_path (initial): C:\Users\Chris\Documents\SPRING\Rexam3\bin\commons-beanutils-1.8.0.jar;C:\Users\Chris\Documents\SPRING\Rexam3\bin\commons-collections-3.2.1.jar;C:\Users\Chris\Documents\SPRING\Rexam3\bin\commons-digester-2.1.jar;C:\Users\Chris\Documents\SPRING\Rexam3\bin\commons-javaflow-20060411.jar;C:\Users\Chris\Documents\SPRING\Rexam3\commons-logging-1.1.1.jar;C:\Users\Chris\Documents\SPRING\Rexam3\src\groovy-all-2.0.1.jar;C:\Users\Chris\Documents\SPRING\Rexam3\src\iText-2.1.7.js2.jar;C:\Users\Chris\Documents\SPRING\Rexam3\src\png-encoder-1.5.jar;C:\Users\Chris\Documents\SPRING\Rexam3\src\poi-3.7-20101029.jar;C:\Users\Chris\Documents\SPRING\Rexam3\jasperreports-5.6.0.jar;C:\Users\Chris\Documents\SPRING\Rexam3\sqlite-jdbc4-3.8.2-SNAPSHOT.jar;C:\Users\Chris\Documents\SPRING\Rexam3\pdfbox-app-1.8.6.jar;C:\Users\Chris\Documents\SPRING\Rexam3\jdatepicker-1.3.2.jar;C:\Users\Chris\Documents\SPRING\Rexam4\Libraries\poi-3.10.1\poi-3.10.1-20140818.jar;C:\Users\Chris\Documents\SPRING\Rexam4\build\classes
Launcher Type: SUN_STANDARD

Environment Variables:
PATH=C:\ProgramData\Oracle\Java\javapath;C:\tools\jasperreports-5.0.1\dist\jasperreports-5.6.0.jar;C:\tools\jasperreports-5.6.0\lib;
USERNAME=Chris
OS=Windows_NT
PROCESSOR_IDENTIFIER=Intel64 Family 6 Model 58 Stepping 9, GenuineIntel



---------------  S Y S T E M  ---------------

OS: Windows 8.1 , 64 bit Build 9600 

CPU:total 8 (4 cores per cpu, 2 threads per core) family 6 model 58 stepping 9, cmov, cx8, fxsr, mmx, sse, sse2, sse3, ssse3, sse4.1, sse4.2, popcnt, avx, aes, clmul, erms, ht, tsc, tscinvbit

Memory: 4k page, physical 8282680k(2012060k free), swap 14927560k(4176k free)

vm_info: Java HotSpot(TM) 64-Bit Server VM (25.5-b02) for windows-amd64 JRE (1.8.0_05-b13), built on Mar 18 2014 01:08:39 by "java_re" with MS VC++ 10.0 (VS2010)

time: Tue Sep 16 13:54:25 2014
elapsed time: 0 seconds

