#
# A fatal error has been detected by the Java Runtime Environment:
#
#  EXCEPTION_ACCESS_VIOLATION (0xc0000005) at pc=0x000000005d5416c4, pid=8144, tid=3944
#
# JRE version: Java(TM) SE Runtime Environment (8.0_05-b13) (build 1.8.0_05-b13)
# Java VM: Java HotSpot(TM) 64-Bit Server VM (25.5-b02 mixed mode windows-amd64 compressed oops)
# Problematic frame:
# V  [jvm.dll+0x1316c4]
#
# Failed to write core dump. Minidumps are not enabled by default on client versions of Windows
#
# If you would like to submit a bug report, please visit:
#   http://bugreport.sun.com/bugreport/crash.jsp
#

---------------  T H R E A D  ---------------

Current thread (0x0000000019dae000):  JavaThread "AWT-EventQueue-0" [_thread_in_vm, id=3944, stack(0x000000001b5d0000,0x000000001b6d0000)]

siginfo: ExceptionCode=0xc0000005, reading address 0x0000000000000000

Registers:
RAX=0x0000000000000000, RBX=0x0000000019dae000, RCX=0x0000000000000e00, RDX=0x0000000000000000
RSP=0x000000001b6cc6d0, RBP=0x000000001b6cc850, RSI=0x0000000000000000, RDI=0x0000000000000000
R8 =0x0000000000000000, R9 =0x00000000d5ea9c80, R10=0x0000000000000028, R11=0x000000005dbb9230
R12=0x000000001a290ee8, R13=0x0000000000000000, R14=0x000000001b6cc850, R15=0x0000000019dae000
RIP=0x000000005d5416c4, EFLAGS=0x0000000000010202

Top of Stack: (sp=0x000000001b6cc6d0)
0x000000001b6cc6d0:   00000000165a8d88 0000000000000000
0x000000001b6cc6e0:   000000001b6cc710 000000001b6cc758
0x000000001b6cc6f0:   0000000019dae000 0000000000000000
0x000000001b6cc700:   0000000000000000 0000000000000002
0x000000001b6cc710:   0000000016914ca0 0000000000000000
0x000000001b6cc720:   0000000019dae1e0 000000006a8c2150
0x000000001b6cc730:   000000001b6cc850 0000000001ef7380
0x000000001b6cc740:   00000000165a90f8 0000000000000000
0x000000001b6cc750:   000000001b6cc768 000000001b6cc7c0
0x000000001b6cc760:   0000000001ef7380 0000000081925ff8
0x000000001b6cc770:   0000000016914ca8 0000000000000002
0x000000001b6cc780:   0000000001ef7380 000000001b6cc828
0x000000001b6cc790:   0000000000000000 0000000001f05c99
0x000000001b6cc7a0:   0000000000000000 000000001658dba0
0x000000001b6cc7b0:   0000000000000000 000000001b6cc7d0
0x000000001b6cc7c0:   000000001b6cc828 0000000001ef7380 

Instructions: (pc=0x000000005d5416c4)
0x000000005d5416a4:   89 5c 24 20 48 89 74 24 28 48 39 73 08 74 0a 48
0x000000005d5416b4:   8d 4c 24 20 e8 d3 a8 12 00 40 38 35 34 6c 67 00
0x000000005d5416c4:   48 8b 3f 48 63 05 0a e9 65 00 74 1b 8b 0c 38 85
0x000000005d5416d4:   c9 74 77 8b c1 8b 0d 69 1b 61 00 48 d3 e0 48 03 


Register to memory mapping:

RAX=0x0000000000000000 is an unknown value
RBX=0x0000000019dae000 is a thread
RCX=0x0000000000000e00 is an unknown value
RDX=0x0000000000000000 is an unknown value
RSP=0x000000001b6cc6d0 is pointing into the stack for thread: 0x0000000019dae000
RBP=0x000000001b6cc850 is pointing into the stack for thread: 0x0000000019dae000
RSI=0x0000000000000000 is an unknown value
RDI=0x0000000000000000 is an unknown value
R8 =0x0000000000000000 is an unknown value
R9 =0x00000000d5ea9c80 is an oop
org.sqlite.core.NativeDB 
 - klass: 'org/sqlite/core/NativeDB'
R10=0x0000000000000028 is an unknown value
R11=0x000000005dbb9230 is an unknown value
R12=0x000000001a290ee8 is an unknown value
R13=0x0000000000000000 is an unknown value
R14=0x000000001b6cc850 is pointing into the stack for thread: 0x0000000019dae000
R15=0x0000000019dae000 is a thread


Stack: [0x000000001b5d0000,0x000000001b6d0000],  sp=0x000000001b6cc6d0,  free space=1009k
Native frames: (J=compiled Java code, j=interpreted, Vv=VM code, C=native code)
V  [jvm.dll+0x1316c4]
C  [sqlite-3.8.2-amd64-sqlitejdbc.dll+0x2150]

Java frames: (J=compiled Java code, j=interpreted, Vv=VM code)
j  org.sqlite.core.NativeDB.prepare(Ljava/lang/String;)J+0
j  org.sqlite.core.DB.prepare(Lorg/sqlite/core/CoreStatement;)V+21
j  org.sqlite.jdbc3.JDBC3Statement.execute(Ljava/lang/String;)Z+35
j  com.database.rexam.SQLiteConnection.MaintenanceMachineOEEgetAverages(I)[I+272
j  com.maintenance.rexam.MachineOEE.setAverage(I)V+6
j  com.maintenance.rexam.MachineOEE$12.actionPerformed(Ljava/awt/event/ActionEvent;)V+2
j  javax.swing.AbstractButton.fireActionPerformed(Ljava/awt/event/ActionEvent;)V+83
j  javax.swing.AbstractButton$Handler.actionPerformed(Ljava/awt/event/ActionEvent;)V+5
j  javax.swing.DefaultButtonModel.fireActionPerformed(Ljava/awt/event/ActionEvent;)V+34
j  javax.swing.DefaultButtonModel.setPressed(Z)V+117
j  javax.swing.plaf.basic.BasicButtonListener.mouseReleased(Ljava/awt/event/MouseEvent;)V+35
j  java.awt.Component.processMouseEvent(Ljava/awt/event/MouseEvent;)V+64
j  javax.swing.JComponent.processMouseEvent(Ljava/awt/event/MouseEvent;)V+23
j  java.awt.Component.processEvent(Ljava/awt/AWTEvent;)V+81
j  java.awt.Container.processEvent(Ljava/awt/AWTEvent;)V+18
j  java.awt.Component.dispatchEventImpl(Ljava/awt/AWTEvent;)V+589
j  java.awt.Container.dispatchEventImpl(Ljava/awt/AWTEvent;)V+42
j  java.awt.Component.dispatchEvent(Ljava/awt/AWTEvent;)V+2
j  java.awt.LightweightDispatcher.retargetMouseEvent(Ljava/awt/Component;ILjava/awt/event/MouseEvent;)V+327
j  java.awt.LightweightDispatcher.processMouseEvent(Ljava/awt/event/MouseEvent;)Z+143
j  java.awt.LightweightDispatcher.dispatchEvent(Ljava/awt/AWTEvent;)Z+50
j  java.awt.Container.dispatchEventImpl(Ljava/awt/AWTEvent;)V+12
j  java.awt.Window.dispatchEventImpl(Ljava/awt/AWTEvent;)V+19
J 1468 C1 java.awt.EventQueue.dispatchEventImpl(Ljava/awt/AWTEvent;Ljava/lang/Object;)V (149 bytes) @ 0x0000000002378a74 [0x0000000002377440+0x1634]
J 1466 C1 java.awt.EventQueue$3.run()Ljava/lang/Void; (60 bytes) @ 0x000000000236fdbc [0x000000000236fbc0+0x1fc]
J 1465 C1 java.awt.EventQueue$3.run()Ljava/lang/Object; (5 bytes) @ 0x0000000002370484 [0x0000000002370400+0x84]
v  ~StubRoutines::call_stub
J 1019  java.security.AccessController.doPrivileged(Ljava/security/PrivilegedAction;Ljava/security/AccessControlContext;)Ljava/lang/Object; (0 bytes) @ 0x00000000022474a6 [0x0000000002247440+0x66]
J 1273 C1 java.security.ProtectionDomain$1.doIntersectionPrivilege(Ljava/security/PrivilegedAction;Ljava/security/AccessControlContext;Ljava/security/AccessControlContext;)Ljava/lang/Object; (32 bytes) @ 0x00000000022f294c [0x00000000022f2660+0x2ec]
j  java.security.ProtectionDomain$1.doIntersectionPrivilege(Ljava/security/PrivilegedAction;Ljava/security/AccessControlContext;)Ljava/lang/Object;+6
j  java.awt.EventQueue$4.run()Ljava/lang/Void;+11
j  java.awt.EventQueue$4.run()Ljava/lang/Object;+1
v  ~StubRoutines::call_stub
J 1019  java.security.AccessController.doPrivileged(Ljava/security/PrivilegedAction;Ljava/security/AccessControlContext;)Ljava/lang/Object; (0 bytes) @ 0x00000000022474a6 [0x0000000002247440+0x66]
J 1386 C1 java.awt.EventQueue.dispatchEvent(Ljava/awt/AWTEvent;)V (80 bytes) @ 0x00000000023425e4 [0x0000000002341a00+0xbe4]
J 1469 C1 java.awt.EventDispatchThread.pumpOneEventForFilters(I)V (295 bytes) @ 0x000000000237b7b4 [0x0000000002379cc0+0x1af4]
j  java.awt.EventDispatchThread.pumpEventsForFilter(ILjava/awt/Conditional;Ljava/awt/EventFilter;)V+35
j  java.awt.EventDispatchThread.pumpEventsForHierarchy(ILjava/awt/Conditional;Ljava/awt/Component;)V+11
j  java.awt.EventDispatchThread.pumpEvents(ILjava/awt/Conditional;)V+4
j  java.awt.EventDispatchThread.pumpEvents(Ljava/awt/Conditional;)V+3
j  java.awt.EventDispatchThread.run()V+9
v  ~StubRoutines::call_stub

---------------  P R O C E S S  ---------------

Java Threads: ( => current thread )
  0x0000000019ff0000 JavaThread "TimerQueue" daemon [_thread_blocked, id=2948, stack(0x000000001c370000,0x000000001c470000)]
  0x0000000001df0800 JavaThread "DestroyJavaVM" [_thread_blocked, id=120, stack(0x0000000001cf0000,0x0000000001df0000)]
=>0x0000000019dae000 JavaThread "AWT-EventQueue-0" [_thread_in_vm, id=3944, stack(0x000000001b5d0000,0x000000001b6d0000)]
  0x0000000019bf2800 JavaThread "AWT-Windows" daemon [_thread_in_native, id=7592, stack(0x000000001a950000,0x000000001aa50000)]
  0x0000000019bef800 JavaThread "AWT-Shutdown" [_thread_blocked, id=3012, stack(0x000000001a850000,0x000000001a950000)]
  0x0000000019bed000 JavaThread "Java2D Disposer" daemon [_thread_blocked, id=1596, stack(0x000000001a750000,0x000000001a850000)]
  0x0000000018f10800 JavaThread "Service Thread" daemon [_thread_blocked, id=5324, stack(0x0000000019850000,0x0000000019950000)]
  0x0000000018ed7000 JavaThread "C1 CompilerThread3" daemon [_thread_blocked, id=4824, stack(0x0000000019750000,0x0000000019850000)]
  0x0000000018ec3000 JavaThread "C2 CompilerThread2" daemon [_thread_blocked, id=3872, stack(0x0000000019650000,0x0000000019750000)]
  0x0000000018e7d800 JavaThread "C2 CompilerThread1" daemon [_thread_in_native, id=7312, stack(0x0000000019550000,0x0000000019650000)]
  0x0000000018e76800 JavaThread "C2 CompilerThread0" daemon [_thread_blocked, id=3040, stack(0x0000000019450000,0x0000000019550000)]
  0x0000000018e75000 JavaThread "Attach Listener" daemon [_thread_blocked, id=6504, stack(0x0000000019350000,0x0000000019450000)]
  0x0000000018e74800 JavaThread "Signal Dispatcher" daemon [_thread_blocked, id=168, stack(0x0000000019250000,0x0000000019350000)]
  0x0000000001ee8800 JavaThread "Finalizer" daemon [_thread_blocked, id=800, stack(0x0000000018d50000,0x0000000018e50000)]
  0x0000000001ee0000 JavaThread "Reference Handler" daemon [_thread_blocked, id=3964, stack(0x0000000018c50000,0x0000000018d50000)]

Other Threads:
  0x0000000016e89000 VMThread [stack: 0x0000000018b50000,0x0000000018c50000] [id=5688]
  0x0000000018f12800 WatcherThread [stack: 0x0000000019950000,0x0000000019a50000] [id=1912]

VM state:not at safepoint (normal execution)

VM Mutex/Monitor currently owned by a thread: None

Heap:
 PSYoungGen      total 8704K, used 1642K [0x00000000d5d80000, 0x00000000d6880000, 0x0000000100000000)
  eden space 6144K, 19% used [0x00000000d5d80000,0x00000000d5eb2aa8,0x00000000d6380000)
  from space 2560K, 16% used [0x00000000d6600000,0x00000000d6668000,0x00000000d6880000)
  to   space 2560K, 0% used [0x00000000d6380000,0x00000000d6380000,0x00000000d6600000)
 ParOldGen       total 129536K, used 6683K [0x0000000081800000, 0x0000000089680000, 0x00000000d5d80000)
  object space 129536K, 5% used [0x0000000081800000,0x0000000081e86e78,0x0000000089680000)
 Metaspace       used 14589K, capacity 14764K, committed 15104K, reserved 1062912K
  class space    used 1853K, capacity 1921K, committed 2048K, reserved 1048576K

Card table byte_map: [0x00000000112b0000,0x00000000116b0000] byte_map_base: 0x0000000010ea4000

Marking Bits: (ParMarkBitMap*) 0x000000005dbc13b0
 Begin Bits: [0x0000000012160000, 0x0000000014100000)
 End Bits:   [0x0000000014100000, 0x00000000160a0000)

Polling page: 0x00000000004f0000

CodeCache: size=245760Kb used=4697Kb max_used=4697Kb free=241062Kb
 bounds [0x0000000001ef0000, 0x0000000002390000, 0x0000000010ef0000]
 total_blobs=2047 nmethods=1491 adapters=469
 compilation: enabled

Compilation events (10 events):
Event: 3.629 Thread 0x0000000018ed7000 1484   !   3       sun.dc.pr.Rasterizer::getAlpha (76 bytes)
Event: 3.630 Thread 0x0000000018ed7000 nmethod 1484 0x0000000002385ad0 code [0x0000000002385d00, 0x0000000002386888]
Event: 3.630 Thread 0x0000000018ed7000 1485       3       sun.dc.pr.PathFiller::writeAlpha (10 bytes)
Event: 3.630 Thread 0x0000000018ed7000 nmethod 1485 0x00000000023870d0 code [0x0000000002387240, 0x00000000023873c8]
Event: 3.630 Thread 0x0000000018ed7000 1491       3       javax.swing.plaf.synth.SynthLookAndFeel::getSelectedUI (13 bytes)
Event: 3.630 Thread 0x0000000018ed7000 nmethod 1491 0x0000000002387490 code [0x0000000002387600, 0x0000000002387918]
Event: 3.630 Thread 0x0000000018ed7000 1490  s    3       sun.dc.DuctusRenderingEngine::getRasterizer (25 bytes)
Event: 3.631 Thread 0x0000000018ed7000 nmethod 1490 0x0000000002387a10 code [0x0000000002387b80, 0x0000000002387f48]
Event: 3.712 Thread 0x0000000018ed7000 1492       3       sun.reflect.UnsafeFieldAccessorImpl::ensureObj (23 bytes)
Event: 3.712 Thread 0x0000000018ed7000 nmethod 1492 0x0000000002388010 code [0x00000000023881e0, 0x00000000023889b8]

GC Heap History (10 events):
Event: 1.061 GC heap before
{Heap before GC invocations=8 (full 0):
 PSYoungGen      total 3072K, used 2784K [0x00000000d5d80000, 0x00000000d6380000, 0x0000000100000000)
  eden space 1536K, 100% used [0x00000000d5d80000,0x00000000d5f00000,0x00000000d5f00000)
  from space 1536K, 81% used [0x00000000d5f00000,0x00000000d6038000,0x00000000d6080000)
  to   space 1536K, 0% used [0x00000000d6200000,0x00000000d6200000,0x00000000d6380000)
 ParOldGen       total 129536K, used 1349K [0x0000000081800000, 0x0000000089680000, 0x00000000d5d80000)
  object space 129536K, 1% used [0x0000000081800000,0x00000000819514f8,0x0000000089680000)
 Metaspace       used 12790K, capacity 12936K, committed 13056K, reserved 1060864K
  class space    used 1659K, capacity 1723K, committed 1792K, reserved 1048576K
Event: 1.067 GC heap after
Heap after GC invocations=8 (full 0):
 PSYoungGen      total 4096K, used 1536K [0x00000000d5d80000, 0x00000000d6480000, 0x0000000100000000)
  eden space 2560K, 0% used [0x00000000d5d80000,0x00000000d5d80000,0x00000000d6000000)
  from space 1536K, 100% used [0x00000000d6200000,0x00000000d6380000,0x00000000d6380000)
  to   space 2048K, 0% used [0x00000000d6000000,0x00000000d6000000,0x00000000d6200000)
 ParOldGen       total 129536K, used 1605K [0x0000000081800000, 0x0000000089680000, 0x00000000d5d80000)
  object space 129536K, 1% used [0x0000000081800000,0x0000000081991598,0x0000000089680000)
 Metaspace       used 12790K, capacity 12936K, committed 13056K, reserved 1060864K
  class space    used 1659K, capacity 1723K, committed 1792K, reserved 1048576K
}
Event: 1.306 GC heap before
{Heap before GC invocations=9 (full 0):
 PSYoungGen      total 4096K, used 4088K [0x00000000d5d80000, 0x00000000d6480000, 0x0000000100000000)
  eden space 2560K, 99% used [0x00000000d5d80000,0x00000000d5ffe268,0x00000000d6000000)
  from space 1536K, 100% used [0x00000000d6200000,0x00000000d6380000,0x00000000d6380000)
  to   space 2048K, 0% used [0x00000000d6000000,0x00000000d6000000,0x00000000d6200000)
 ParOldGen       total 129536K, used 1605K [0x0000000081800000, 0x0000000089680000, 0x00000000d5d80000)
  object space 129536K, 1% used [0x0000000081800000,0x0000000081991598,0x0000000089680000)
 Metaspace       used 13961K, capacity 14106K, committed 14208K, reserved 1060864K
  class space    used 1813K, capacity 1854K, committed 1920K, reserved 1048576K
Event: 1.309 GC heap after
Heap after GC invocations=9 (full 0):
 PSYoungGen      total 4608K, used 2038K [0x00000000d5d80000, 0x00000000d6680000, 0x0000000100000000)
  eden space 2560K, 0% used [0x00000000d5d80000,0x00000000d5d80000,0x00000000d6000000)
  from space 2048K, 99% used [0x00000000d6000000,0x00000000d61fdb58,0x00000000d6200000)
  to   space 2560K, 0% used [0x00000000d6400000,0x00000000d6400000,0x00000000d6680000)
 ParOldGen       total 129536K, used 2722K [0x0000000081800000, 0x0000000089680000, 0x00000000d5d80000)
  object space 129536K, 2% used [0x0000000081800000,0x0000000081aa8b48,0x0000000089680000)
 Metaspace       used 13961K, capacity 14106K, committed 14208K, reserved 1060864K
  class space    used 1813K, capacity 1854K, committed 1920K, reserved 1048576K
}
Event: 1.459 GC heap before
{Heap before GC invocations=10 (full 0):
 PSYoungGen      total 4608K, used 4591K [0x00000000d5d80000, 0x00000000d6680000, 0x0000000100000000)
  eden space 2560K, 99% used [0x00000000d5d80000,0x00000000d5ffe120,0x00000000d6000000)
  from space 2048K, 99% used [0x00000000d6000000,0x00000000d61fdb58,0x00000000d6200000)
  to   space 2560K, 0% used [0x00000000d6400000,0x00000000d6400000,0x00000000d6680000)
 ParOldGen       total 129536K, used 2722K [0x0000000081800000, 0x0000000089680000, 0x00000000d5d80000)
  object space 129536K, 2% used [0x0000000081800000,0x0000000081aa8b48,0x0000000089680000)
 Metaspace       used 14213K, capacity 14330K, committed 14464K, reserved 1062912K
  class space    used 1843K, capacity 1886K, committed 1920K, reserved 1048576K
Event: 1.463 GC heap after
Heap after GC invocations=10 (full 0):
 PSYoungGen      total 6144K, used 1686K [0x00000000d5d80000, 0x00000000d6780000, 0x0000000100000000)
  eden space 3584K, 0% used [0x00000000d5d80000,0x00000000d5d80000,0x00000000d6100000)
  from space 2560K, 65% used [0x00000000d6400000,0x00000000d65a5b58,0x00000000d6680000)
  to   space 3072K, 0% used [0x00000000d6100000,0x00000000d6100000,0x00000000d6400000)
 ParOldGen       total 129536K, used 5781K [0x0000000081800000, 0x0000000089680000, 0x00000000d5d80000)
  object space 129536K, 4% used [0x0000000081800000,0x0000000081da5418,0x0000000089680000)
 Metaspace       used 14213K, capacity 14330K, committed 14464K, reserved 1062912K
  class space    used 1843K, capacity 1886K, committed 1920K, reserved 1048576K
}
Event: 2.700 GC heap before
{Heap before GC invocations=11 (full 0):
 PSYoungGen      total 6144K, used 5270K [0x00000000d5d80000, 0x00000000d6780000, 0x0000000100000000)
  eden space 3584K, 100% used [0x00000000d5d80000,0x00000000d6100000,0x00000000d6100000)
  from space 2560K, 65% used [0x00000000d6400000,0x00000000d65a5b58,0x00000000d6680000)
  to   space 3072K, 0% used [0x00000000d6100000,0x00000000d6100000,0x00000000d6400000)
 ParOldGen       total 129536K, used 5781K [0x0000000081800000, 0x0000000089680000, 0x00000000d5d80000)
  object space 129536K, 4% used [0x0000000081800000,0x0000000081da5418,0x0000000089680000)
 Metaspace       used 14413K, capacity 14540K, committed 14720K, reserved 1062912K
  class space    used 1850K, capacity 1889K, committed 1920K, reserved 1048576K
Event: 2.704 GC heap after
Heap after GC invocations=11 (full 0):
 PSYoungGen      total 6656K, used 832K [0x00000000d5d80000, 0x00000000d6880000, 0x0000000100000000)
  eden space 3584K, 0% used [0x00000000d5d80000,0x00000000d5d80000,0x00000000d6100000)
  from space 3072K, 27% used [0x00000000d6100000,0x00000000d61d0000,0x00000000d6400000)
  to   space 2560K, 0% used [0x00000000d6600000,0x00000000d6600000,0x00000000d6880000)
 ParOldGen       total 129536K, used 6096K [0x0000000081800000, 0x0000000089680000, 0x00000000d5d80000)
  object space 129536K, 4% used [0x0000000081800000,0x0000000081df4218,0x0000000089680000)
 Metaspace       used 14413K, capacity 14540K, committed 14720K, reserved 1062912K
  class space    used 1850K, capacity 1889K, committed 1920K, reserved 1048576K
}
Event: 2.987 GC heap before
{Heap before GC invocations=12 (full 0):
 PSYoungGen      total 6656K, used 4416K [0x00000000d5d80000, 0x00000000d6880000, 0x0000000100000000)
  eden space 3584K, 100% used [0x00000000d5d80000,0x00000000d6100000,0x00000000d6100000)
  from space 3072K, 27% used [0x00000000d6100000,0x00000000d61d0000,0x00000000d6400000)
  to   space 2560K, 0% used [0x00000000d6600000,0x00000000d6600000,0x00000000d6880000)
 ParOldGen       total 129536K, used 6096K [0x0000000081800000, 0x0000000089680000, 0x00000000d5d80000)
  object space 129536K, 4% used [0x0000000081800000,0x0000000081df4218,0x0000000089680000)
 Metaspace       used 14544K, capacity 14700K, committed 15104K, reserved 1062912K
  class space    used 1853K, capacity 1921K, committed 2048K, reserved 1048576K
Event: 2.990 GC heap after
Heap after GC invocations=12 (full 0):
 PSYoungGen      total 8704K, used 416K [0x00000000d5d80000, 0x00000000d6880000, 0x0000000100000000)
  eden space 6144K, 0% used [0x00000000d5d80000,0x00000000d5d80000,0x00000000d6380000)
  from space 2560K, 16% used [0x00000000d6600000,0x00000000d6668000,0x00000000d6880000)
  to   space 2560K, 0% used [0x00000000d6380000,0x00000000d6380000,0x00000000d6600000)
 ParOldGen       total 129536K, used 6683K [0x0000000081800000, 0x0000000089680000, 0x00000000d5d80000)
  object space 129536K, 5% used [0x0000000081800000,0x0000000081e86e78,0x0000000089680000)
 Metaspace       used 14544K, capacity 14700K, committed 15104K, reserved 1062912K
  class space    used 1853K, capacity 1921K, committed 2048K, reserved 1048576K
}

Deoptimization events (7 events):
Event: 0.403 Thread 0x0000000001df0800 Uncommon trap: reason=unloaded action=reinterpret pc=0x0000000002064064 method=org.sqlite.SQLiteJDBCLoader.md5sum(Ljava/io/InputStream;)Ljava/lang/String; @ 35
Event: 0.404 Thread 0x0000000001df0800 Uncommon trap: reason=unreached action=reinterpret pc=0x000000000205c6b0 method=sun.security.provider.DigestBase.engineUpdate(B)V @ 4
Event: 0.939 Thread 0x0000000001df0800 Uncommon trap: reason=unreached action=reinterpret pc=0x000000000210a3c8 method=java.util.HashMap.getNode(ILjava/lang/Object;)Ljava/util/HashMap$Node; @ 84
Event: 0.939 Thread 0x0000000001df0800 Uncommon trap: reason=unreached action=reinterpret pc=0x0000000002110f48 method=java.util.HashMap.getNode(ILjava/lang/Object;)Ljava/util/HashMap$Node; @ 84
Event: 1.038 Thread 0x0000000001df0800 Uncommon trap: reason=unreached action=reinterpret pc=0x00000000020fb6b0 method=java.util.HashMap.putVal(ILjava/lang/Object;Ljava/lang/Object;ZZ)Ljava/lang/Object; @ 109
Event: 1.038 Thread 0x0000000001df0800 Uncommon trap: reason=unreached action=reinterpret pc=0x00000000020ff6e8 method=java.util.HashMap.putVal(ILjava/lang/Object;Ljava/lang/Object;ZZ)Ljava/lang/Object; @ 109
Event: 1.055 Thread 0x0000000001df0800 Uncommon trap: reason=null_check action=make_not_entrant pc=0x0000000002142368 method=javax.swing.plaf.nimbus.DerivedColor.equals(Ljava/lang/Object;)Z @ 8

Internal exceptions (10 events):
Event: 2.597 Thread 0x0000000019dae000 Exception <a 'java/lang/ClassNotFoundException': ToolTip> (0x00000000d5f66ae8) thrown at [D:\re\workspace\8-2-build-windows-amd64-cygwin\jdk8u5\2488\hotspot\src\share\vm\classfile\systemDictionary.cpp, line 202]
Event: 2.597 Thread 0x0000000019dae000 Exception <a 'java/lang/ClassNotFoundException': Tree> (0x00000000d5f672b0) thrown at [D:\re\workspace\8-2-build-windows-amd64-cygwin\jdk8u5\2488\hotspot\src\share\vm\classfile\systemDictionary.cpp, line 202]
Event: 2.597 Thread 0x0000000019dae000 Exception <a 'java/lang/ClassNotFoundException': Tree> (0x00000000d5f67ae0) thrown at [D:\re\workspace\8-2-build-windows-amd64-cygwin\jdk8u5\2488\hotspot\src\share\vm\classfile\systemDictionary.cpp, line 202]
Event: 2.597 Thread 0x0000000019dae000 Exception <a 'java/lang/ClassNotFoundException': javax/swing/JTreeCell> (0x00000000d5f67f98) thrown at [D:\re\workspace\8-2-build-windows-amd64-cygwin\jdk8u5\2488\hotspot\src\share\vm\classfile\systemDictionary.cpp, line 202]
Event: 2.598 Thread 0x0000000019dae000 Exception <a 'java/lang/ClassNotFoundException': TreeCell> (0x00000000d5f685a8) thrown at [D:\re\workspace\8-2-build-windows-amd64-cygwin\jdk8u5\2488\hotspot\src\share\vm\classfile\systemDictionary.cpp, line 202]
Event: 2.598 Thread 0x0000000019dae000 Exception <a 'java/lang/ClassNotFoundException': RootPane> (0x00000000d5f68f00) thrown at [D:\re\workspace\8-2-build-windows-amd64-cygwin\jdk8u5\2488\hotspot\src\share\vm\classfile\systemDictionary.cpp, line 202]
Event: 2.602 Thread 0x0000000019dae000 Exception <a 'java/security/PrivilegedActionException'> (0x00000000d5f9a8a0) thrown at [D:\re\workspace\8-2-build-windows-amd64-cygwin\jdk8u5\2488\hotspot\src\share\vm\prims\jvm.cpp, line 1248]
Event: 2.603 Thread 0x0000000019dae000 Exception <a 'java/security/PrivilegedActionException'> (0x00000000d5f9d660) thrown at [D:\re\workspace\8-2-build-windows-amd64-cygwin\jdk8u5\2488\hotspot\src\share\vm\prims\jvm.cpp, line 1248]
Event: 2.604 Thread 0x0000000019dae000 Exception <a 'java/security/PrivilegedActionException'> (0x00000000d5fa1b30) thrown at [D:\re\workspace\8-2-build-windows-amd64-cygwin\jdk8u5\2488\hotspot\src\share\vm\prims\jvm.cpp, line 1248]
Event: 2.604 Thread 0x0000000019dae000 Exception <a 'java/security/PrivilegedActionException'> (0x00000000d5fa48e8) thrown at [D:\re\workspace\8-2-build-windows-amd64-cygwin\jdk8u5\2488\hotspot\src\share\vm\prims\jvm.cpp, line 1248]

Events (10 events):
Event: 2.829 loading class java/awt/LightweightDispatcher$2
Event: 2.829 loading class java/awt/LightweightDispatcher$2 done
Event: 2.845 Thread 0x0000000019dae000 DEOPT PACKING pc=0x00000000021d73da sp=0x000000001b6cb100
Event: 2.845 Thread 0x0000000019dae000 DEOPT UNPACKING pc=0x0000000001f37604 sp=0x000000001b6cae00 mode 0
Event: 2.849 Thread 0x0000000019dae000 DEOPT PACKING pc=0x00000000021d73da sp=0x000000001b6cb100
Event: 2.849 Thread 0x0000000019dae000 DEOPT UNPACKING pc=0x0000000001f37604 sp=0x000000001b6cae00 mode 0
Event: 2.857 Thread 0x0000000019dae000 DEOPT PACKING pc=0x00000000021d73da sp=0x000000001b6cb050
Event: 2.857 Thread 0x0000000019dae000 DEOPT UNPACKING pc=0x0000000001f37604 sp=0x000000001b6cad50 mode 0
Event: 2.986 Executing VM operation: ParallelGCFailedAllocation
Event: 2.990 Executing VM operation: ParallelGCFailedAllocation done


Dynamic libraries:
0x00007ff71cc70000 - 0x00007ff71cca4000 	C:\Program Files\Java\jdk1.8.0_05\bin\java.exe
0x00007fff07200000 - 0x00007fff073aa000 	C:\WINDOWS\SYSTEM32\ntdll.dll
0x00007fff06ad0000 - 0x00007fff06c0a000 	C:\WINDOWS\system32\KERNEL32.DLL
0x00007fff04970000 - 0x00007fff04a7f000 	C:\WINDOWS\system32\KERNELBASE.dll
0x000000005e970000 - 0x000000005ea02000 	C:\Program Files\Bitdefender\Antivirus Free Edition\avc3\avc3_sig_260\avcuf64.dll
0x00007fff03170000 - 0x00007fff031f8000 	C:\WINDOWS\system32\apphelp.dll
0x00007ffefabf0000 - 0x00007ffefac3f000 	C:\WINDOWS\AppPatch\AppPatch64\AcGenral.DLL
0x00007fff04e30000 - 0x00007fff04ed7000 	C:\WINDOWS\system32\msvcrt.dll
0x00007fff043b0000 - 0x00007fff043db000 	C:\WINDOWS\SYSTEM32\SspiCli.dll
0x00007fff06950000 - 0x00007fff069a1000 	C:\WINDOWS\system32\SHLWAPI.dll
0x00007fff04ee0000 - 0x00007fff05051000 	C:\WINDOWS\system32\USER32.dll
0x00007fff067d0000 - 0x00007fff06948000 	C:\WINDOWS\system32\ole32.dll
0x00007fff05210000 - 0x00007fff0662f000 	C:\WINDOWS\system32\SHELL32.dll
0x00007fff03b80000 - 0x00007fff03b9e000 	C:\WINDOWS\SYSTEM32\USERENV.dll
0x00007fff04d70000 - 0x00007fff04e15000 	C:\WINDOWS\system32\ADVAPI32.dll
0x00007ffef5c50000 - 0x00007ffef5c6b000 	C:\WINDOWS\SYSTEM32\MPR.dll
0x00007fff06630000 - 0x00007fff06767000 	C:\WINDOWS\system32\RPCRT4.dll
0x00007fff06a70000 - 0x00007fff06ac7000 	C:\WINDOWS\SYSTEM32\sechost.dll
0x00007fff04a80000 - 0x00007fff04c56000 	C:\WINDOWS\SYSTEM32\combase.dll
0x00007fff070b0000 - 0x00007fff071f4000 	C:\WINDOWS\system32\GDI32.dll
0x00007fff04570000 - 0x00007fff04584000 	C:\WINDOWS\SYSTEM32\profapi.dll
0x00007fff02800000 - 0x00007fff0289f000 	C:\WINDOWS\SYSTEM32\SHCORE.dll
0x00007fff04c70000 - 0x00007fff04ca4000 	C:\WINDOWS\system32\IMM32.DLL
0x00007fff06cb0000 - 0x00007fff06de9000 	C:\WINDOWS\system32\MSCTF.dll
0x00007fff01930000 - 0x00007fff01b8a000 	C:\WINDOWS\WinSxS\amd64_microsoft.windows.common-controls_6595b64144ccf1df_6.0.9600.17031_none_6242a4b3ecbb55a1\COMCTL32.dll
0x000000005d330000 - 0x000000005d402000 	C:\Program Files\Java\jdk1.8.0_05\jre\bin\msvcr100.dll
0x000000005d410000 - 0x000000005dc3a000 	C:\Program Files\Java\jdk1.8.0_05\jre\bin\server\jvm.dll
0x00007ffeff340000 - 0x00007ffeff349000 	C:\WINDOWS\SYSTEM32\WSOCK32.dll
0x00007ffefe580000 - 0x00007ffefe59f000 	C:\WINDOWS\SYSTEM32\WINMM.dll
0x00007fff05060000 - 0x00007fff05067000 	C:\WINDOWS\system32\PSAPI.DLL
0x00007fff07050000 - 0x00007fff070a8000 	C:\WINDOWS\system32\WS2_32.dll
0x00007ffefe450000 - 0x00007ffefe47a000 	C:\WINDOWS\SYSTEM32\WINMMBASE.dll
0x00007fff04e20000 - 0x00007fff04e29000 	C:\WINDOWS\system32\NSI.dll
0x00007fff046f0000 - 0x00007fff0473a000 	C:\WINDOWS\SYSTEM32\cfgmgr32.dll
0x00007fff03410000 - 0x00007fff03436000 	C:\WINDOWS\SYSTEM32\DEVOBJ.dll
0x000000005ea10000 - 0x000000005ea1f000 	C:\Program Files\Java\jdk1.8.0_05\jre\bin\verify.dll
0x000000005d2c0000 - 0x000000005d2e8000 	C:\Program Files\Java\jdk1.8.0_05\jre\bin\java.dll
0x000000005d2a0000 - 0x000000005d2b6000 	C:\Program Files\Java\jdk1.8.0_05\jre\bin\zip.dll
0x000000006a8c0000 - 0x000000006a976000 	C:\Users\Chris\AppData\Local\Temp\sqlite-3.8.2-amd64-sqlitejdbc.dll
0x000000005d0c0000 - 0x000000005d256000 	C:\Program Files\Java\jdk1.8.0_05\jre\bin\awt.dll
0x00007fff069b0000 - 0x00007fff06a67000 	C:\WINDOWS\system32\OLEAUT32.dll
0x00007fff032c0000 - 0x00007fff033e1000 	C:\WINDOWS\system32\uxtheme.dll
0x00007fff02630000 - 0x00007fff02650000 	C:\WINDOWS\system32\dwmapi.dll
0x00007fff03440000 - 0x00007fff0344a000 	C:\WINDOWS\SYSTEM32\kernel.appcore.dll
0x00007fff04440000 - 0x00007fff0444a000 	C:\WINDOWS\SYSTEM32\CRYPTBASE.dll
0x00007fff043e0000 - 0x00007fff04440000 	C:\WINDOWS\SYSTEM32\bcryptPrimitives.dll
0x000000005d070000 - 0x000000005d0b7000 	C:\Program Files\Java\jdk1.8.0_05\jre\bin\fontmanager.dll
0x000000005d280000 - 0x000000005d29a000 	C:\Program Files\Java\jdk1.8.0_05\jre\bin\net.dll
0x00007fff03dd0000 - 0x00007fff03e28000 	C:\WINDOWS\system32\mswsock.dll
0x000000005d260000 - 0x000000005d271000 	C:\Program Files\Java\jdk1.8.0_05\jre\bin\nio.dll
0x000000005d020000 - 0x000000005d061000 	C:\Program Files\Java\jdk1.8.0_05\jre\bin\t2k.dll
0x00007fff04cb0000 - 0x00007fff04d54000 	C:\WINDOWS\SYSTEM32\clbcatq.dll
0x00007fff01e30000 - 0x00007fff01fc3000 	C:\WINDOWS\SYSTEM32\WindowsCodecs.dll
0x00007fff03e30000 - 0x00007fff03e4e000 	C:\WINDOWS\SYSTEM32\CRYPTSP.dll
0x00007fff03a70000 - 0x00007fff03aa5000 	C:\WINDOWS\system32\rsaenh.dll
0x00007fff04060000 - 0x00007fff04086000 	C:\WINDOWS\SYSTEM32\bcrypt.dll
0x000000005cff0000 - 0x000000005d01a000 	C:\Program Files\Java\jdk1.8.0_05\jre\bin\dcpr.dll
0x00007fff02fe0000 - 0x00007fff03168000 	C:\WINDOWS\SYSTEM32\dbghelp.dll

VM Arguments:
jvm_args: -Dfile.encoding=UTF-8 
java_command: com.maintenance.rexam.MachineOEE
java_class_path (initial): C:\Users\Chris\Documents\SPRING\Rexam3\bin\commons-beanutils-1.8.0.jar;C:\Users\Chris\Documents\SPRING\Rexam3\bin\commons-collections-3.2.1.jar;C:\Users\Chris\Documents\SPRING\Rexam3\bin\commons-digester-2.1.jar;C:\Users\Chris\Documents\SPRING\Rexam3\bin\commons-javaflow-20060411.jar;C:\Users\Chris\Documents\SPRING\Rexam3\commons-logging-1.1.1.jar;C:\Users\Chris\Documents\SPRING\Rexam3\src\groovy-all-2.0.1.jar;C:\Users\Chris\Documents\SPRING\Rexam3\src\iText-2.1.7.js2.jar;C:\Users\Chris\Documents\SPRING\Rexam3\src\png-encoder-1.5.jar;C:\Users\Chris\Documents\SPRING\Rexam3\src\poi-3.7-20101029.jar;C:\Users\Chris\Documents\SPRING\Rexam3\jasperreports-5.6.0.jar;C:\Users\Chris\Documents\SPRING\Rexam3\sqlite-jdbc4-3.8.2-SNAPSHOT.jar;C:\Users\Chris\Documents\SPRING\Rexam3\pdfbox-app-1.8.6.jar;C:\Users\Chris\Documents\SPRING\Rexam3\jdatepicker-1.3.2.jar;C:\Users\Chris\Documents\SPRING\Rexam4\Libraries\poi-3.10.1\poi-3.10.1-20140818.jar;C:\Users\Chris\Documents\SPRING\Rexam4\build\classes
Launcher Type: SUN_STANDARD

Environment Variables:
PATH=C:\ProgramData\Oracle\Java\javapath;C:\tools\jasperreports-5.0.1\dist\jasperreports-5.6.0.jar;C:\tools\jasperreports-5.6.0\lib;
USERNAME=Chris
OS=Windows_NT
PROCESSOR_IDENTIFIER=Intel64 Family 6 Model 58 Stepping 9, GenuineIntel



---------------  S Y S T E M  ---------------

OS: Windows 8.1 , 64 bit Build 9600 

CPU:total 8 (4 cores per cpu, 2 threads per core) family 6 model 58 stepping 9, cmov, cx8, fxsr, mmx, sse, sse2, sse3, ssse3, sse4.1, sse4.2, popcnt, avx, aes, clmul, erms, ht, tsc, tscinvbit

Memory: 4k page, physical 8282680k(3676028k free), swap 20865592k(13312392k free)

vm_info: Java HotSpot(TM) 64-Bit Server VM (25.5-b02) for windows-amd64 JRE (1.8.0_05-b13), built on Mar 18 2014 01:08:39 by "java_re" with MS VC++ 10.0 (VS2010)

time: Wed Oct 01 10:08:21 2014
elapsed time: 3 seconds

